<?xml version="1.0" encoding="UTF-8"?>
<robot generator="Robot 7.2.2 (Python 3.9.6 on darwin)" generated="2025-05-26T18:53:35.197013" rpa="false" schemaversion="5">
<suite id="s1" name="Tests All" source="/Users/cas/PycharmProjects/Documentos-Repo/Documentos/RestFulBooker/tests/tests_all.robot">
<test id="s1-t1" name="Sessão autenticada com atatus HTTP 200" line="14">
<kw name="Printando retorno do status" owner="Auth">
<kw name="Criando sessao e obtendo token" owner="_base">
<kw name="Create Session" owner="RequestsLibrary">
<msg time="2025-05-26T18:53:35.273372" level="INFO">Creating Session using : alias=BookerAPI, url=https://restful-booker.herokuapp.com, headers={},                     cookies={}, auth=None, timeout=None, proxies=None, verify=False,                     debug=0 </msg>
<arg>BookerAPI</arg>
<arg>${BASE_URL}</arg>
<doc>Create Session: create a HTTP session to a server</doc>
<status status="PASS" start="2025-05-26T18:53:35.273287" elapsed="0.000180"/>
</kw>
<kw name="Create Dictionary" owner="BuiltIn">
<msg time="2025-05-26T18:53:35.273718" level="INFO">${body} = {'username': 'admin', 'password': 'password123'}</msg>
<var>${body}</var>
<arg>username=${USERNAME}</arg>
<arg>password=${PASSWORD}</arg>
<doc>Creates and returns a dictionary based on the given ``items``.</doc>
<status status="PASS" start="2025-05-26T18:53:35.273548" elapsed="0.000184"/>
</kw>
<kw name="POST On Session" owner="RequestsLibrary">
<msg time="2025-05-26T18:53:35.928950" level="INFO">POST Request : url=https://restful-booker.herokuapp.com/auth 
 path_url=/auth 
 headers={'User-Agent': 'python-requests/2.32.3', 'Accept-Encoding': 'gzip, deflate', 'Accept': '*/*', 'Connection': 'keep-alive', 'Content-Length': '48', 'Content-Type': 'application/json'} 
 body=b'{"username": "admin", "password": "password123"}' 
 </msg>
<msg time="2025-05-26T18:53:35.929459" level="INFO">POST Response : url=https://restful-booker.herokuapp.com/auth 
 status=200, reason=OK 
 headers={'Content-Length': '27', 'Content-Type': 'application/json; charset=utf-8', 'Date': 'Mon, 26 May 2025 21:53:36 GMT', 'Etag': 'W/"1b-Vse9DVo4iV6rG4lPtSLWzgdfuXQ"', 'Nel': '{"report_to":"heroku-nel","response_headers":["Via"],"max_age":3600,"success_fraction":0.01,"failure_fraction":0.1}', 'Report-To': '{"group":"heroku-nel","endpoints":[{"url":"https://nel.heroku.com/reports?s=3B9UADKcucEoNdz%2F5NzxvSQwJaMo4E%2FWHIha1sHWp9w%3D\\u0026sid=c46efe9b-d3d2-4a0c-8c76-bfafa16c5add\\u0026ts=1748296416"}],"max_age":3600}', 'Reporting-Endpoints': 'heroku-nel="https://nel.heroku.com/reports?s=3B9UADKcucEoNdz%2F5NzxvSQwJaMo4E%2FWHIha1sHWp9w%3D&amp;sid=c46efe9b-d3d2-4a0c-8c76-bfafa16c5add&amp;ts=1748296416"', 'Server': 'Heroku', 'Via': '1.1 heroku-router', 'X-Powered-By': 'Express'} 
 body={"token":"5f4dac7977caffe"} 
 </msg>
<msg time="2025-05-26T18:53:35.930072" level="INFO">${response} = &lt;Response [200]&gt;</msg>
<var>${response}</var>
<arg>BookerAPI</arg>
<arg>/auth</arg>
<arg>json=${body}</arg>
<doc>Sends a POST request on a previously created HTTP Session.</doc>
<status status="PASS" start="2025-05-26T18:53:35.273799" elapsed="0.656381"/>
</kw>
<kw name="Should Be Equal As Integers" owner="BuiltIn">
<msg time="2025-05-26T18:53:35.931992" level="INFO">Argument types are:
&lt;class 'int'&gt;
&lt;class 'str'&gt;</msg>
<arg>${response.status_code}</arg>
<arg>200</arg>
<doc>Fails if objects are unequal after converting them to integers.</doc>
<status status="PASS" start="2025-05-26T18:53:35.930778" elapsed="0.001345"/>
</kw>
<kw name="Dictionary Should Contain Key" owner="Collections">
<arg>${response.json()}</arg>
<arg>token</arg>
<doc>Fails if ``key`` is not found from ``dictionary``.</doc>
<status status="PASS" start="2025-05-26T18:53:35.932408" elapsed="0.000845"/>
</kw>
<kw name="Get From Dictionary" owner="Collections">
<msg time="2025-05-26T18:53:35.934145" level="INFO">${token} = 5f4dac7977caffe</msg>
<var>${token}</var>
<arg>${response.json()}</arg>
<arg>token</arg>
<doc>Returns a value from the given ``dictionary`` based on the given ``key``.</doc>
<status status="PASS" start="2025-05-26T18:53:35.933473" elapsed="0.000706"/>
</kw>
<kw name="Set Variable" owner="BuiltIn">
<msg time="2025-05-26T18:53:35.934854" level="INFO">${status} = 200</msg>
<var>${status}</var>
<arg>${response.status_code}</arg>
<doc>Returns the given values which can then be assigned to a variables.</doc>
<status status="PASS" start="2025-05-26T18:53:35.934348" elapsed="0.000538"/>
</kw>
<return>
<value>${status}</value>
<value>${token}</value>
<status status="PASS" start="2025-05-26T18:53:35.934966" elapsed="0.000086"/>
</return>
<msg time="2025-05-26T18:53:35.935331" level="INFO">${status} = 200</msg>
<msg time="2025-05-26T18:53:35.935383" level="INFO">${token} = 5f4dac7977caffe</msg>
<var>${status}</var>
<var>${token}</var>
<status status="PASS" start="2025-05-26T18:53:35.272993" elapsed="0.662420"/>
</kw>
<if>
<branch type="IF" condition="${status} == 200">
<kw name="Log To Console" owner="BuiltIn">
<arg>${EMPTY}</arg>
<doc>Logs the given message to the console.</doc>
<status status="PASS" start="2025-05-26T18:53:35.936128" elapsed="0.000996"/>
</kw>
<kw name="Log To Console" owner="BuiltIn">
<arg>&gt;&gt;&gt; Login realizado com sucesso. Status: ${status}</arg>
<doc>Logs the given message to the console.</doc>
<status status="PASS" start="2025-05-26T18:53:35.937384" elapsed="0.000292"/>
</kw>
<status status="PASS" start="2025-05-26T18:53:35.935590" elapsed="0.002159"/>
</branch>
<branch type="ELSE">
<kw name="Log To Console" owner="BuiltIn">
<arg>&gt;&gt;&gt; Falha no login.</arg>
<doc>Logs the given message to the console.</doc>
<status status="NOT RUN" start="2025-05-26T18:53:35.938011" elapsed="0.000030"/>
</kw>
<status status="NOT RUN" start="2025-05-26T18:53:35.937816" elapsed="0.000274"/>
</branch>
<status status="PASS" start="2025-05-26T18:53:35.935534" elapsed="0.002586"/>
</if>
<status status="PASS" start="2025-05-26T18:53:35.272756" elapsed="0.665453"/>
</kw>
<status status="PASS" start="2025-05-26T18:53:35.272327" elapsed="0.666118"/>
</test>
<test id="s1-t2" name="Token de cesso Gerado com Sucesso" line="16">
<kw name="Printando retorno do token" owner="Auth">
<kw name="Criando sessao e obtendo token" owner="_base">
<kw name="Create Session" owner="RequestsLibrary">
<msg time="2025-05-26T18:53:35.940801" level="INFO">Creating Session using : alias=BookerAPI, url=https://restful-booker.herokuapp.com, headers={},                     cookies={}, auth=None, timeout=None, proxies=None, verify=False,                     debug=0 </msg>
<arg>BookerAPI</arg>
<arg>${BASE_URL}</arg>
<doc>Create Session: create a HTTP session to a server</doc>
<status status="PASS" start="2025-05-26T18:53:35.940567" elapsed="0.000505"/>
</kw>
<kw name="Create Dictionary" owner="BuiltIn">
<msg time="2025-05-26T18:53:35.941720" level="INFO">${body} = {'username': 'admin', 'password': 'password123'}</msg>
<var>${body}</var>
<arg>username=${USERNAME}</arg>
<arg>password=${PASSWORD}</arg>
<doc>Creates and returns a dictionary based on the given ``items``.</doc>
<status status="PASS" start="2025-05-26T18:53:35.941281" elapsed="0.000479"/>
</kw>
<kw name="POST On Session" owner="RequestsLibrary">
<msg time="2025-05-26T18:53:36.407242" level="INFO">POST Request : url=https://restful-booker.herokuapp.com/auth 
 path_url=/auth 
 headers={'User-Agent': 'python-requests/2.32.3', 'Accept-Encoding': 'gzip, deflate', 'Accept': '*/*', 'Connection': 'keep-alive', 'Content-Length': '48', 'Content-Type': 'application/json'} 
 body=b'{"username": "admin", "password": "password123"}' 
 </msg>
<msg time="2025-05-26T18:53:36.407535" level="INFO">POST Response : url=https://restful-booker.herokuapp.com/auth 
 status=200, reason=OK 
 headers={'Content-Length': '27', 'Content-Type': 'application/json; charset=utf-8', 'Date': 'Mon, 26 May 2025 21:53:36 GMT', 'Etag': 'W/"1b-klQZqocjMdiN4uLNGkhuLJyI0jI"', 'Nel': '{"report_to":"heroku-nel","response_headers":["Via"],"max_age":3600,"success_fraction":0.01,"failure_fraction":0.1}', 'Report-To': '{"group":"heroku-nel","endpoints":[{"url":"https://nel.heroku.com/reports?s=3B9UADKcucEoNdz%2F5NzxvSQwJaMo4E%2FWHIha1sHWp9w%3D\\u0026sid=c46efe9b-d3d2-4a0c-8c76-bfafa16c5add\\u0026ts=1748296416"}],"max_age":3600}', 'Reporting-Endpoints': 'heroku-nel="https://nel.heroku.com/reports?s=3B9UADKcucEoNdz%2F5NzxvSQwJaMo4E%2FWHIha1sHWp9w%3D&amp;sid=c46efe9b-d3d2-4a0c-8c76-bfafa16c5add&amp;ts=1748296416"', 'Server': 'Heroku', 'Via': '1.1 heroku-router', 'X-Powered-By': 'Express'} 
 body={"token":"b12dc6ccdd4814b"} 
 </msg>
<msg time="2025-05-26T18:53:36.408077" level="INFO">${response} = &lt;Response [200]&gt;</msg>
<var>${response}</var>
<arg>BookerAPI</arg>
<arg>/auth</arg>
<arg>json=${body}</arg>
<doc>Sends a POST request on a previously created HTTP Session.</doc>
<status status="PASS" start="2025-05-26T18:53:35.941957" elapsed="0.466213"/>
</kw>
<kw name="Should Be Equal As Integers" owner="BuiltIn">
<msg time="2025-05-26T18:53:36.409556" level="INFO">Argument types are:
&lt;class 'int'&gt;
&lt;class 'str'&gt;</msg>
<arg>${response.status_code}</arg>
<arg>200</arg>
<doc>Fails if objects are unequal after converting them to integers.</doc>
<status status="PASS" start="2025-05-26T18:53:36.408702" elapsed="0.000956"/>
</kw>
<kw name="Dictionary Should Contain Key" owner="Collections">
<arg>${response.json()}</arg>
<arg>token</arg>
<doc>Fails if ``key`` is not found from ``dictionary``.</doc>
<status status="PASS" start="2025-05-26T18:53:36.409888" elapsed="0.000777"/>
</kw>
<kw name="Get From Dictionary" owner="Collections">
<msg time="2025-05-26T18:53:36.411639" level="INFO">${token} = b12dc6ccdd4814b</msg>
<var>${token}</var>
<arg>${response.json()}</arg>
<arg>token</arg>
<doc>Returns a value from the given ``dictionary`` based on the given ``key``.</doc>
<status status="PASS" start="2025-05-26T18:53:36.410893" elapsed="0.000790"/>
</kw>
<kw name="Set Variable" owner="BuiltIn">
<msg time="2025-05-26T18:53:36.412565" level="INFO">${status} = 200</msg>
<var>${status}</var>
<arg>${response.status_code}</arg>
<doc>Returns the given values which can then be assigned to a variables.</doc>
<status status="PASS" start="2025-05-26T18:53:36.411895" elapsed="0.000712"/>
</kw>
<return>
<value>${status}</value>
<value>${token}</value>
<status status="PASS" start="2025-05-26T18:53:36.412691" elapsed="0.000059"/>
</return>
<msg time="2025-05-26T18:53:36.413030" level="INFO">${status} = 200</msg>
<msg time="2025-05-26T18:53:36.413100" level="INFO">${token} = b12dc6ccdd4814b</msg>
<var>${status}</var>
<var>${token}</var>
<status status="PASS" start="2025-05-26T18:53:35.940199" elapsed="0.472940"/>
</kw>
<if>
<branch type="IF" condition="&quot;${token}&quot; != &quot;null&quot;">
<kw name="Log To Console" owner="BuiltIn">
<arg>${EMPTY}</arg>
<doc>Logs the given message to the console.</doc>
<status status="PASS" start="2025-05-26T18:53:36.413566" elapsed="0.000689"/>
</kw>
<kw name="Log To Console" owner="BuiltIn">
<arg>&gt;&gt;&gt; Token obtido com sucesso: ${token}</arg>
<doc>Logs the given message to the console.</doc>
<status status="PASS" start="2025-05-26T18:53:36.414405" elapsed="0.000188"/>
</kw>
<status status="PASS" start="2025-05-26T18:53:36.413265" elapsed="0.001372"/>
</branch>
<branch type="ELSE">
<kw name="Log To Console" owner="BuiltIn">
<arg>&gt;&gt;&gt; Falha no login.</arg>
<doc>Logs the given message to the console.</doc>
<status status="NOT RUN" start="2025-05-26T18:53:36.414807" elapsed="0.000024"/>
</kw>
<status status="NOT RUN" start="2025-05-26T18:53:36.414670" elapsed="0.000200"/>
</branch>
<status status="PASS" start="2025-05-26T18:53:36.413230" elapsed="0.001665"/>
</if>
<status status="PASS" start="2025-05-26T18:53:35.939696" elapsed="0.475262"/>
</kw>
<status status="PASS" start="2025-05-26T18:53:35.938797" elapsed="0.476346"/>
</test>
<test id="s1-t3" name="Listando bookings" line="18">
<kw name="GET GetBookingIds" owner="GetBookingIds">
<kw name="Criando sessao e obtendo token" owner="_base">
<kw name="Create Session" owner="RequestsLibrary">
<msg time="2025-05-26T18:53:36.417622" level="INFO">Creating Session using : alias=BookerAPI, url=https://restful-booker.herokuapp.com, headers={},                     cookies={}, auth=None, timeout=None, proxies=None, verify=False,                     debug=0 </msg>
<arg>BookerAPI</arg>
<arg>${BASE_URL}</arg>
<doc>Create Session: create a HTTP session to a server</doc>
<status status="PASS" start="2025-05-26T18:53:36.417221" elapsed="0.000630"/>
</kw>
<kw name="Create Dictionary" owner="BuiltIn">
<msg time="2025-05-26T18:53:36.418437" level="INFO">${body} = {'username': 'admin', 'password': 'password123'}</msg>
<var>${body}</var>
<arg>username=${USERNAME}</arg>
<arg>password=${PASSWORD}</arg>
<doc>Creates and returns a dictionary based on the given ``items``.</doc>
<status status="PASS" start="2025-05-26T18:53:36.418043" elapsed="0.000431"/>
</kw>
<kw name="POST On Session" owner="RequestsLibrary">
<msg time="2025-05-26T18:53:36.884513" level="INFO">POST Request : url=https://restful-booker.herokuapp.com/auth 
 path_url=/auth 
 headers={'User-Agent': 'python-requests/2.32.3', 'Accept-Encoding': 'gzip, deflate', 'Accept': '*/*', 'Connection': 'keep-alive', 'Content-Length': '48', 'Content-Type': 'application/json'} 
 body=b'{"username": "admin", "password": "password123"}' 
 </msg>
<msg time="2025-05-26T18:53:36.884880" level="INFO">POST Response : url=https://restful-booker.herokuapp.com/auth 
 status=200, reason=OK 
 headers={'Content-Length': '27', 'Content-Type': 'application/json; charset=utf-8', 'Date': 'Mon, 26 May 2025 21:53:36 GMT', 'Etag': 'W/"1b-baj2aT1vhifTvmrqFnih3FqzCZU"', 'Nel': '{"report_to":"heroku-nel","response_headers":["Via"],"max_age":3600,"success_fraction":0.01,"failure_fraction":0.1}', 'Report-To': '{"group":"heroku-nel","endpoints":[{"url":"https://nel.heroku.com/reports?s=3B9UADKcucEoNdz%2F5NzxvSQwJaMo4E%2FWHIha1sHWp9w%3D\\u0026sid=c46efe9b-d3d2-4a0c-8c76-bfafa16c5add\\u0026ts=1748296416"}],"max_age":3600}', 'Reporting-Endpoints': 'heroku-nel="https://nel.heroku.com/reports?s=3B9UADKcucEoNdz%2F5NzxvSQwJaMo4E%2FWHIha1sHWp9w%3D&amp;sid=c46efe9b-d3d2-4a0c-8c76-bfafa16c5add&amp;ts=1748296416"', 'Server': 'Heroku', 'Via': '1.1 heroku-router', 'X-Powered-By': 'Express'} 
 body={"token":"4dc0a9e7aafb3a9"} 
 </msg>
<msg time="2025-05-26T18:53:36.885418" level="INFO">${response} = &lt;Response [200]&gt;</msg>
<var>${response}</var>
<arg>BookerAPI</arg>
<arg>/auth</arg>
<arg>json=${body}</arg>
<doc>Sends a POST request on a previously created HTTP Session.</doc>
<status status="PASS" start="2025-05-26T18:53:36.418633" elapsed="0.466892"/>
</kw>
<kw name="Should Be Equal As Integers" owner="BuiltIn">
<msg time="2025-05-26T18:53:36.887682" level="INFO">Argument types are:
&lt;class 'int'&gt;
&lt;class 'str'&gt;</msg>
<arg>${response.status_code}</arg>
<arg>200</arg>
<doc>Fails if objects are unequal after converting them to integers.</doc>
<status status="PASS" start="2025-05-26T18:53:36.886304" elapsed="0.001490"/>
</kw>
<kw name="Dictionary Should Contain Key" owner="Collections">
<arg>${response.json()}</arg>
<arg>token</arg>
<doc>Fails if ``key`` is not found from ``dictionary``.</doc>
<status status="PASS" start="2025-05-26T18:53:36.888018" elapsed="0.000792"/>
</kw>
<kw name="Get From Dictionary" owner="Collections">
<msg time="2025-05-26T18:53:36.889947" level="INFO">${token} = 4dc0a9e7aafb3a9</msg>
<var>${token}</var>
<arg>${response.json()}</arg>
<arg>token</arg>
<doc>Returns a value from the given ``dictionary`` based on the given ``key``.</doc>
<status status="PASS" start="2025-05-26T18:53:36.889020" elapsed="0.000984"/>
</kw>
<kw name="Set Variable" owner="BuiltIn">
<msg time="2025-05-26T18:53:36.890979" level="INFO">${status} = 200</msg>
<var>${status}</var>
<arg>${response.status_code}</arg>
<doc>Returns the given values which can then be assigned to a variables.</doc>
<status status="PASS" start="2025-05-26T18:53:36.890256" elapsed="0.000766"/>
</kw>
<return>
<value>${status}</value>
<value>${token}</value>
<status status="PASS" start="2025-05-26T18:53:36.891208" elapsed="0.000065"/>
</return>
<msg time="2025-05-26T18:53:36.891552" level="INFO">${auth_status} = 200</msg>
<msg time="2025-05-26T18:53:36.891619" level="INFO">${auth_token} = 4dc0a9e7aafb3a9</msg>
<var>${auth_status}</var>
<var>${auth_token}</var>
<status status="PASS" start="2025-05-26T18:53:36.416894" elapsed="0.474761"/>
</kw>
<try>
<branch type="TRY">
<kw name="GET On Session" owner="RequestsLibrary">
<msg time="2025-05-26T18:53:37.123143" level="INFO">GET Request : url=https://restful-booker.herokuapp.com/booking 
 path_url=/booking 
 headers={'User-Agent': 'python-requests/2.32.3', 'Accept-Encoding': 'gzip, deflate', 'Accept': '*/*', 'Connection': 'keep-alive'} 
 body=None 
 </msg>
<msg time="2025-05-26T18:53:37.123686" level="INFO">GET Response : url=https://restful-booker.herokuapp.com/booking 
 status=200, reason=OK 
 headers={'Content-Length': '17872', 'Content-Type': 'application/json; charset=utf-8', 'Date': 'Mon, 26 May 2025 21:53:37 GMT', 'Etag': 'W/"45d0-w/KqlZi51m0LWkOlJ8gIXOB6ebQ"', 'Nel': '{"report_to":"heroku-nel","response_headers":["Via"],"max_age":3600,"success_fraction":0.01,"failure_fraction":0.1}', 'Report-To': '{"group":"heroku-nel","endpoints":[{"url":"https://nel.heroku.com/reports?s=7RozaDEiOOoGylbs6kk%2BeD6XYKGo1guuaz%2F87Me%2FyfY%3D\\u0026sid=c46efe9b-d3d2-4a0c-8c76-bfafa16c5add\\u0026ts=1748296417"}],"max_age":3600}', 'Reporting-Endpoints': 'heroku-nel="https://nel.heroku.com/reports?s=7RozaDEiOOoGylbs6kk%2BeD6XYKGo1guuaz%2F87Me%2FyfY%3D&amp;sid=c46efe9b-d3d2-4a0c-8c76-bfafa16c5add&amp;ts=1748296417"', 'Server': 'Heroku', 'Via': '1.1 heroku-router', 'X-Powered-By': 'Express'} 
 body=[{"bookingid":229},{"bookingid":596},{"bookingid":1043},{"bookingid":732},{"bookingid":462},{"bookingid":583},{"bookingid":467},{"bookingid":752},{"bookingid":993},{"bookingid":476},{"bookingid":954},{"bookingid":977},{"bookingid":232},{"bookingid":926},{"bookingid":1197},{"bookingid":258},{"bookingid":775},{"bookingid":1156},{"bookingid":890},{"bookingid":851},{"bookingid":920},{"bookingid":111},{"bookingid":671},{"bookingid":220},{"bookingid":930},{"bookingid":286},{"bookingid":1295},{"bookingid":778},{"bookingid":316},{"bookingid":1183},{"bookingid":602},{"bookingid":371},{"bookingid":843},{"bookingid":730},{"bookingid":334},{"bookingid":382},{"bookingid":93},{"bookingid":626},{"bookingid":413},{"bookingid":1400},{"bookingid":409},{"bookingid":347},{"bookingid":31},{"bookingid":1286},{"bookingid":57},{"bookingid":619},{"bookingid":956},{"bookingid":355},{"bookingid":403},{"bookingid":819},{"bookingid":806},{"bookingid":1253},{"bookingid":53},{"bookingid":990},{"bookingid":453},{"bookingid":874},{"bookingid":684},{"bookingid":30},{"bookingid":420},{"bookingid":1219},{"bookingid":102},{"bookingid":772},{"bookingid":501},{"bookingid":60},{"bookingid":857},{"bookingid":298},{"bookingid":28},{"bookingid":893},{"bookingid":796},{"bookingid":21},{"bookingid":1055},{"bookingid":599},{"bookingid":91},{"bookingid":438},{"bookingid":593},{"bookingid":1023},{"bookingid":471},{"bookingid":1276},{"bookingid":1200},{"bookingid":1360},{"bookingid":821},{"bookingid":1149},{"bookingid":906},{"bookingid":1289},{"bookingid":1001},{"bookingid":742},{"bookingid":1049},{"bookingid":685},{"bookingid":54},{"bookingid":631},{"bookingid":541},{"bookingid":1275},{"bookingid":1181},{"bookingid":1000},{"bookingid":38},{"bookingid":480},{"bookingid":1146},{"bookingid":165},{"bookingid":48},{"bookingid":1108},{"bookingid":252},{"bookingid":85},{"bookingid":779},{"bookingid":1343},{"bookingid":1067},{"bookingid":795},{"bookingid":196},{"bookingid":1206},{"bookingid":1218},{"bookingid":559},{"bookingid":1204},{"bookingid":73},{"bookingid":49},{"bookingid":300},{"bookingid":667},{"bookingid":570},{"bookingid":1028},{"bookingid":1391},{"bookingid":800},{"bookingid":1394},{"bookingid":668},{"bookingid":1127},{"bookingid":427},{"bookingid":1012},{"bookingid":611},{"bookingid":1281},{"bookingid":36},{"bookingid":296},{"bookingid":1374},{"bookingid":342},{"bookingid":482},{"bookingid":606},{"bookingid":875},{"bookingid":586},{"bookingid":842},{"bookingid":1211},{"bookingid":1176},{"bookingid":709},{"bookingid":1030},{"bookingid":711},{"bookingid":530},{"bookingid":683},{"bookingid":34},{"bookingid":363},{"bookingid":11},{"bookingid":928},{"bookingid":665},{"bookingid":443},{"bookingid":992},{"bookingid":986},{"bookingid":195},{"bookingid":717},{"bookingid":938},{"bookingid":1340},{"bookingid":965},{"bookingid":511},{"bookingid":68},{"bookingid":488},{"bookingid":1348},{"bookingid":771},{"bookingid":865},{"bookingid":1229},{"bookingid":332},{"bookingid":1052},{"bookingid":1172},{"bookingid":1090},{"bookingid":329},{"bookingid":641},{"bookingid":1290},{"bookingid":814},{"bookingid":1032},{"bookingid":916},{"bookingid":405},{"bookingid":900},{"bookingid":335},{"bookingid":891},{"bookingid":738},{"bookingid":1251},{"bookingid":727},{"bookingid":142},{"bookingid":261},{"bookingid":1150},{"bookingid":5},{"bookingid":847},{"bookingid":962},{"bookingid":268},{"bookingid":189},{"bookingid":105},{"bookingid":539},{"bookingid":794},{"bookingid":392},{"bookingid":702},{"bookingid":245},{"bookingid":676},{"bookingid":754},{"bookingid":818},{"bookingid":412},{"bookingid":1385},{"bookingid":1038},{"bookingid":1120},{"bookingid":1167},{"bookingid":141},{"bookingid":410},{"bookingid":793},{"bookingid":1069},{"bookingid":1088},{"bookingid":269},{"bookingid":1015},{"bookingid":788},{"bookingid":1263},{"bookingid":575},{"bookingid":545},{"bookingid":1039},{"bookingid":337},{"bookingid":1328},{"bookingid":1344},{"bookingid":50},{"bookingid":984},{"bookingid":173},{"bookingid":442},{"bookingid":171},{"bookingid":267},{"bookingid":390},{"bookingid":1104},{"bookingid":83},{"bookingid":600},{"bookingid":110},{"bookingid":397},{"bookingid":313},{"bookingid":817},{"bookingid":871},{"bookingid":846},{"bookingid":1216},{"bookingid":1299},{"bookingid":1283},{"bookingid":429},{"bookingid":341},{"bookingid":284},{"bookingid":1031},{"bookingid":170},{"bookingid":492},{"bookingid":24},{"bookingid":274},{"bookingid":948},{"bookingid":1077},{"bookingid":968},{"bookingid":936},{"bookingid":82},{"bookingid":156},{"bookingid":271},{"bookingid":1331},{"bookingid":751},{"bookingid":650},{"bookingid":1113},{"bookingid":406},{"bookingid":799},{"bookingid":723},{"bookingid":524},{"bookingid":554},{"bookingid":175},{"bookingid":17},{"bookingid":883},{"bookingid":223},{"bookingid":422},{"bookingid":1003},{"bookingid":238},{"bookingid":247},{"bookingid":162},{"bookingid":1073},{"bookingid":1354},{"bookingid":1406},{"bookingid":1284},{"bookingid":580},{"bookingid":1099},{"bookingid":982},{"bookingid":233},{"bookingid":563},{"bookingid":527},{"bookingid":1413},{"bookingid":1401},{"bookingid":383},{"bookingid":597},{"bookingid":1014},{"bookingid":76},{"bookingid":646},{"bookingid":129},{"bookingid":1323},{"bookingid":118},{"bookingid":768},{"bookingid":70},{"bookingid":581},{"bookingid":224},{"bookingid":569},{"bookingid":47},{"bookingid":321},{"bookingid":133},{"bookingid":1345},{"bookingid":1356},{"bookingid":1199},{"bookingid":239},{"bookingid":1300},{"bookingid":351},{"bookingid":565},{"bookingid":1277},{"bookingid":700},{"bookingid":766},{"bookingid":234},{"bookingid":1368},{"bookingid":212},{"bookingid":1141},{"bookingid":1071},{"bookingid":912},{"bookingid":138},{"bookingid":1362},{"bookingid":1191},{"bookingid":1240},{"bookingid":154},{"bookingid":444},{"bookingid":1187},{"bookingid":1100},{"bookingid":1119},{"bookingid":637},{"bookingid":1151},{"bookingid":433},{"bookingid":748},{"bookingid":896},{"bookingid":41},{"bookingid":749},{"bookingid":689},{"bookingid":829},{"bookingid":1215},{"bookingid":513},{"bookingid":172},{"bookingid":56},{"bookingid":719},{"bookingid":1129},{"bookingid":885},{"bookingid":838},{"bookingid":39},{"bookingid":1239},{"bookingid":1054},{"bookingid":542},{"bookingid":276},{"bookingid":404},{"bookingid":601},{"bookingid":929},{"bookingid":964},{"bookingid":587},{"bookingid":1196},{"bookingid":244},{"bookingid":130},{"bookingid":353},{"bookingid":923},{"bookingid":1261},{"bookingid":146},{"bookingid":431},{"bookingid":1404},{"bookingid":811},{"bookingid":136},{"bookingid":1266},{"bookingid":953},{"bookingid":568},{"bookingid":219},{"bookingid":19},{"bookingid":228},{"bookingid":1278},{"bookingid":897},{"bookingid":688},{"bookingid":612},{"bookingid":1046},{"bookingid":876},{"bookingid":380},{"bookingid":139},{"bookingid":1185},{"bookingid":692},{"bookingid":945},{"bookingid":598},{"bookingid":707},{"bookingid":7},{"bookingid":340},{"bookingid":1237},{"bookingid":1079},{"bookingid":290},{"bookingid":25},{"bookingid":706},{"bookingid":356},{"bookingid":1418},{"bookingid":862},{"bookingid":10},{"bookingid":855},{"bookingid":1087},{"bookingid":643},{"bookingid":494},{"bookingid":365},{"bookingid":804},{"bookingid":520},{"bookingid":635},{"bookingid":642},{"bookingid":889},{"bookingid":86},{"bookingid":1225},{"bookingid":904},{"bookingid":256},{"bookingid":854},{"bookingid":464},{"bookingid":1373},{"bookingid":266},{"bookingid":1353},{"bookingid":674},{"bookingid":657},{"bookingid":190},{"bookingid":63},{"bookingid":959},{"bookingid":610},{"bookingid":27},{"bookingid":616},{"bookingid":187},{"bookingid":32},{"bookingid":713},{"bookingid":1341},{"bookingid":1063},{"bookingid":830},{"bookingid":391},{"bookingid":460},{"bookingid":762},{"bookingid":1152},{"bookingid":1371},{"bookingid":377},{"bookingid":860},{"bookingid":352},{"bookingid":449},{"bookingid":967},{"bookingid":40},{"bookingid":336},{"bookingid":922},{"bookingid":759},{"bookingid":385},{"bookingid":8},{"bookingid":1337},{"bookingid":1410},{"bookingid":509},{"bookingid":1355},{"bookingid":240},{"bookingid":1109},{"bookingid":304},{"bookingid":419},{"bookingid":1194},{"bookingid":528},{"bookingid":436},{"bookingid":193},{"bookingid":911},{"bookingid":647},{"bookingid":1305},{"bookingid":823},{"bookingid":90},{"bookingid":202},{"bookingid":1203},{"bookingid":61},{"bookingid":1062},{"bookingid":803},{"bookingid":1042},{"bookingid":35},{"bookingid":1326},{"bookingid":1235},{"bookingid":1007},{"bookingid":1247},{"bookingid":163},{"bookingid":1392},{"bookingid":1367},{"bookingid":458},{"bookingid":1147},{"bookingid":623},{"bookingid":859},{"bookingid":572},{"bookingid":1396},{"bookingid":538},{"bookingid":1125},{"bookingid":1081},{"bookingid":361},{"bookingid":617},{"bookingid":613},{"bookingid":1096},{"bookingid":1254},{"bookingid":461},{"bookingid":1327},{"bookingid":1395},{"bookingid":331},{"bookingid":395},{"bookingid":218},{"bookingid":194},{"bookingid":832},{"bookingid":1223},{"bookingid":389},{"bookingid":140},{"bookingid":465},{"bookingid":1102},{"bookingid":59},{"bookingid":995},{"bookingid":763},{"bookingid":744},{"bookingid":396},{"bookingid":950},{"bookingid":722},{"bookingid":260},{"bookingid":1338},{"bookingid":1351},{"bookingid":861},{"bookingid":1173},{"bookingid":185},{"bookingid":634},{"bookingid":1320},{"bookingid":1324},{"bookingid":1274},{"bookingid":3},{"bookingid":374},{"bookingid":343},{"bookingid":1214},{"bookingid":127},{"bookingid":850},{"bookingid":484},{"bookingid":555},{"bookingid":931},{"bookingid":486},{"bookingid":213},{"bookingid":399},{"bookingid":1267},{"bookingid":248},{"bookingid":164},{"bookingid":328},{"bookingid":1165},{"bookingid":996},{"bookingid":1139},{"bookingid":1025},{"bookingid":678},{"bookingid":1192},{"bookingid":160},{"bookingid":607},{"bookingid":696},{"bookingid":69},{"bookingid":1280},{"bookingid":1186},{"bookingid":51},{"bookingid":680},{"bookingid":1379},{"bookingid":287},{"bookingid":1159},{"bookingid":1101},{"bookingid":636},{"bookingid":791},{"bookingid":... (set the log level to DEBUG or TRACE to see the full content) 
 </msg>
<msg time="2025-05-26T18:53:37.124802" level="INFO">${response} = &lt;Response [200]&gt;</msg>
<var>${response}</var>
<arg>BookerAPI</arg>
<arg>/booking</arg>
<doc>Sends a GET request on a previously created HTTP Session.</doc>
<status status="PASS" start="2025-05-26T18:53:36.891983" elapsed="0.232930"/>
</kw>
<kw name="Set Variable" owner="BuiltIn">
<msg time="2025-05-26T18:53:37.127835" level="INFO">${status_code} = 200</msg>
<var>${status_code}</var>
<arg>${response.status_code}</arg>
<doc>Returns the given values which can then be assigned to a variables.</doc>
<status status="PASS" start="2025-05-26T18:53:37.125772" elapsed="0.002153"/>
</kw>
<status status="PASS" start="2025-05-26T18:53:36.891802" elapsed="0.236313"/>
</branch>
<branch type="EXCEPT" assign="${error}">
<kw name="Log To Console" owner="BuiltIn">
<arg>&gt;&gt;&gt; Erro na requisição: ${error}</arg>
<doc>Logs the given message to the console.</doc>
<status status="NOT RUN" start="2025-05-26T18:53:37.128458" elapsed="0.000038"/>
</kw>
<return>
<value>500</value>
<status status="NOT RUN" start="2025-05-26T18:53:37.128565" elapsed="0.000023"/>
</return>
<status status="NOT RUN" start="2025-05-26T18:53:37.128221" elapsed="0.000407"/>
</branch>
<status status="PASS" start="2025-05-26T18:53:36.891742" elapsed="0.236931"/>
</try>
<if>
<branch type="IF" condition="${status_code} == 200">
<kw name="Set Variable" owner="BuiltIn">
<msg time="2025-05-26T18:53:37.131120" level="INFO">${booking_ids} = [{'bookingid': 229}, {'bookingid': 596}, {'bookingid': 1043}, {'bookingid': 732}, {'bookingid': 462}, {'bookingid': 583}, {'bookingid': 467}, {'bookingid': 752}, {'bookingid': 993}, {'bookingid': 476}...</msg>
<var>${booking_ids}</var>
<arg>${response.json()}</arg>
<doc>Returns the given values which can then be assigned to a variables.</doc>
<status status="PASS" start="2025-05-26T18:53:37.129132" elapsed="0.002035"/>
</kw>
<kw name="Get Length" owner="BuiltIn">
<msg time="2025-05-26T18:53:37.131560" level="INFO">Length is 982.</msg>
<msg time="2025-05-26T18:53:37.131668" level="INFO">${count} = 982</msg>
<var>${count}</var>
<arg>${booking_ids}</arg>
<doc>Returns and logs the length of the given item as an integer.</doc>
<status status="PASS" start="2025-05-26T18:53:37.131365" elapsed="0.000338"/>
</kw>
<kw name="Log To Console" owner="BuiltIn">
<arg>${EMPTY}</arg>
<doc>Logs the given message to the console.</doc>
<status status="PASS" start="2025-05-26T18:53:37.131882" elapsed="0.000747"/>
</kw>
<kw name="Log To Console" owner="BuiltIn">
<arg>&gt;&gt;&gt; Reservas obtidas com sucesso. Status: ${status_code}</arg>
<doc>Logs the given message to the console.</doc>
<status status="PASS" start="2025-05-26T18:53:37.132809" elapsed="0.000241"/>
</kw>
<return>
<value>${booking_ids}</value>
<status status="PASS" start="2025-05-26T18:53:37.133118" elapsed="0.000046"/>
</return>
<status status="PASS" start="2025-05-26T18:53:37.128787" elapsed="0.004426"/>
</branch>
<branch type="ELSE IF" condition="${status_code} == 404">
<kw name="Log To Console" owner="BuiltIn">
<arg>&gt;&gt;&gt; Nenhuma reserva encontrada no sistema. Status: ${status_code}</arg>
<doc>Logs the given message to the console.</doc>
<status status="NOT RUN" start="2025-05-26T18:53:37.133424" elapsed="0.000983"/>
</kw>
<return>
<value>${EMPTY}</value>
<status status="NOT RUN" start="2025-05-26T18:53:37.134469" elapsed="0.000020"/>
</return>
<status status="NOT RUN" start="2025-05-26T18:53:37.133253" elapsed="0.001270"/>
</branch>
<branch type="ELSE">
<kw name="Log To Console" owner="BuiltIn">
<arg>&gt;&gt;&gt; Falha ao buscar reservas. Status: ${status_code}. Verifique a disponibilidade do serviço.</arg>
<doc>Logs the given message to the console.</doc>
<status status="NOT RUN" start="2025-05-26T18:53:37.134688" elapsed="0.000023"/>
</kw>
<return>
<value>${status_code}</value>
<status status="NOT RUN" start="2025-05-26T18:53:37.134761" elapsed="0.000016"/>
</return>
<status status="NOT RUN" start="2025-05-26T18:53:37.134550" elapsed="0.000257"/>
</branch>
<status status="PASS" start="2025-05-26T18:53:37.128750" elapsed="0.006083"/>
</if>
<tag>booking</tag>
<tag>get</tag>
<tag>ids</tag>
<doc>Obtém a lista de IDs de todas as reservas disponíveis no sistema.</doc>
<status status="PASS" start="2025-05-26T18:53:36.416418" elapsed="0.718552"/>
</kw>
<status status="PASS" start="2025-05-26T18:53:36.415458" elapsed="0.719723"/>
</test>
<test id="s1-t4" name="Buscando bookings por ID" line="20">
<kw name="Set Variable" owner="BuiltIn">
<msg time="2025-05-26T18:53:37.136034" level="INFO">${booking_id} = 1</msg>
<var>${booking_id}</var>
<arg>1</arg>
<doc>Returns the given values which can then be assigned to a variables.</doc>
<status status="PASS" start="2025-05-26T18:53:37.135838" elapsed="0.000232"/>
</kw>
<kw name="GET GetBooking" owner="GetBooking">
<if>
<branch type="IF" condition="&quot;${booking_id}&quot; == &quot;${EMPTY}&quot; or &quot;${booking_id}&quot; == &quot;${None}&quot;">
<kw name="Log To Console" owner="BuiltIn">
<arg>&gt;&gt;&gt; Erro: ID da reserva não pode ser vazio</arg>
<doc>Logs the given message to the console.</doc>
<status status="NOT RUN" start="2025-05-26T18:53:37.137619" elapsed="0.000027"/>
</kw>
<return>
<value>${None}</value>
<status status="NOT RUN" start="2025-05-26T18:53:37.137703" elapsed="0.000017"/>
</return>
<status status="NOT RUN" start="2025-05-26T18:53:37.136899" elapsed="0.000853"/>
</branch>
<status status="PASS" start="2025-05-26T18:53:37.136874" elapsed="0.000905"/>
</if>
<kw name="Criando sessao e obtendo token" owner="_base">
<kw name="Create Session" owner="RequestsLibrary">
<msg time="2025-05-26T18:53:37.138450" level="INFO">Creating Session using : alias=BookerAPI, url=https://restful-booker.herokuapp.com, headers={},                     cookies={}, auth=None, timeout=None, proxies=None, verify=False,                     debug=0 </msg>
<arg>BookerAPI</arg>
<arg>${BASE_URL}</arg>
<doc>Create Session: create a HTTP session to a server</doc>
<status status="PASS" start="2025-05-26T18:53:37.138278" elapsed="0.000382"/>
</kw>
<kw name="Create Dictionary" owner="BuiltIn">
<msg time="2025-05-26T18:53:37.139174" level="INFO">${body} = {'username': 'admin', 'password': 'password123'}</msg>
<var>${body}</var>
<arg>username=${USERNAME}</arg>
<arg>password=${PASSWORD}</arg>
<doc>Creates and returns a dictionary based on the given ``items``.</doc>
<status status="PASS" start="2025-05-26T18:53:37.138829" elapsed="0.000378"/>
</kw>
<kw name="POST On Session" owner="RequestsLibrary">
<msg time="2025-05-26T18:53:37.631946" level="INFO">POST Request : url=https://restful-booker.herokuapp.com/auth 
 path_url=/auth 
 headers={'User-Agent': 'python-requests/2.32.3', 'Accept-Encoding': 'gzip, deflate', 'Accept': '*/*', 'Connection': 'keep-alive', 'Content-Length': '48', 'Content-Type': 'application/json'} 
 body=b'{"username": "admin", "password": "password123"}' 
 </msg>
<msg time="2025-05-26T18:53:37.632267" level="INFO">POST Response : url=https://restful-booker.herokuapp.com/auth 
 status=200, reason=OK 
 headers={'Content-Length': '27', 'Content-Type': 'application/json; charset=utf-8', 'Date': 'Mon, 26 May 2025 21:53:37 GMT', 'Etag': 'W/"1b-ecZztrIwrJjBErmj/t4pezme/Fc"', 'Nel': '{"report_to":"heroku-nel","response_headers":["Via"],"max_age":3600,"success_fraction":0.01,"failure_fraction":0.1}', 'Report-To': '{"group":"heroku-nel","endpoints":[{"url":"https://nel.heroku.com/reports?s=7RozaDEiOOoGylbs6kk%2BeD6XYKGo1guuaz%2F87Me%2FyfY%3D\\u0026sid=c46efe9b-d3d2-4a0c-8c76-bfafa16c5add\\u0026ts=1748296417"}],"max_age":3600}', 'Reporting-Endpoints': 'heroku-nel="https://nel.heroku.com/reports?s=7RozaDEiOOoGylbs6kk%2BeD6XYKGo1guuaz%2F87Me%2FyfY%3D&amp;sid=c46efe9b-d3d2-4a0c-8c76-bfafa16c5add&amp;ts=1748296417"', 'Server': 'Heroku', 'Via': '1.1 heroku-router', 'X-Powered-By': 'Express'} 
 body={"token":"15315077a1e774a"} 
 </msg>
<msg time="2025-05-26T18:53:37.632723" level="INFO">${response} = &lt;Response [200]&gt;</msg>
<var>${response}</var>
<arg>BookerAPI</arg>
<arg>/auth</arg>
<arg>json=${body}</arg>
<doc>Sends a POST request on a previously created HTTP Session.</doc>
<status status="PASS" start="2025-05-26T18:53:37.139360" elapsed="0.493438"/>
</kw>
<kw name="Should Be Equal As Integers" owner="BuiltIn">
<msg time="2025-05-26T18:53:37.635012" level="INFO">Argument types are:
&lt;class 'int'&gt;
&lt;class 'str'&gt;</msg>
<arg>${response.status_code}</arg>
<arg>200</arg>
<doc>Fails if objects are unequal after converting them to integers.</doc>
<status status="PASS" start="2025-05-26T18:53:37.633659" elapsed="0.001489"/>
</kw>
<kw name="Dictionary Should Contain Key" owner="Collections">
<arg>${response.json()}</arg>
<arg>token</arg>
<doc>Fails if ``key`` is not found from ``dictionary``.</doc>
<status status="PASS" start="2025-05-26T18:53:37.635515" elapsed="0.001540"/>
</kw>
<kw name="Get From Dictionary" owner="Collections">
<msg time="2025-05-26T18:53:37.638335" level="INFO">${token} = 15315077a1e774a</msg>
<var>${token}</var>
<arg>${response.json()}</arg>
<arg>token</arg>
<doc>Returns a value from the given ``dictionary`` based on the given ``key``.</doc>
<status status="PASS" start="2025-05-26T18:53:37.637380" elapsed="0.001006"/>
</kw>
<kw name="Set Variable" owner="BuiltIn">
<msg time="2025-05-26T18:53:37.639422" level="INFO">${status} = 200</msg>
<var>${status}</var>
<arg>${response.status_code}</arg>
<doc>Returns the given values which can then be assigned to a variables.</doc>
<status status="PASS" start="2025-05-26T18:53:37.638645" elapsed="0.000819"/>
</kw>
<return>
<value>${status}</value>
<value>${token}</value>
<status status="PASS" start="2025-05-26T18:53:37.639570" elapsed="0.000105"/>
</return>
<status status="PASS" start="2025-05-26T18:53:37.137987" elapsed="0.501964"/>
</kw>
<kw name="Create Dictionary" owner="BuiltIn">
<msg time="2025-05-26T18:53:37.640682" level="INFO">&amp;{headers} = { Accept=application/json }</msg>
<var>&amp;{headers}</var>
<arg>Accept=application/json</arg>
<doc>Creates and returns a dictionary based on the given ``items``.</doc>
<status status="PASS" start="2025-05-26T18:53:37.640210" elapsed="0.000528"/>
</kw>
<kw name="GET On Session" owner="RequestsLibrary">
<msg time="2025-05-26T18:53:37.760035" level="INFO">GET Request : url=https://restful-booker.herokuapp.com/booking/1 
 path_url=/booking/1 
 headers={'User-Agent': 'python-requests/2.32.3', 'Accept-Encoding': 'gzip, deflate', 'Accept': 'application/json', 'Connection': 'keep-alive'} 
 body=None 
 </msg>
<msg time="2025-05-26T18:53:37.760462" level="INFO">GET Response : url=https://restful-booker.herokuapp.com/booking/1 
 status=200, reason=OK 
 headers={'Content-Length': '172', 'Content-Type': 'application/json; charset=utf-8', 'Date': 'Mon, 26 May 2025 21:53:37 GMT', 'Etag': 'W/"ac-LeNZ5BqmYwcnEb7Pv2b10NyKeeA"', 'Nel': '{"report_to":"heroku-nel","response_headers":["Via"],"max_age":3600,"success_fraction":0.01,"failure_fraction":0.1}', 'Report-To': '{"group":"heroku-nel","endpoints":[{"url":"https://nel.heroku.com/reports?s=7RozaDEiOOoGylbs6kk%2BeD6XYKGo1guuaz%2F87Me%2FyfY%3D\\u0026sid=c46efe9b-d3d2-4a0c-8c76-bfafa16c5add\\u0026ts=1748296417"}],"max_age":3600}', 'Reporting-Endpoints': 'heroku-nel="https://nel.heroku.com/reports?s=7RozaDEiOOoGylbs6kk%2BeD6XYKGo1guuaz%2F87Me%2FyfY%3D&amp;sid=c46efe9b-d3d2-4a0c-8c76-bfafa16c5add&amp;ts=1748296417"', 'Server': 'Heroku', 'Via': '1.1 heroku-router', 'X-Powered-By': 'Express'} 
 body={"firstname":"Eric","lastname":"Jackson","totalprice":830,"depositpaid":false,"bookingdates":{"checkin":"2016-05-26","checkout":"2021-12-22"},"additionalneeds":"Breakfast"} 
 </msg>
<msg time="2025-05-26T18:53:37.761013" level="INFO">${response} = &lt;Response [200]&gt;</msg>
<var>${response}</var>
<arg>BookerAPI</arg>
<arg>/booking/${booking_id}</arg>
<arg>headers=${headers}</arg>
<doc>Sends a GET request on a previously created HTTP Session.</doc>
<status status="PASS" start="2025-05-26T18:53:37.640956" elapsed="0.120176"/>
</kw>
<if>
<branch type="IF" condition="${response.status_code} == 200">
<kw name="Log To Console" owner="BuiltIn">
<arg>${EMPTY}</arg>
<doc>Logs the given message to the console.</doc>
<status status="PASS" start="2025-05-26T18:53:37.763231" elapsed="0.001036"/>
</kw>
<kw name="Log To Console" owner="BuiltIn">
<arg>&gt;&gt;&gt; Reserva encontrada com sucesso. Status: ${response.status_code}</arg>
<doc>Logs the given message to the console.</doc>
<status status="PASS" start="2025-05-26T18:53:37.764516" elapsed="0.000754"/>
</kw>
<return>
<value>${response.json()}</value>
<status status="PASS" start="2025-05-26T18:53:37.765373" elapsed="0.000079"/>
</return>
<status status="PASS" start="2025-05-26T18:53:37.761654" elapsed="0.003878"/>
</branch>
<branch type="ELSE IF" condition="${response.status_code} == 404">
<kw name="Log To Console" owner="BuiltIn">
<arg>&gt;&gt;&gt; Reserva não encontrada. Status: ${response.status_code}</arg>
<doc>Logs the given message to the console.</doc>
<status status="NOT RUN" start="2025-05-26T18:53:37.765815" elapsed="0.000043"/>
</kw>
<return>
<value>${None}</value>
<status status="NOT RUN" start="2025-05-26T18:53:37.765924" elapsed="0.000025"/>
</return>
<status status="NOT RUN" start="2025-05-26T18:53:37.765582" elapsed="0.000405"/>
</branch>
<branch type="ELSE">
<kw name="Log To Console" owner="BuiltIn">
<arg>&gt;&gt;&gt; Falha ao buscar reserva. Status: ${response.status_code}</arg>
<doc>Logs the given message to the console.</doc>
<status status="NOT RUN" start="2025-05-26T18:53:37.766242" elapsed="0.000074"/>
</kw>
<return>
<value>${None}</value>
<status status="NOT RUN" start="2025-05-26T18:53:37.766423" elapsed="0.000033"/>
</return>
<status status="NOT RUN" start="2025-05-26T18:53:37.766018" elapsed="0.000495"/>
</branch>
<status status="PASS" start="2025-05-26T18:53:37.761512" elapsed="0.005050"/>
</if>
<msg time="2025-05-26T18:53:37.767536" level="INFO">${booking_data} = {'firstname': 'Eric', 'lastname': 'Jackson', 'totalprice': 830, 'depositpaid': False, 'bookingdates': {'checkin': '2016-05-26', 'checkout': '2021-12-22'}, 'additionalneeds': 'Breakfast'}</msg>
<var>${booking_data}</var>
<arg>${booking_id}</arg>
<doc>Busca informações de uma reserva específica pelo ID
Retorna o objeto da reserva em caso de sucesso ou None em caso de falha</doc>
<status status="PASS" start="2025-05-26T18:53:37.136572" elapsed="0.631026"/>
</kw>
<kw name="Should Not Be Equal" owner="BuiltIn">
<msg time="2025-05-26T18:53:37.768338" level="INFO">Argument types are:
&lt;class 'dict'&gt;
&lt;class 'NoneType'&gt;</msg>
<arg>${booking_data}</arg>
<arg>${None}</arg>
<arg>Falha ao obter dados da reserva</arg>
<doc>Fails if the given objects are equal.</doc>
<status status="PASS" start="2025-05-26T18:53:37.767958" elapsed="0.000466"/>
</kw>
<status status="PASS" start="2025-05-26T18:53:37.135421" elapsed="0.633213"/>
</test>
<test id="s1-t5" name="Criando booking" line="25">
<kw name="POST CreateBooking" owner="CreateBooking">
<kw name="Criando sessao e obtendo token" owner="_base">
<kw name="Create Session" owner="RequestsLibrary">
<msg time="2025-05-26T18:53:37.771292" level="INFO">Creating Session using : alias=BookerAPI, url=https://restful-booker.herokuapp.com, headers={},                     cookies={}, auth=None, timeout=None, proxies=None, verify=False,                     debug=0 </msg>
<arg>BookerAPI</arg>
<arg>${BASE_URL}</arg>
<doc>Create Session: create a HTTP session to a server</doc>
<status status="PASS" start="2025-05-26T18:53:37.771071" elapsed="0.000514"/>
</kw>
<kw name="Create Dictionary" owner="BuiltIn">
<msg time="2025-05-26T18:53:37.772244" level="INFO">${body} = {'username': 'admin', 'password': 'password123'}</msg>
<var>${body}</var>
<arg>username=${USERNAME}</arg>
<arg>password=${PASSWORD}</arg>
<doc>Creates and returns a dictionary based on the given ``items``.</doc>
<status status="PASS" start="2025-05-26T18:53:37.771827" elapsed="0.000457"/>
</kw>
<kw name="POST On Session" owner="RequestsLibrary">
<msg time="2025-05-26T18:53:38.236731" level="INFO">POST Request : url=https://restful-booker.herokuapp.com/auth 
 path_url=/auth 
 headers={'User-Agent': 'python-requests/2.32.3', 'Accept-Encoding': 'gzip, deflate', 'Accept': '*/*', 'Connection': 'keep-alive', 'Content-Length': '48', 'Content-Type': 'application/json'} 
 body=b'{"username": "admin", "password": "password123"}' 
 </msg>
<msg time="2025-05-26T18:53:38.237406" level="INFO">POST Response : url=https://restful-booker.herokuapp.com/auth 
 status=200, reason=OK 
 headers={'Content-Length': '27', 'Content-Type': 'application/json; charset=utf-8', 'Date': 'Mon, 26 May 2025 21:53:38 GMT', 'Etag': 'W/"1b-UWiLVzYy0RQWRfnUraAcRsynMtw"', 'Nel': '{"report_to":"heroku-nel","response_headers":["Via"],"max_age":3600,"success_fraction":0.01,"failure_fraction":0.1}', 'Report-To': '{"group":"heroku-nel","endpoints":[{"url":"https://nel.heroku.com/reports?s=Dg3kwepdZmcD0HN91YoZt9z6kn6DlYWoTzFQ4i%2B8pic%3D\\u0026sid=c46efe9b-d3d2-4a0c-8c76-bfafa16c5add\\u0026ts=1748296418"}],"max_age":3600}', 'Reporting-Endpoints': 'heroku-nel="https://nel.heroku.com/reports?s=Dg3kwepdZmcD0HN91YoZt9z6kn6DlYWoTzFQ4i%2B8pic%3D&amp;sid=c46efe9b-d3d2-4a0c-8c76-bfafa16c5add&amp;ts=1748296418"', 'Server': 'Heroku', 'Via': '1.1 heroku-router', 'X-Powered-By': 'Express'} 
 body={"token":"774da4c5427ee31"} 
 </msg>
<msg time="2025-05-26T18:53:38.238205" level="INFO">${response} = &lt;Response [200]&gt;</msg>
<var>${response}</var>
<arg>BookerAPI</arg>
<arg>/auth</arg>
<arg>json=${body}</arg>
<doc>Sends a POST request on a previously created HTTP Session.</doc>
<status status="PASS" start="2025-05-26T18:53:37.772472" elapsed="0.465875"/>
</kw>
<kw name="Should Be Equal As Integers" owner="BuiltIn">
<msg time="2025-05-26T18:53:38.241242" level="INFO">Argument types are:
&lt;class 'int'&gt;
&lt;class 'str'&gt;</msg>
<arg>${response.status_code}</arg>
<arg>200</arg>
<doc>Fails if objects are unequal after converting them to integers.</doc>
<status status="PASS" start="2025-05-26T18:53:38.239217" elapsed="0.002244"/>
</kw>
<kw name="Dictionary Should Contain Key" owner="Collections">
<arg>${response.json()}</arg>
<arg>token</arg>
<doc>Fails if ``key`` is not found from ``dictionary``.</doc>
<status status="PASS" start="2025-05-26T18:53:38.241926" elapsed="0.001627"/>
</kw>
<kw name="Get From Dictionary" owner="Collections">
<msg time="2025-05-26T18:53:38.244412" level="INFO">${token} = 774da4c5427ee31</msg>
<var>${token}</var>
<arg>${response.json()}</arg>
<arg>token</arg>
<doc>Returns a value from the given ``dictionary`` based on the given ``key``.</doc>
<status status="PASS" start="2025-05-26T18:53:38.243786" elapsed="0.000659"/>
</kw>
<kw name="Set Variable" owner="BuiltIn">
<msg time="2025-05-26T18:53:38.245060" level="INFO">${status} = 200</msg>
<var>${status}</var>
<arg>${response.status_code}</arg>
<doc>Returns the given values which can then be assigned to a variables.</doc>
<status status="PASS" start="2025-05-26T18:53:38.244596" elapsed="0.000492"/>
</kw>
<return>
<value>${status}</value>
<value>${token}</value>
<status status="PASS" start="2025-05-26T18:53:38.245146" elapsed="0.000049"/>
</return>
<status status="PASS" start="2025-05-26T18:53:37.770718" elapsed="0.474626"/>
</kw>
<kw name="Create Dictionary" owner="BuiltIn">
<msg time="2025-05-26T18:53:38.245787" level="INFO">${bookingdates} = {'checkin': '2018-01-01', 'checkout': '2019-01-01'}</msg>
<var>${bookingdates}</var>
<arg>checkin=${checkin}</arg>
<arg>checkout=${checkout}</arg>
<doc>Creates and returns a dictionary based on the given ``items``.</doc>
<status status="PASS" start="2025-05-26T18:53:38.245484" elapsed="0.000332"/>
</kw>
<kw name="Create Dictionary" owner="BuiltIn">
<msg time="2025-05-26T18:53:38.246494" level="INFO">${payload} = {'firstname': 'John', 'lastname': 'Doe', 'totalprice': '110', 'depositpaid': True, 'bookingdates': {'checkin': '2018-01-01', 'checkout': '2019-01-01'}, 'additionalneeds': 'Breakfast'}</msg>
<var>${payload}</var>
<arg>firstname=${firstname}</arg>
<arg>lastname=${lastname}</arg>
<arg>totalprice=${totalprice}</arg>
<arg>depositpaid=${depositpaid}</arg>
<arg>bookingdates=${bookingdates}</arg>
<arg>additionalneeds=${additionalneeds}</arg>
<doc>Creates and returns a dictionary based on the given ``items``.</doc>
<status status="PASS" start="2025-05-26T18:53:38.245955" elapsed="0.000569"/>
</kw>
<kw name="Create Dictionary" owner="BuiltIn">
<msg time="2025-05-26T18:53:38.246852" level="INFO">${headers} = {'Content-Type': 'application/json', 'Accept': 'application/json'}</msg>
<var>${headers}</var>
<arg>Content-Type=application/json</arg>
<arg>Accept=application/json</arg>
<doc>Creates and returns a dictionary based on the given ``items``.</doc>
<status status="PASS" start="2025-05-26T18:53:38.246677" elapsed="0.000201"/>
</kw>
<try>
<branch type="TRY">
<kw name="POST On Session" owner="RequestsLibrary">
<msg time="2025-05-26T18:53:38.362603" level="INFO">POST Request : url=https://restful-booker.herokuapp.com/booking 
 path_url=/booking 
 headers={'User-Agent': 'python-requests/2.32.3', 'Accept-Encoding': 'gzip, deflate', 'Accept': 'application/json', 'Connection': 'keep-alive', 'Content-Type': 'application/json', 'Content-Length': '183'} 
 body=b'{"firstname": "John", "lastname": "Doe", "totalprice": "110", "depositpaid": true, "bookingdates": {"checkin": "2018-01-01", "checkout": "2019-01-01"}, "additionalneeds": "Breakfast"}' 
 </msg>
<msg time="2025-05-26T18:53:38.362967" level="INFO">POST Response : url=https://restful-booker.herokuapp.com/booking 
 status=200, reason=OK 
 headers={'Content-Length': '196', 'Content-Type': 'application/json; charset=utf-8', 'Date': 'Mon, 26 May 2025 21:53:38 GMT', 'Etag': 'W/"c4-fMWY3153WQHIj8Yd7KCCRvY90oI"', 'Nel': '{"report_to":"heroku-nel","response_headers":["Via"],"max_age":3600,"success_fraction":0.01,"failure_fraction":0.1}', 'Report-To': '{"group":"heroku-nel","endpoints":[{"url":"https://nel.heroku.com/reports?s=Dg3kwepdZmcD0HN91YoZt9z6kn6DlYWoTzFQ4i%2B8pic%3D\\u0026sid=c46efe9b-d3d2-4a0c-8c76-bfafa16c5add\\u0026ts=1748296418"}],"max_age":3600}', 'Reporting-Endpoints': 'heroku-nel="https://nel.heroku.com/reports?s=Dg3kwepdZmcD0HN91YoZt9z6kn6DlYWoTzFQ4i%2B8pic%3D&amp;sid=c46efe9b-d3d2-4a0c-8c76-bfafa16c5add&amp;ts=1748296418"', 'Server': 'Heroku', 'Via': '1.1 heroku-router', 'X-Powered-By': 'Express'} 
 body={"bookingid":1435,"booking":{"firstname":"John","lastname":"Doe","totalprice":110,"depositpaid":true,"bookingdates":{"checkin":"2018-01-01","checkout":"2019-01-01"},"additionalneeds":"Breakfast"}} 
 </msg>
<msg time="2025-05-26T18:53:38.363833" level="INFO">${response} = &lt;Response [200]&gt;</msg>
<var>${response}</var>
<arg>BookerAPI</arg>
<arg>/booking</arg>
<arg>headers=${headers}</arg>
<arg>json=${payload}</arg>
<doc>Sends a POST request on a previously created HTTP Session.</doc>
<status status="PASS" start="2025-05-26T18:53:38.247104" elapsed="0.116860"/>
</kw>
<if>
<branch type="IF" condition="${response.status_code} == 200">
<kw name="Get From Dictionary" owner="Collections">
<msg time="2025-05-26T18:53:38.367040" level="INFO">${booking_id} = 1435</msg>
<var>${booking_id}</var>
<arg>${response.json()}</arg>
<arg>bookingid</arg>
<doc>Returns a value from the given ``dictionary`` based on the given ``key``.</doc>
<status status="PASS" start="2025-05-26T18:53:38.365838" elapsed="0.001260"/>
</kw>
<return>
<value>${booking_id}</value>
<status status="PASS" start="2025-05-26T18:53:38.367223" elapsed="0.000081"/>
</return>
<status status="PASS" start="2025-05-26T18:53:38.364446" elapsed="0.002932"/>
</branch>
<branch type="ELSE">
<kw name="Log To Console" owner="BuiltIn">
<arg>&gt;&gt;&gt; Falha ao criar booking. Status code: ${response.status_code}</arg>
<doc>Logs the given message to the console.</doc>
<status status="NOT RUN" start="2025-05-26T18:53:38.367686" elapsed="0.000037"/>
</kw>
<kw name="Log To Console" owner="BuiltIn">
<arg>&gt;&gt;&gt; Response body: ${response.text}</arg>
<doc>Logs the given message to the console.</doc>
<status status="NOT RUN" start="2025-05-26T18:53:38.367917" elapsed="0.000030"/>
</kw>
<kw name="Fail" owner="BuiltIn">
<arg>Criação de booking falhou com status code: ${response.status_code}</arg>
<doc>Fails the test with the given message and optionally alters its tags.</doc>
<status status="NOT RUN" start="2025-05-26T18:53:38.368143" elapsed="0.000036"/>
</kw>
<status status="NOT RUN" start="2025-05-26T18:53:38.367431" elapsed="0.001017"/>
</branch>
<status status="PASS" start="2025-05-26T18:53:38.364301" elapsed="0.004194"/>
</if>
<status status="PASS" start="2025-05-26T18:53:38.246990" elapsed="0.121574"/>
</branch>
<branch type="EXCEPT" assign="${error}">
<kw name="Log To Console" owner="BuiltIn">
<arg>&gt;&gt;&gt; Erro durante processo de criação do booking: ${error}</arg>
<doc>Logs the given message to the console.</doc>
<status status="NOT RUN" start="2025-05-26T18:53:38.368866" elapsed="0.000032"/>
</kw>
<kw name="Fail" owner="BuiltIn">
<arg>Falha ao criar o booking devido ao erro: ${error}</arg>
<doc>Fails the test with the given message and optionally alters its tags.</doc>
<status status="NOT RUN" start="2025-05-26T18:53:38.369085" elapsed="0.000030"/>
</kw>
<status status="NOT RUN" start="2025-05-26T18:53:38.368669" elapsed="0.000499"/>
</branch>
<status status="PASS" start="2025-05-26T18:53:38.246945" elapsed="0.122288"/>
</try>
<doc>Creates a new booking in the Restful Booker API.
Returns the booking ID if successful.
Requires an authenticated session to be created first.</doc>
<status status="PASS" start="2025-05-26T18:53:37.770029" elapsed="0.599443"/>
</kw>
<status status="PASS" start="2025-05-26T18:53:37.768914" elapsed="0.601021"/>
</test>
<test id="s1-t6" name="Atualizando booking existente" line="27">
<kw name="POST CreateBooking" owner="CreateBooking">
<kw name="Criando sessao e obtendo token" owner="_base">
<kw name="Create Session" owner="RequestsLibrary">
<msg time="2025-05-26T18:53:38.373758" level="INFO">Creating Session using : alias=BookerAPI, url=https://restful-booker.herokuapp.com, headers={},                     cookies={}, auth=None, timeout=None, proxies=None, verify=False,                     debug=0 </msg>
<arg>BookerAPI</arg>
<arg>${BASE_URL}</arg>
<doc>Create Session: create a HTTP session to a server</doc>
<status status="PASS" start="2025-05-26T18:53:38.373487" elapsed="0.000623"/>
</kw>
<kw name="Create Dictionary" owner="BuiltIn">
<msg time="2025-05-26T18:53:38.375035" level="INFO">${body} = {'username': 'admin', 'password': 'password123'}</msg>
<var>${body}</var>
<arg>username=${USERNAME}</arg>
<arg>password=${PASSWORD}</arg>
<doc>Creates and returns a dictionary based on the given ``items``.</doc>
<status status="PASS" start="2025-05-26T18:53:38.374433" elapsed="0.000660"/>
</kw>
<kw name="POST On Session" owner="RequestsLibrary">
<msg time="2025-05-26T18:53:38.843132" level="INFO">POST Request : url=https://restful-booker.herokuapp.com/auth 
 path_url=/auth 
 headers={'User-Agent': 'python-requests/2.32.3', 'Accept-Encoding': 'gzip, deflate', 'Accept': '*/*', 'Connection': 'keep-alive', 'Content-Length': '48', 'Content-Type': 'application/json'} 
 body=b'{"username": "admin", "password": "password123"}' 
 </msg>
<msg time="2025-05-26T18:53:38.843520" level="INFO">POST Response : url=https://restful-booker.herokuapp.com/auth 
 status=200, reason=OK 
 headers={'Content-Length': '27', 'Content-Type': 'application/json; charset=utf-8', 'Date': 'Mon, 26 May 2025 21:53:38 GMT', 'Etag': 'W/"1b-hUsBXtvZULwI+sFri+768XwyR5w"', 'Nel': '{"report_to":"heroku-nel","response_headers":["Via"],"max_age":3600,"success_fraction":0.01,"failure_fraction":0.1}', 'Report-To': '{"group":"heroku-nel","endpoints":[{"url":"https://nel.heroku.com/reports?s=Dg3kwepdZmcD0HN91YoZt9z6kn6DlYWoTzFQ4i%2B8pic%3D\\u0026sid=c46efe9b-d3d2-4a0c-8c76-bfafa16c5add\\u0026ts=1748296418"}],"max_age":3600}', 'Reporting-Endpoints': 'heroku-nel="https://nel.heroku.com/reports?s=Dg3kwepdZmcD0HN91YoZt9z6kn6DlYWoTzFQ4i%2B8pic%3D&amp;sid=c46efe9b-d3d2-4a0c-8c76-bfafa16c5add&amp;ts=1748296418"', 'Server': 'Heroku', 'Via': '1.1 heroku-router', 'X-Powered-By': 'Express'} 
 body={"token":"32379405809cbc7"} 
 </msg>
<msg time="2025-05-26T18:53:38.844125" level="INFO">${response} = &lt;Response [200]&gt;</msg>
<var>${response}</var>
<arg>BookerAPI</arg>
<arg>/auth</arg>
<arg>json=${body}</arg>
<doc>Sends a POST request on a previously created HTTP Session.</doc>
<status status="PASS" start="2025-05-26T18:53:38.375364" elapsed="0.468864"/>
</kw>
<kw name="Should Be Equal As Integers" owner="BuiltIn">
<msg time="2025-05-26T18:53:38.846457" level="INFO">Argument types are:
&lt;class 'int'&gt;
&lt;class 'str'&gt;</msg>
<arg>${response.status_code}</arg>
<arg>200</arg>
<doc>Fails if objects are unequal after converting them to integers.</doc>
<status status="PASS" start="2025-05-26T18:53:38.845047" elapsed="0.001529"/>
</kw>
<kw name="Dictionary Should Contain Key" owner="Collections">
<arg>${response.json()}</arg>
<arg>token</arg>
<doc>Fails if ``key`` is not found from ``dictionary``.</doc>
<status status="PASS" start="2025-05-26T18:53:38.846848" elapsed="0.000874"/>
</kw>
<kw name="Get From Dictionary" owner="Collections">
<msg time="2025-05-26T18:53:38.848782" level="INFO">${token} = 32379405809cbc7</msg>
<var>${token}</var>
<arg>${response.json()}</arg>
<arg>token</arg>
<doc>Returns a value from the given ``dictionary`` based on the given ``key``.</doc>
<status status="PASS" start="2025-05-26T18:53:38.847980" elapsed="0.000847"/>
</kw>
<kw name="Set Variable" owner="BuiltIn">
<msg time="2025-05-26T18:53:38.849689" level="INFO">${status} = 200</msg>
<var>${status}</var>
<arg>${response.status_code}</arg>
<doc>Returns the given values which can then be assigned to a variables.</doc>
<status status="PASS" start="2025-05-26T18:53:38.849034" elapsed="0.000696"/>
</kw>
<return>
<value>${status}</value>
<value>${token}</value>
<status status="PASS" start="2025-05-26T18:53:38.849809" elapsed="0.000056"/>
</return>
<status status="PASS" start="2025-05-26T18:53:38.373085" elapsed="0.476986"/>
</kw>
<kw name="Create Dictionary" owner="BuiltIn">
<msg time="2025-05-26T18:53:38.850685" level="INFO">${bookingdates} = {'checkin': '2018-01-01', 'checkout': '2019-01-01'}</msg>
<var>${bookingdates}</var>
<arg>checkin=${checkin}</arg>
<arg>checkout=${checkout}</arg>
<doc>Creates and returns a dictionary based on the given ``items``.</doc>
<status status="PASS" start="2025-05-26T18:53:38.850262" elapsed="0.000463"/>
</kw>
<kw name="Create Dictionary" owner="BuiltIn">
<msg time="2025-05-26T18:53:38.851601" level="INFO">${payload} = {'firstname': 'John', 'lastname': 'Doe', 'totalprice': '110', 'depositpaid': True, 'bookingdates': {'checkin': '2018-01-01', 'checkout': '2019-01-01'}, 'additionalneeds': 'Breakfast'}</msg>
<var>${payload}</var>
<arg>firstname=${firstname}</arg>
<arg>lastname=${lastname}</arg>
<arg>totalprice=${totalprice}</arg>
<arg>depositpaid=${depositpaid}</arg>
<arg>bookingdates=${bookingdates}</arg>
<arg>additionalneeds=${additionalneeds}</arg>
<doc>Creates and returns a dictionary based on the given ``items``.</doc>
<status status="PASS" start="2025-05-26T18:53:38.850929" elapsed="0.000712"/>
</kw>
<kw name="Create Dictionary" owner="BuiltIn">
<msg time="2025-05-26T18:53:38.852130" level="INFO">${headers} = {'Content-Type': 'application/json', 'Accept': 'application/json'}</msg>
<var>${headers}</var>
<arg>Content-Type=application/json</arg>
<arg>Accept=application/json</arg>
<doc>Creates and returns a dictionary based on the given ``items``.</doc>
<status status="PASS" start="2025-05-26T18:53:38.851858" elapsed="0.000311"/>
</kw>
<try>
<branch type="TRY">
<kw name="POST On Session" owner="RequestsLibrary">
<msg time="2025-05-26T18:53:38.968124" level="INFO">POST Request : url=https://restful-booker.herokuapp.com/booking 
 path_url=/booking 
 headers={'User-Agent': 'python-requests/2.32.3', 'Accept-Encoding': 'gzip, deflate', 'Accept': 'application/json', 'Connection': 'keep-alive', 'Content-Type': 'application/json', 'Content-Length': '183'} 
 body=b'{"firstname": "John", "lastname": "Doe", "totalprice": "110", "depositpaid": true, "bookingdates": {"checkin": "2018-01-01", "checkout": "2019-01-01"}, "additionalneeds": "Breakfast"}' 
 </msg>
<msg time="2025-05-26T18:53:38.968337" level="INFO">POST Response : url=https://restful-booker.herokuapp.com/booking 
 status=200, reason=OK 
 headers={'Content-Length': '196', 'Content-Type': 'application/json; charset=utf-8', 'Date': 'Mon, 26 May 2025 21:53:39 GMT', 'Etag': 'W/"c4-pDzkluEbqxN96GBke3py6W8CKcQ"', 'Nel': '{"report_to":"heroku-nel","response_headers":["Via"],"max_age":3600,"success_fraction":0.01,"failure_fraction":0.1}', 'Report-To': '{"group":"heroku-nel","endpoints":[{"url":"https://nel.heroku.com/reports?s=jcSnVjl0lKdRUmLpMbsOUCp%2BJEXVACViKfucmbRN7ZM%3D\\u0026sid=c46efe9b-d3d2-4a0c-8c76-bfafa16c5add\\u0026ts=1748296419"}],"max_age":3600}', 'Reporting-Endpoints': 'heroku-nel="https://nel.heroku.com/reports?s=jcSnVjl0lKdRUmLpMbsOUCp%2BJEXVACViKfucmbRN7ZM%3D&amp;sid=c46efe9b-d3d2-4a0c-8c76-bfafa16c5add&amp;ts=1748296419"', 'Server': 'Heroku', 'Via': '1.1 heroku-router', 'X-Powered-By': 'Express'} 
 body={"bookingid":1444,"booking":{"firstname":"John","lastname":"Doe","totalprice":110,"depositpaid":true,"bookingdates":{"checkin":"2018-01-01","checkout":"2019-01-01"},"additionalneeds":"Breakfast"}} 
 </msg>
<msg time="2025-05-26T18:53:38.969016" level="INFO">${response} = &lt;Response [200]&gt;</msg>
<var>${response}</var>
<arg>BookerAPI</arg>
<arg>/booking</arg>
<arg>headers=${headers}</arg>
<arg>json=${payload}</arg>
<doc>Sends a POST request on a previously created HTTP Session.</doc>
<status status="PASS" start="2025-05-26T18:53:38.852507" elapsed="0.116607"/>
</kw>
<if>
<branch type="IF" condition="${response.status_code} == 200">
<kw name="Get From Dictionary" owner="Collections">
<msg time="2025-05-26T18:53:38.972699" level="INFO">${booking_id} = 1444</msg>
<var>${booking_id}</var>
<arg>${response.json()}</arg>
<arg>bookingid</arg>
<doc>Returns a value from the given ``dictionary`` based on the given ``key``.</doc>
<status status="PASS" start="2025-05-26T18:53:38.970924" elapsed="0.001848"/>
</kw>
<return>
<value>${booking_id}</value>
<status status="PASS" start="2025-05-26T18:53:38.972903" elapsed="0.000090"/>
</return>
<status status="PASS" start="2025-05-26T18:53:38.969598" elapsed="0.003473"/>
</branch>
<branch type="ELSE">
<kw name="Log To Console" owner="BuiltIn">
<arg>&gt;&gt;&gt; Falha ao criar booking. Status code: ${response.status_code}</arg>
<doc>Logs the given message to the console.</doc>
<status status="NOT RUN" start="2025-05-26T18:53:38.973409" elapsed="0.000045"/>
</kw>
<kw name="Log To Console" owner="BuiltIn">
<arg>&gt;&gt;&gt; Response body: ${response.text}</arg>
<doc>Logs the given message to the console.</doc>
<status status="NOT RUN" start="2025-05-26T18:53:38.973655" elapsed="0.000034"/>
</kw>
<kw name="Fail" owner="BuiltIn">
<arg>Criação de booking falhou com status code: ${response.status_code}</arg>
<doc>Fails the test with the given message and optionally alters its tags.</doc>
<status status="NOT RUN" start="2025-05-26T18:53:38.973885" elapsed="0.000032"/>
</kw>
<status status="NOT RUN" start="2025-05-26T18:53:38.973130" elapsed="0.000843"/>
</branch>
<status status="PASS" start="2025-05-26T18:53:38.969432" elapsed="0.004583"/>
</if>
<status status="PASS" start="2025-05-26T18:53:38.852337" elapsed="0.121759"/>
</branch>
<branch type="EXCEPT" assign="${error}">
<kw name="Log To Console" owner="BuiltIn">
<arg>&gt;&gt;&gt; Erro durante processo de criação do booking: ${error}</arg>
<doc>Logs the given message to the console.</doc>
<status status="NOT RUN" start="2025-05-26T18:53:38.974389" elapsed="0.000034"/>
</kw>
<kw name="Fail" owner="BuiltIn">
<arg>Falha ao criar o booking devido ao erro: ${error}</arg>
<doc>Fails the test with the given message and optionally alters its tags.</doc>
<status status="NOT RUN" start="2025-05-26T18:53:38.974607" elapsed="0.000031"/>
</kw>
<status status="NOT RUN" start="2025-05-26T18:53:38.974193" elapsed="0.000499"/>
</branch>
<status status="PASS" start="2025-05-26T18:53:38.852270" elapsed="0.122488"/>
</try>
<msg time="2025-05-26T18:53:38.975039" level="INFO">${booking_id} = 1444</msg>
<var>${booking_id}</var>
<doc>Creates a new booking in the Restful Booker API.
Returns the booking ID if successful.
Requires an authenticated session to be created first.</doc>
<status status="PASS" start="2025-05-26T18:53:38.372150" elapsed="0.602940"/>
</kw>
<kw name="PUT UpdateBooking" owner="UpdateBooking">
<kw name="Criando sessao e obtendo token" owner="_base">
<kw name="Create Session" owner="RequestsLibrary">
<msg time="2025-05-26T18:53:38.977215" level="INFO">Creating Session using : alias=BookerAPI, url=https://restful-booker.herokuapp.com, headers={},                     cookies={}, auth=None, timeout=None, proxies=None, verify=False,                     debug=0 </msg>
<arg>BookerAPI</arg>
<arg>${BASE_URL}</arg>
<doc>Create Session: create a HTTP session to a server</doc>
<status status="PASS" start="2025-05-26T18:53:38.976938" elapsed="0.001256"/>
</kw>
<kw name="Create Dictionary" owner="BuiltIn">
<msg time="2025-05-26T18:53:38.979007" level="INFO">${body} = {'username': 'admin', 'password': 'password123'}</msg>
<var>${body}</var>
<arg>username=${USERNAME}</arg>
<arg>password=${PASSWORD}</arg>
<doc>Creates and returns a dictionary based on the given ``items``.</doc>
<status status="PASS" start="2025-05-26T18:53:38.978472" elapsed="0.000576"/>
</kw>
<kw name="POST On Session" owner="RequestsLibrary">
<msg time="2025-05-26T18:53:39.442007" level="INFO">POST Request : url=https://restful-booker.herokuapp.com/auth 
 path_url=/auth 
 headers={'User-Agent': 'python-requests/2.32.3', 'Accept-Encoding': 'gzip, deflate', 'Accept': '*/*', 'Connection': 'keep-alive', 'Content-Length': '48', 'Content-Type': 'application/json'} 
 body=b'{"username": "admin", "password": "password123"}' 
 </msg>
<msg time="2025-05-26T18:53:39.442303" level="INFO">POST Response : url=https://restful-booker.herokuapp.com/auth 
 status=200, reason=OK 
 headers={'Content-Length': '27', 'Content-Type': 'application/json; charset=utf-8', 'Date': 'Mon, 26 May 2025 21:53:39 GMT', 'Etag': 'W/"1b-cgrHfrQ+H16UQ/Gau+zAc6/Cl6c"', 'Nel': '{"report_to":"heroku-nel","response_headers":["Via"],"max_age":3600,"success_fraction":0.01,"failure_fraction":0.1}', 'Report-To': '{"group":"heroku-nel","endpoints":[{"url":"https://nel.heroku.com/reports?s=jcSnVjl0lKdRUmLpMbsOUCp%2BJEXVACViKfucmbRN7ZM%3D\\u0026sid=c46efe9b-d3d2-4a0c-8c76-bfafa16c5add\\u0026ts=1748296419"}],"max_age":3600}', 'Reporting-Endpoints': 'heroku-nel="https://nel.heroku.com/reports?s=jcSnVjl0lKdRUmLpMbsOUCp%2BJEXVACViKfucmbRN7ZM%3D&amp;sid=c46efe9b-d3d2-4a0c-8c76-bfafa16c5add&amp;ts=1748296419"', 'Server': 'Heroku', 'Via': '1.1 heroku-router', 'X-Powered-By': 'Express'} 
 body={"token":"c253fac74a62c8b"} 
 </msg>
<msg time="2025-05-26T18:53:39.442741" level="INFO">${response} = &lt;Response [200]&gt;</msg>
<var>${response}</var>
<arg>BookerAPI</arg>
<arg>/auth</arg>
<arg>json=${body}</arg>
<doc>Sends a POST request on a previously created HTTP Session.</doc>
<status status="PASS" start="2025-05-26T18:53:38.979252" elapsed="0.463587"/>
</kw>
<kw name="Should Be Equal As Integers" owner="BuiltIn">
<msg time="2025-05-26T18:53:39.445119" level="INFO">Argument types are:
&lt;class 'int'&gt;
&lt;class 'str'&gt;</msg>
<arg>${response.status_code}</arg>
<arg>200</arg>
<doc>Fails if objects are unequal after converting them to integers.</doc>
<status status="PASS" start="2025-05-26T18:53:39.443487" elapsed="0.001826"/>
</kw>
<kw name="Dictionary Should Contain Key" owner="Collections">
<arg>${response.json()}</arg>
<arg>token</arg>
<doc>Fails if ``key`` is not found from ``dictionary``.</doc>
<status status="PASS" start="2025-05-26T18:53:39.445742" elapsed="0.001537"/>
</kw>
<kw name="Get From Dictionary" owner="Collections">
<msg time="2025-05-26T18:53:39.449037" level="INFO">${token} = c253fac74a62c8b</msg>
<var>${token}</var>
<arg>${response.json()}</arg>
<arg>token</arg>
<doc>Returns a value from the given ``dictionary`` based on the given ``key``.</doc>
<status status="PASS" start="2025-05-26T18:53:39.447718" elapsed="0.001367"/>
</kw>
<kw name="Set Variable" owner="BuiltIn">
<msg time="2025-05-26T18:53:39.449954" level="INFO">${status} = 200</msg>
<var>${status}</var>
<arg>${response.status_code}</arg>
<doc>Returns the given values which can then be assigned to a variables.</doc>
<status status="PASS" start="2025-05-26T18:53:39.449307" elapsed="0.000821"/>
</kw>
<return>
<value>${status}</value>
<value>${token}</value>
<status status="PASS" start="2025-05-26T18:53:39.450213" elapsed="0.000067"/>
</return>
<msg time="2025-05-26T18:53:39.450569" level="INFO">${status} = 200</msg>
<msg time="2025-05-26T18:53:39.450632" level="INFO">${token} = c253fac74a62c8b</msg>
<var>${status}</var>
<var>${token}</var>
<status status="PASS" start="2025-05-26T18:53:38.976503" elapsed="0.474164"/>
</kw>
<kw name="Create Dictionary" owner="BuiltIn">
<msg time="2025-05-26T18:53:39.451228" level="INFO">${bookingdates} = {'checkin': '2018-01-01', 'checkout': '2019-01-01'}</msg>
<var>${bookingdates}</var>
<arg>checkin=2018-01-01</arg>
<arg>checkout=2019-01-01</arg>
<doc>Creates and returns a dictionary based on the given ``items``.</doc>
<status status="PASS" start="2025-05-26T18:53:39.450891" elapsed="0.000371"/>
</kw>
<kw name="Create Dictionary" owner="BuiltIn">
<msg time="2025-05-26T18:53:39.451830" level="INFO">${payload} = {'firstname': 'James', 'lastname': 'Brown', 'totalprice': '111', 'depositpaid': True, 'bookingdates': {'checkin': '2018-01-01', 'checkout': '2019-01-01'}, 'additionalneeds': 'Breakfast'}</msg>
<var>${payload}</var>
<arg>firstname=James</arg>
<arg>lastname=Brown</arg>
<arg>totalprice=111</arg>
<arg>depositpaid=${True}</arg>
<arg>bookingdates=${bookingdates}</arg>
<arg>additionalneeds=Breakfast</arg>
<doc>Creates and returns a dictionary based on the given ``items``.</doc>
<status status="PASS" start="2025-05-26T18:53:39.451432" elapsed="0.000434"/>
</kw>
<kw name="Create Dictionary" owner="BuiltIn">
<msg time="2025-05-26T18:53:39.452373" level="INFO">${headers} = {'Content-Type': 'application/json', 'Accept': 'application/json', 'Cookie': 'token=c253fac74a62c8b'}</msg>
<var>${headers}</var>
<arg>Content-Type=application/json</arg>
<arg>Accept=application/json</arg>
<arg>Cookie=token=${token}</arg>
<doc>Creates and returns a dictionary based on the given ``items``.</doc>
<status status="PASS" start="2025-05-26T18:53:39.452079" elapsed="0.000333"/>
</kw>
<kw name="Create Session" owner="RequestsLibrary">
<msg time="2025-05-26T18:53:39.452769" level="INFO">Creating Session using : alias=BookerAPI, url=https://restful-booker.herokuapp.com, headers={},                     cookies={}, auth=None, timeout=None, proxies=None, verify=False,                     debug=0 </msg>
<arg>BookerAPI</arg>
<arg>${BASE_URL}</arg>
<doc>Create Session: create a HTTP session to a server</doc>
<status status="PASS" start="2025-05-26T18:53:39.452585" elapsed="0.000554"/>
</kw>
<kw name="PUT On Session" owner="RequestsLibrary">
<msg time="2025-05-26T18:53:39.921848" level="INFO">PUT Request : url=https://restful-booker.herokuapp.com/booking/1444 
 path_url=/booking/1444 
 headers={'User-Agent': 'python-requests/2.32.3', 'Accept-Encoding': 'gzip, deflate', 'Accept': 'application/json', 'Connection': 'keep-alive', 'Content-Type': 'application/json', 'Cookie': 'token=c253fac74a62c8b', 'Content-Length': '186'} 
 body=b'{"firstname": "James", "lastname": "Brown", "totalprice": "111", "depositpaid": true, "bookingdates": {"checkin": "2018-01-01", "checkout": "2019-01-01"}, "additionalneeds": "Breakfast"}' 
 </msg>
<msg time="2025-05-26T18:53:39.922192" level="INFO">PUT Response : url=https://restful-booker.herokuapp.com/booking/1444 
 status=200, reason=OK 
 headers={'Content-Length': '170', 'Content-Type': 'application/json; charset=utf-8', 'Date': 'Mon, 26 May 2025 21:53:40 GMT', 'Etag': 'W/"aa-waBDObUc25azXZ1Gkrz0LIEDGrg"', 'Nel': '{"report_to":"heroku-nel","response_headers":["Via"],"max_age":3600,"success_fraction":0.01,"failure_fraction":0.1}', 'Report-To': '{"group":"heroku-nel","endpoints":[{"url":"https://nel.heroku.com/reports?s=4MXnPuz%2FDwxZSubc6lR4sS%2FDJYm0AszsIpwa%2FPF69gs%3D\\u0026sid=c46efe9b-d3d2-4a0c-8c76-bfafa16c5add\\u0026ts=1748296420"}],"max_age":3600}', 'Reporting-Endpoints': 'heroku-nel="https://nel.heroku.com/reports?s=4MXnPuz%2FDwxZSubc6lR4sS%2FDJYm0AszsIpwa%2FPF69gs%3D&amp;sid=c46efe9b-d3d2-4a0c-8c76-bfafa16c5add&amp;ts=1748296420"', 'Server': 'Heroku', 'Via': '1.1 heroku-router', 'X-Powered-By': 'Express'} 
 body={"firstname":"James","lastname":"Brown","totalprice":111,"depositpaid":true,"bookingdates":{"checkin":"2018-01-01","checkout":"2019-01-01"},"additionalneeds":"Breakfast"} 
 </msg>
<msg time="2025-05-26T18:53:39.922659" level="INFO">${response} = &lt;Response [200]&gt;</msg>
<var>${response}</var>
<arg>BookerAPI</arg>
<arg>/booking/${booking_id}</arg>
<arg>headers=${headers}</arg>
<arg>json=${payload}</arg>
<doc>Sends a PUT request on a previously created HTTP Session.</doc>
<status status="PASS" start="2025-05-26T18:53:39.453445" elapsed="0.469313"/>
</kw>
<kw name="Run Keyword And Return Status" owner="BuiltIn">
<kw name="Should Be Equal As Integers" owner="BuiltIn">
<msg time="2025-05-26T18:53:39.925148" level="INFO">Argument types are:
&lt;class 'int'&gt;
&lt;class 'str'&gt;</msg>
<arg>${response.status_code}</arg>
<arg>200</arg>
<doc>Fails if objects are unequal after converting them to integers.</doc>
<status status="PASS" start="2025-05-26T18:53:39.924117" elapsed="0.001147"/>
</kw>
<msg time="2025-05-26T18:53:39.925405" level="INFO">${status_ok} = True</msg>
<var>${status_ok}</var>
<arg>Should Be Equal As Integers</arg>
<arg>${response.status_code}</arg>
<arg>200</arg>
<doc>Runs the given keyword with given arguments and returns the status as a Boolean value.</doc>
<status status="PASS" start="2025-05-26T18:53:39.923562" elapsed="0.001880"/>
</kw>
<kw name="Log" owner="BuiltIn">
<msg time="2025-05-26T18:53:39.926649" level="INFO">200</msg>
<arg>${response.status_code}</arg>
<doc>Logs the given message with the given level.</doc>
<status status="PASS" start="2025-05-26T18:53:39.925752" elapsed="0.000985"/>
</kw>
<kw name="Log To Console" owner="BuiltIn">
<arg>${EMPTY}</arg>
<doc>Logs the given message to the console.</doc>
<status status="PASS" start="2025-05-26T18:53:39.926968" elapsed="0.000796"/>
</kw>
<kw name="Run Keyword If" owner="BuiltIn">
<kw name="Log To Console" owner="BuiltIn">
<arg>&gt;&gt;&gt; Booking atualizado com sucesso. Status: ${response.status_code}</arg>
<doc>Logs the given message to the console.</doc>
<status status="PASS" start="2025-05-26T18:53:39.928332" elapsed="0.000733"/>
</kw>
<arg>${status_ok}</arg>
<arg>Log To Console</arg>
<arg>&gt;&gt;&gt; Booking atualizado com sucesso. Status: ${response.status_code}</arg>
<arg>ELSE</arg>
<arg>Log To Console</arg>
<arg>\nFalha: Não foi possível atualizar o booking. Status code: ${response.status_code}</arg>
<doc>Runs the given keyword with the given arguments, if ``condition`` is true.</doc>
<status status="PASS" start="2025-05-26T18:53:39.927990" elapsed="0.001156"/>
</kw>
<arg>${booking_id}</arg>
<doc>Updates an existing booking with complete information using PUT method</doc>
<status status="PASS" start="2025-05-26T18:53:38.975680" elapsed="0.953601"/>
</kw>
<status status="PASS" start="2025-05-26T18:53:38.370341" elapsed="1.559204"/>
</test>
<test id="s1-t7" name="Atualização parcial de booking" line="30">
<kw name="POST CreateBooking" owner="CreateBooking">
<kw name="Criando sessao e obtendo token" owner="_base">
<kw name="Create Session" owner="RequestsLibrary">
<msg time="2025-05-26T18:53:39.931981" level="INFO">Creating Session using : alias=BookerAPI, url=https://restful-booker.herokuapp.com, headers={},                     cookies={}, auth=None, timeout=None, proxies=None, verify=False,                     debug=0 </msg>
<arg>BookerAPI</arg>
<arg>${BASE_URL}</arg>
<doc>Create Session: create a HTTP session to a server</doc>
<status status="PASS" start="2025-05-26T18:53:39.931767" elapsed="0.000708"/>
</kw>
<kw name="Create Dictionary" owner="BuiltIn">
<msg time="2025-05-26T18:53:39.933098" level="INFO">${body} = {'username': 'admin', 'password': 'password123'}</msg>
<var>${body}</var>
<arg>username=${USERNAME}</arg>
<arg>password=${PASSWORD}</arg>
<doc>Creates and returns a dictionary based on the given ``items``.</doc>
<status status="PASS" start="2025-05-26T18:53:39.932682" elapsed="0.000456"/>
</kw>
<kw name="POST On Session" owner="RequestsLibrary">
<msg time="2025-05-26T18:53:40.395935" level="INFO">POST Request : url=https://restful-booker.herokuapp.com/auth 
 path_url=/auth 
 headers={'User-Agent': 'python-requests/2.32.3', 'Accept-Encoding': 'gzip, deflate', 'Accept': '*/*', 'Connection': 'keep-alive', 'Content-Length': '48', 'Content-Type': 'application/json'} 
 body=b'{"username": "admin", "password": "password123"}' 
 </msg>
<msg time="2025-05-26T18:53:40.396346" level="INFO">POST Response : url=https://restful-booker.herokuapp.com/auth 
 status=200, reason=OK 
 headers={'Content-Length': '27', 'Content-Type': 'application/json; charset=utf-8', 'Date': 'Mon, 26 May 2025 21:53:40 GMT', 'Etag': 'W/"1b-8cDRW0fb/04T2lSEsTiQ/DAD9FU"', 'Nel': '{"report_to":"heroku-nel","response_headers":["Via"],"max_age":3600,"success_fraction":0.01,"failure_fraction":0.1}', 'Report-To': '{"group":"heroku-nel","endpoints":[{"url":"https://nel.heroku.com/reports?s=4MXnPuz%2FDwxZSubc6lR4sS%2FDJYm0AszsIpwa%2FPF69gs%3D\\u0026sid=c46efe9b-d3d2-4a0c-8c76-bfafa16c5add\\u0026ts=1748296420"}],"max_age":3600}', 'Reporting-Endpoints': 'heroku-nel="https://nel.heroku.com/reports?s=4MXnPuz%2FDwxZSubc6lR4sS%2FDJYm0AszsIpwa%2FPF69gs%3D&amp;sid=c46efe9b-d3d2-4a0c-8c76-bfafa16c5add&amp;ts=1748296420"', 'Server': 'Heroku', 'Via': '1.1 heroku-router', 'X-Powered-By': 'Express'} 
 body={"token":"ce9aad58b302c55"} 
 </msg>
<msg time="2025-05-26T18:53:40.396938" level="INFO">${response} = &lt;Response [200]&gt;</msg>
<var>${response}</var>
<arg>BookerAPI</arg>
<arg>/auth</arg>
<arg>json=${body}</arg>
<doc>Sends a POST request on a previously created HTTP Session.</doc>
<status status="PASS" start="2025-05-26T18:53:39.933422" elapsed="0.463610"/>
</kw>
<kw name="Should Be Equal As Integers" owner="BuiltIn">
<msg time="2025-05-26T18:53:40.399037" level="INFO">Argument types are:
&lt;class 'int'&gt;
&lt;class 'str'&gt;</msg>
<arg>${response.status_code}</arg>
<arg>200</arg>
<doc>Fails if objects are unequal after converting them to integers.</doc>
<status status="PASS" start="2025-05-26T18:53:40.397680" elapsed="0.001491"/>
</kw>
<kw name="Dictionary Should Contain Key" owner="Collections">
<arg>${response.json()}</arg>
<arg>token</arg>
<doc>Fails if ``key`` is not found from ``dictionary``.</doc>
<status status="PASS" start="2025-05-26T18:53:40.399459" elapsed="0.000955"/>
</kw>
<kw name="Get From Dictionary" owner="Collections">
<msg time="2025-05-26T18:53:40.401472" level="INFO">${token} = ce9aad58b302c55</msg>
<var>${token}</var>
<arg>${response.json()}</arg>
<arg>token</arg>
<doc>Returns a value from the given ``dictionary`` based on the given ``key``.</doc>
<status status="PASS" start="2025-05-26T18:53:40.400668" elapsed="0.000850"/>
</kw>
<kw name="Set Variable" owner="BuiltIn">
<msg time="2025-05-26T18:53:40.402457" level="INFO">${status} = 200</msg>
<var>${status}</var>
<arg>${response.status_code}</arg>
<doc>Returns the given values which can then be assigned to a variables.</doc>
<status status="PASS" start="2025-05-26T18:53:40.401752" elapsed="0.000747"/>
</kw>
<return>
<value>${status}</value>
<value>${token}</value>
<status status="PASS" start="2025-05-26T18:53:40.402608" elapsed="0.000115"/>
[...]
 body={"bookingid":1468,"booking":{"firstname":"John","lastname":"Doe","totalprice":110,"depositpaid":true,"bookingdates":{"checkin":"2018-01-01","checkout":"2019-01-01"},"additionalneeds":"Breakfast"}} 
 </msg>
<msg time="2025-05-26T18:53:42.110643" level="INFO">${response} = &lt;Response [200]&gt;</msg>
<var>${response}</var>
<arg>BookerAPI</arg>
<arg>/booking</arg>
<arg>headers=${headers}</arg>
<arg>json=${payload}</arg>
<doc>Sends a POST request on a previously created HTTP Session.</doc>
<status status="PASS" start="2025-05-26T18:53:41.991848" elapsed="0.118873"/>
</kw>
<if>
<branch type="IF" condition="${response.status_code} == 200">
<kw name="Get From Dictionary" owner="Collections">
<msg time="2025-05-26T18:53:42.114515" level="INFO">${booking_id} = 1468</msg>
<var>${booking_id}</var>
<arg>${response.json()}</arg>
<arg>bookingid</arg>
<doc>Returns a value from the given ``dictionary`` based on the given ``key``.</doc>
<status status="PASS" start="2025-05-26T18:53:42.112736" elapsed="0.001857"/>
</kw>
<return>
<value>${booking_id}</value>
<status status="PASS" start="2025-05-26T18:53:42.114741" elapsed="0.000107"/>
</return>
<status status="PASS" start="2025-05-26T18:53:42.111126" elapsed="0.003809"/>
</branch>
<branch type="ELSE">
<kw name="Log To Console" owner="BuiltIn">
<arg>&gt;&gt;&gt; Falha ao criar booking. Status code: ${response.status_code}</arg>
<doc>Logs the given message to the console.</doc>
<status status="NOT RUN" start="2025-05-26T18:53:42.115317" elapsed="0.000046"/>
</kw>
<kw name="Log To Console" owner="BuiltIn">
<arg>&gt;&gt;&gt; Response body: ${response.text}</arg>
<doc>Logs the given message to the console.</doc>
<status status="NOT RUN" start="2025-05-26T18:53:42.115559" elapsed="0.000033"/>
</kw>
<kw name="Fail" owner="BuiltIn">
<arg>Criação de booking falhou com status code: ${response.status_code}</arg>
<doc>Fails the test with the given message and optionally alters its tags.</doc>
<status status="NOT RUN" start="2025-05-26T18:53:42.115782" elapsed="0.000030"/>
</kw>
<status status="NOT RUN" start="2025-05-26T18:53:42.114995" elapsed="0.000880"/>
</branch>
<status status="PASS" start="2025-05-26T18:53:42.111021" elapsed="0.004895"/>
</if>
<status status="PASS" start="2025-05-26T18:53:41.991689" elapsed="0.124301"/>
</branch>
<branch type="EXCEPT" assign="${error}">
<kw name="Log To Console" owner="BuiltIn">
<arg>&gt;&gt;&gt; Erro durante processo de criação do booking: ${error}</arg>
<doc>Logs the given message to the console.</doc>
<status status="NOT RUN" start="2025-05-26T18:53:42.116288" elapsed="0.000033"/>
</kw>
<kw name="Fail" owner="BuiltIn">
<arg>Falha ao criar o booking devido ao erro: ${error}</arg>
<doc>Fails the test with the given message and optionally alters its tags.</doc>
<status status="NOT RUN" start="2025-05-26T18:53:42.116496" elapsed="0.000030"/>
</kw>
<status status="NOT RUN" start="2025-05-26T18:53:42.116098" elapsed="0.000481"/>
</branch>
<status status="PASS" start="2025-05-26T18:53:41.991598" elapsed="0.125051"/>
</try>
<msg time="2025-05-26T18:53:42.116916" level="INFO">${booking_id} = 1468</msg>
<var>${booking_id}</var>
<doc>Creates a new booking in the Restful Booker API.
Returns the booking ID if successful.
Requires an authenticated session to be created first.</doc>
<status status="PASS" start="2025-05-26T18:53:41.490092" elapsed="0.626865"/>
</kw>
<kw name="DEL DeleteBooking" owner="DeleteBooking">
<kw name="Criando sessao e obtendo token" owner="_base">
<kw name="Create Session" owner="RequestsLibrary">
<msg time="2025-05-26T18:53:42.119743" level="INFO">Creating Session using : alias=BookerAPI, url=https://restful-booker.herokuapp.com, headers={},                     cookies={}, auth=None, timeout=None, proxies=None, verify=False,                     debug=0 </msg>
<arg>BookerAPI</arg>
<arg>${BASE_URL}</arg>
<doc>Create Session: create a HTTP session to a server</doc>
<status status="PASS" start="2025-05-26T18:53:42.119458" elapsed="0.000655"/>
</kw>
<kw name="Create Dictionary" owner="BuiltIn">
<msg time="2025-05-26T18:53:42.121055" level="INFO">${body} = {'username': 'admin', 'password': 'password123'}</msg>
<var>${body}</var>
<arg>username=${USERNAME}</arg>
<arg>password=${PASSWORD}</arg>
<doc>Creates and returns a dictionary based on the given ``items``.</doc>
<status status="PASS" start="2025-05-26T18:53:42.120409" elapsed="0.000718"/>
</kw>
<kw name="POST On Session" owner="RequestsLibrary">
<msg time="2025-05-26T18:53:42.588497" level="INFO">POST Request : url=https://restful-booker.herokuapp.com/auth 
 path_url=/auth 
 headers={'User-Agent': 'python-requests/2.32.3', 'Accept-Encoding': 'gzip, deflate', 'Accept': '*/*', 'Connection': 'keep-alive', 'Content-Length': '48', 'Content-Type': 'application/json'} 
 body=b'{"username": "admin", "password": "password123"}' 
 </msg>
<msg time="2025-05-26T18:53:42.588860" level="INFO">POST Response : url=https://restful-booker.herokuapp.com/auth 
 status=200, reason=OK 
 headers={'Content-Length': '27', 'Content-Type': 'application/json; charset=utf-8', 'Date': 'Mon, 26 May 2025 21:53:42 GMT', 'Etag': 'W/"1b-+GR0WpmJi36nhWB/A3oAFDbi0ZM"', 'Nel': '{"report_to":"heroku-nel","response_headers":["Via"],"max_age":3600,"success_fraction":0.01,"failure_fraction":0.1}', 'Report-To': '{"group":"heroku-nel","endpoints":[{"url":"https://nel.heroku.com/reports?s=WPEgjhOpy3T5MJ5U%2BDNPEzfwASWNakhPq8rIr0wPK3g%3D\\u0026sid=c46efe9b-d3d2-4a0c-8c76-bfafa16c5add\\u0026ts=1748296422"}],"max_age":3600}', 'Reporting-Endpoints': 'heroku-nel="https://nel.heroku.com/reports?s=WPEgjhOpy3T5MJ5U%2BDNPEzfwASWNakhPq8rIr0wPK3g%3D&amp;sid=c46efe9b-d3d2-4a0c-8c76-bfafa16c5add&amp;ts=1748296422"', 'Server': 'Heroku', 'Via': '1.1 heroku-router', 'X-Powered-By': 'Express'} 
 body={"token":"1a3b38d00a827cc"} 
 </msg>
<msg time="2025-05-26T18:53:42.589348" level="INFO">${response} = &lt;Response [200]&gt;</msg>
<var>${response}</var>
<arg>BookerAPI</arg>
<arg>/auth</arg>
<arg>json=${body}</arg>
<doc>Sends a POST request on a previously created HTTP Session.</doc>
<status status="PASS" start="2025-05-26T18:53:42.121441" elapsed="0.467975"/>
</kw>
<kw name="Should Be Equal As Integers" owner="BuiltIn">
<msg time="2025-05-26T18:53:42.591234" level="INFO">Argument types are:
&lt;class 'int'&gt;
&lt;class 'str'&gt;</msg>
<arg>${response.status_code}</arg>
<arg>200</arg>
<doc>Fails if objects are unequal after converting them to integers.</doc>
<status status="PASS" start="2025-05-26T18:53:42.589957" elapsed="0.001422"/>
</kw>
<kw name="Dictionary Should Contain Key" owner="Collections">
<arg>${response.json()}</arg>
<arg>token</arg>
<doc>Fails if ``key`` is not found from ``dictionary``.</doc>
<status status="PASS" start="2025-05-26T18:53:42.591673" elapsed="0.000934"/>
</kw>
<kw name="Get From Dictionary" owner="Collections">
<msg time="2025-05-26T18:53:42.593619" level="INFO">${token} = 1a3b38d00a827cc</msg>
<var>${token}</var>
<arg>${response.json()}</arg>
<arg>token</arg>
<doc>Returns a value from the given ``dictionary`` based on the given ``key``.</doc>
<status status="PASS" start="2025-05-26T18:53:42.592837" elapsed="0.000827"/>
</kw>
<kw name="Set Variable" owner="BuiltIn">
<msg time="2025-05-26T18:53:42.594604" level="INFO">${status} = 200</msg>
<var>${status}</var>
<arg>${response.status_code}</arg>
<doc>Returns the given values which can then be assigned to a variables.</doc>
<status status="PASS" start="2025-05-26T18:53:42.593896" elapsed="0.000750"/>
</kw>
<return>
<value>${status}</value>
<value>${token}</value>
<status status="PASS" start="2025-05-26T18:53:42.594743" elapsed="0.000099"/>
</return>
<msg time="2025-05-26T18:53:42.595186" level="INFO">${auth_status} = 200</msg>
<msg time="2025-05-26T18:53:42.595251" level="INFO">${auth_token} = 1a3b38d00a827cc</msg>
<var>${auth_status}</var>
<var>${auth_token}</var>
<status status="PASS" start="2025-05-26T18:53:42.118759" elapsed="0.476528"/>
</kw>
<kw name="Create Dictionary" owner="BuiltIn">
<msg time="2025-05-26T18:53:42.595955" level="INFO">${headers} = {'Content-Type': 'application/json', 'Accept': 'application/json', 'Cookie': 'token=1a3b38d00a827cc'}</msg>
<var>${headers}</var>
<arg>Content-Type=application/json</arg>
<arg>Accept=application/json</arg>
<arg>Cookie=token=${auth_token}</arg>
<doc>Creates and returns a dictionary based on the given ``items``.</doc>
<status status="PASS" start="2025-05-26T18:53:42.595513" elapsed="0.000481"/>
</kw>
<kw name="Create Session" owner="RequestsLibrary">
<msg time="2025-05-26T18:53:42.596412" level="INFO">Creating Session using : alias=BookerAPI, url=https://restful-booker.herokuapp.com, headers={},                     cookies={}, auth=None, timeout=None, proxies=None, verify=False,                     debug=0 </msg>
<arg>BookerAPI</arg>
<arg>${BASE_URL}</arg>
<doc>Create Session: create a HTTP session to a server</doc>
<status status="PASS" start="2025-05-26T18:53:42.596200" elapsed="0.000644"/>
</kw>
<kw name="DELETE On Session" owner="RequestsLibrary">
<msg time="2025-05-26T18:53:43.094916" level="INFO">DELETE Request : url=https://restful-booker.herokuapp.com/booking/1468 
 path_url=/booking/1468 
 headers={'User-Agent': 'python-requests/2.32.3', 'Accept-Encoding': 'gzip, deflate', 'Accept': 'application/json', 'Connection': 'keep-alive', 'Content-Type': 'application/json', 'Cookie': 'token=1a3b38d00a827cc', 'Content-Length': '0'} 
 body=None 
 </msg>
<msg time="2025-05-26T18:53:43.095214" level="INFO">DELETE Response : url=https://restful-booker.herokuapp.com/booking/1468 
 status=201, reason=Created 
 headers={'Content-Length': '7', 'Content-Type': 'text/plain; charset=utf-8', 'Date': 'Mon, 26 May 2025 21:53:43 GMT', 'Etag': 'W/"7-rM9AyJuqT6iOan/xHh+AW+7K/T8"', 'Nel': '{"report_to":"heroku-nel","response_headers":["Via"],"max_age":3600,"success_fraction":0.01,"failure_fraction":0.1}', 'Report-To': '{"group":"heroku-nel","endpoints":[{"url":"https://nel.heroku.com/reports?s=d9J7lfI3ibWuKLMHW%2BO%2BOPfYllRdnxc4anWx83ZpVq0%3D\\u0026sid=c46efe9b-d3d2-4a0c-8c76-bfafa16c5add\\u0026ts=1748296423"}],"max_age":3600}', 'Reporting-Endpoints': 'heroku-nel="https://nel.heroku.com/reports?s=d9J7lfI3ibWuKLMHW%2BO%2BOPfYllRdnxc4anWx83ZpVq0%3D&amp;sid=c46efe9b-d3d2-4a0c-8c76-bfafa16c5add&amp;ts=1748296423"', 'Server': 'Heroku', 'Via': '1.1 heroku-router', 'X-Powered-By': 'Express'} 
 body=Created 
 </msg>
<msg time="2025-05-26T18:53:43.095671" level="INFO">${response} = &lt;Response [201]&gt;</msg>
<var>${response}</var>
<arg>BookerAPI</arg>
<arg>/booking/${booking_id}</arg>
<arg>headers=${headers}</arg>
<arg>expected_status=any</arg>
<doc>Sends a DELETE request on a previously created HTTP Session.</doc>
<status status="PASS" start="2025-05-26T18:53:42.597051" elapsed="0.498697"/>
</kw>
<kw name="Should Be Equal As Integers" owner="BuiltIn">
<msg time="2025-05-26T18:53:43.097721" level="INFO">Argument types are:
&lt;class 'int'&gt;
&lt;class 'str'&gt;</msg>
<arg>${response.status_code}</arg>
<arg>201</arg>
<doc>Fails if objects are unequal after converting them to integers.</doc>
<status status="PASS" start="2025-05-26T18:53:43.096356" elapsed="0.001514"/>
</kw>
<kw name="Log To Console" owner="BuiltIn">
<arg>${EMPTY}</arg>
<doc>Logs the given message to the console.</doc>
<status status="PASS" start="2025-05-26T18:53:43.098192" elapsed="0.001001"/>
</kw>
<kw name="Log To Console" owner="BuiltIn">
<arg>&gt;&gt;&gt; Booking deletado com sucesso. Status: ${response.status_code}</arg>
<doc>Logs the given message to the console.</doc>
<status status="PASS" start="2025-05-26T18:53:43.099426" elapsed="0.000868"/>
</kw>
<kw name="Log" owner="BuiltIn">
<msg time="2025-05-26T18:53:43.101243" level="INFO">201</msg>
<arg>${response.status_code}</arg>
<doc>Logs the given message with the given level.</doc>
<status status="PASS" start="2025-05-26T18:53:43.100519" elapsed="0.000859"/>
</kw>
<return>
<value>${response.status_code}</value>
<status status="PASS" start="2025-05-26T18:53:43.101484" elapsed="0.000112"/>
</return>
<arg>${booking_id}</arg>
<doc>Deletes a booking using the provided booking ID.
Returns the response status code.</doc>
<status status="PASS" start="2025-05-26T18:53:42.117640" elapsed="0.984675"/>
</kw>
<status status="PASS" start="2025-05-26T18:53:41.488428" elapsed="1.614245"/>
</test>
<test id="s1-t9" name="Ping status do server" line="36">
<kw name="PING PingHealtCheck" owner="Ping">
<kw name="Criando sessao e obtendo token" owner="_base">
<kw name="Create Session" owner="RequestsLibrary">
<msg time="2025-05-26T18:53:43.105201" level="INFO">Creating Session using : alias=BookerAPI, url=https://restful-booker.herokuapp.com, headers={},                     cookies={}, auth=None, timeout=None, proxies=None, verify=False,                     debug=0 </msg>
<arg>BookerAPI</arg>
<arg>${BASE_URL}</arg>
<doc>Create Session: create a HTTP session to a server</doc>
<status status="PASS" start="2025-05-26T18:53:43.104985" elapsed="0.000572"/>
</kw>
<kw name="Create Dictionary" owner="BuiltIn">
<msg time="2025-05-26T18:53:43.106248" level="INFO">${body} = {'username': 'admin', 'password': 'password123'}</msg>
<var>${body}</var>
<arg>username=${USERNAME}</arg>
<arg>password=${PASSWORD}</arg>
<doc>Creates and returns a dictionary based on the given ``items``.</doc>
<status status="PASS" start="2025-05-26T18:53:43.105799" elapsed="0.000639"/>
</kw>
<kw name="POST On Session" owner="RequestsLibrary">
<msg time="2025-05-26T18:53:43.574465" level="INFO">POST Request : url=https://restful-booker.herokuapp.com/auth 
 path_url=/auth 
 headers={'User-Agent': 'python-requests/2.32.3', 'Accept-Encoding': 'gzip, deflate', 'Accept': '*/*', 'Connection': 'keep-alive', 'Content-Length': '48', 'Content-Type': 'application/json'} 
 body=b'{"username": "admin", "password": "password123"}' 
 </msg>
<msg time="2025-05-26T18:53:43.574828" level="INFO">POST Response : url=https://restful-booker.herokuapp.com/auth 
 status=200, reason=OK 
 headers={'Content-Length': '27', 'Content-Type': 'application/json; charset=utf-8', 'Date': 'Mon, 26 May 2025 21:53:43 GMT', 'Etag': 'W/"1b-MjfORSnGrH6eJNtiSj5h9SYN19E"', 'Nel': '{"report_to":"heroku-nel","response_headers":["Via"],"max_age":3600,"success_fraction":0.01,"failure_fraction":0.1}', 'Report-To': '{"group":"heroku-nel","endpoints":[{"url":"https://nel.heroku.com/reports?s=d9J7lfI3ibWuKLMHW%2BO%2BOPfYllRdnxc4anWx83ZpVq0%3D\\u0026sid=c46efe9b-d3d2-4a0c-8c76-bfafa16c5add\\u0026ts=1748296423"}],"max_age":3600}', 'Reporting-Endpoints': 'heroku-nel="https://nel.heroku.com/reports?s=d9J7lfI3ibWuKLMHW%2BO%2BOPfYllRdnxc4anWx83ZpVq0%3D&amp;sid=c46efe9b-d3d2-4a0c-8c76-bfafa16c5add&amp;ts=1748296423"', 'Server': 'Heroku', 'Via': '1.1 heroku-router', 'X-Powered-By': 'Express'} 
 body={"token":"f3077215786a78b"} 
 </msg>
<msg time="2025-05-26T18:53:43.575365" level="INFO">${response} = &lt;Response [200]&gt;</msg>
<var>${response}</var>
<arg>BookerAPI</arg>
<arg>/auth</arg>
<arg>json=${body}</arg>
<doc>Sends a POST request on a previously created HTTP Session.</doc>
<status status="PASS" start="2025-05-26T18:53:43.106621" elapsed="0.468844"/>
</kw>
<kw name="Should Be Equal As Integers" owner="BuiltIn">
<msg time="2025-05-26T18:53:43.578356" level="INFO">Argument types are:
&lt;class 'int'&gt;
&lt;class 'str'&gt;</msg>
<arg>${response.status_code}</arg>
<arg>200</arg>
<doc>Fails if objects are unequal after converting them to integers.</doc>
<status status="PASS" start="2025-05-26T18:53:43.576262" elapsed="0.002247"/>
</kw>
<kw name="Dictionary Should Contain Key" owner="Collections">
<arg>${response.json()}</arg>
<arg>token</arg>
<doc>Fails if ``key`` is not found from ``dictionary``.</doc>
<status status="PASS" start="2025-05-26T18:53:43.578806" elapsed="0.001011"/>
</kw>
<kw name="Get From Dictionary" owner="Collections">
<msg time="2025-05-26T18:53:43.581484" level="INFO">${token} = f3077215786a78b</msg>
<var>${token}</var>
<arg>${response.json()}</arg>
<arg>token</arg>
<doc>Returns a value from the given ``dictionary`` based on the given ``key``.</doc>
<status status="PASS" start="2025-05-26T18:53:43.580177" elapsed="0.001366"/>
</kw>
<kw name="Set Variable" owner="BuiltIn">
<msg time="2025-05-26T18:53:43.582596" level="INFO">${status} = 200</msg>
<var>${status}</var>
<arg>${response.status_code}</arg>
<doc>Returns the given values which can then be assigned to a variables.</doc>
<status status="PASS" start="2025-05-26T18:53:43.581839" elapsed="0.000799"/>
</kw>
<return>
<value>${status}</value>
<value>${token}</value>
<status status="PASS" start="2025-05-26T18:53:43.582740" elapsed="0.000114"/>
</return>
<status status="PASS" start="2025-05-26T18:53:43.104601" elapsed="0.478555"/>
</kw>
<kw name="GET On Session" owner="RequestsLibrary">
<msg time="2025-05-26T18:53:43.701283" level="INFO">GET Request : url=https://restful-booker.herokuapp.com/ping 
 path_url=/ping 
 headers={'User-Agent': 'python-requests/2.32.3', 'Accept-Encoding': 'gzip, deflate', 'Accept': '*/*', 'Connection': 'keep-alive'} 
 body=None 
 </msg>
<msg time="2025-05-26T18:53:43.701585" level="INFO">GET Response : url=https://restful-booker.herokuapp.com/ping 
 status=201, reason=Created 
 headers={'Content-Length': '7', 'Content-Type': 'text/plain; charset=utf-8', 'Date': 'Mon, 26 May 2025 21:53:43 GMT', 'Etag': 'W/"7-rM9AyJuqT6iOan/xHh+AW+7K/T8"', 'Nel': '{"report_to":"heroku-nel","response_headers":["Via"],"max_age":3600,"success_fraction":0.01,"failure_fraction":0.1}', 'Report-To': '{"group":"heroku-nel","endpoints":[{"url":"https://nel.heroku.com/reports?s=d9J7lfI3ibWuKLMHW%2BO%2BOPfYllRdnxc4anWx83ZpVq0%3D\\u0026sid=c46efe9b-d3d2-4a0c-8c76-bfafa16c5add\\u0026ts=1748296423"}],"max_age":3600}', 'Reporting-Endpoints': 'heroku-nel="https://nel.heroku.com/reports?s=d9J7lfI3ibWuKLMHW%2BO%2BOPfYllRdnxc4anWx83ZpVq0%3D&amp;sid=c46efe9b-d3d2-4a0c-8c76-bfafa16c5add&amp;ts=1748296423"', 'Server': 'Heroku', 'Via': '1.1 heroku-router', 'X-Powered-By': 'Express'} 
 body=Created 
 </msg>
<msg time="2025-05-26T18:53:43.701977" level="INFO">${response} = &lt;Response [201]&gt;</msg>
<var>${response}</var>
<arg>BookerAPI</arg>
<arg>/ping</arg>
<doc>Sends a GET request on a previously created HTTP Session.</doc>
<status status="PASS" start="2025-05-26T18:53:43.583378" elapsed="0.118665"/>
</kw>
<kw name="Log To Console" owner="BuiltIn">
<arg>${EMPTY}</arg>
<doc>Logs the given message to the console.</doc>
<status status="PASS" start="2025-05-26T18:53:43.702639" elapsed="0.001390"/>
</kw>
<kw name="Log To Console" owner="BuiltIn">
<arg>&gt;&gt;&gt; Ping obtido com sucesso. Status: ${response.status_code}</arg>
<doc>Logs the given message to the console.</doc>
<status status="PASS" start="2025-05-26T18:53:43.704526" elapsed="0.000973"/>
</kw>
<status status="PASS" start="2025-05-26T18:53:43.104011" elapsed="0.601629"/>
</kw>
<status status="PASS" start="2025-05-26T18:53:43.103087" elapsed="0.602862"/>
</test>
<status status="PASS" start="2025-05-26T18:53:35.197658" elapsed="8.509215"/>
</suite>
<statistics>
<total>
<stat pass="9" fail="0" skip="0">All Tests</stat>
</total>
<tag>
</tag>
<suite>
<stat name="Tests All" id="s1" pass="9" fail="0" skip="0">Tests All</stat>
</suite>
</statistics>
<errors>
</errors>
</robot>
