<?xml version="1.0" encoding="UTF-8"?>
<robot generator="Robot 7.2.2 (Python 3.9.6 on darwin)" generated="2025-05-19T23:42:57.538888" rpa="false" schemaversion="5">
<suite id="s1" name="Tests" source="/Users/cas/PycharmProjects/Documentos-Repo/Documentos/RestFulBooker/tests/tests.robot">
<test id="s1-t1" name="Sessão autenticada com atatus HTTP 200" line="14">
<kw name="Printando retorno do status" owner="Auth">
<kw name="Criando sessao e obtendo token" owner="_base">
<kw name="Create Session" owner="RequestsLibrary">
<msg time="2025-05-19T23:42:57.592463" level="INFO">Creating Session using : alias=BookerAPI, url=https://restful-booker.herokuapp.com, headers={},                     cookies={}, auth=None, timeout=None, proxies=None, verify=False,                     debug=0 </msg>
<arg>BookerAPI</arg>
<arg>${BASE_URL}</arg>
<doc>Create Session: create a HTTP session to a server</doc>
<status status="PASS" start="2025-05-19T23:42:57.592368" elapsed="0.000216"/>
</kw>
<kw name="Create Dictionary" owner="BuiltIn">
<msg time="2025-05-19T23:42:57.592903" level="INFO">${body} = {'username': 'admin', 'password': 'password123'}</msg>
<var>${body}</var>
<arg>username=${USERNAME}</arg>
<arg>password=${PASSWORD}</arg>
<doc>Creates and returns a dictionary based on the given ``items``.</doc>
<status status="PASS" start="2025-05-19T23:42:57.592670" elapsed="0.000249"/>
</kw>
<kw name="POST On Session" owner="RequestsLibrary">
<msg time="2025-05-19T23:42:58.114659" level="INFO">POST Request : url=https://restful-booker.herokuapp.com/auth 
 path_url=/auth 
 headers={'User-Agent': 'python-requests/2.32.3', 'Accept-Encoding': 'gzip, deflate', 'Accept': '*/*', 'Connection': 'keep-alive', 'Content-Length': '48', 'Content-Type': 'application/json'} 
 body=b'{"username": "admin", "password": "password123"}' 
 </msg>
<msg time="2025-05-19T23:42:58.115107" level="INFO">POST Response : url=https://restful-booker.herokuapp.com/auth 
 status=200, reason=OK 
 headers={'Server': 'Cowboy', 'Report-To': '{"group":"heroku-nel","max_age":3600,"endpoints":[{"url":"https://nel.heroku.com/reports?ts=1747708978&amp;sid=c46efe9b-d3d2-4a0c-8c76-bfafa16c5add&amp;s=c26WD3a3zhCr%2BdVHcfU%2Bzn%2BMGJaeQ8FspWZKDpPN2x0%3D"}]}', 'Reporting-Endpoints': 'heroku-nel=https://nel.heroku.com/reports?ts=1747708978&amp;sid=c46efe9b-d3d2-4a0c-8c76-bfafa16c5add&amp;s=c26WD3a3zhCr%2BdVHcfU%2Bzn%2BMGJaeQ8FspWZKDpPN2x0%3D', 'Nel': '{"report_to":"heroku-nel","max_age":3600,"success_fraction":0.005,"failure_fraction":0.05,"response_headers":["Via"]}', 'Connection': 'keep-alive', 'X-Powered-By': 'Express', 'Content-Type': 'application/json; charset=utf-8', 'Content-Length': '27', 'Etag': 'W/"1b-HNRv8yogMrHeqCLaTBgWuDUZKb4"', 'Date': 'Tue, 20 May 2025 02:42:58 GMT', 'Via': '1.1 vegur'} 
 body={"token":"8e5370324fc86f8"} 
 </msg>
<msg time="2025-05-19T23:42:58.115653" level="INFO">${response} = &lt;Response [200]&gt;</msg>
<var>${response}</var>
<arg>BookerAPI</arg>
<arg>/auth</arg>
<arg>json=${body}</arg>
<doc>Sends a POST request on a previously created HTTP Session.</doc>
<status status="PASS" start="2025-05-19T23:42:57.592991" elapsed="0.522762"/>
</kw>
<kw name="Should Be Equal As Integers" owner="BuiltIn">
<msg time="2025-05-19T23:42:58.118125" level="INFO">Argument types are:
&lt;class 'int'&gt;
&lt;class 'str'&gt;</msg>
<arg>${response.status_code}</arg>
<arg>200</arg>
<doc>Fails if objects are unequal after converting them to integers.</doc>
<status status="PASS" start="2025-05-19T23:42:58.116612" elapsed="0.001685"/>
</kw>
<kw name="Dictionary Should Contain Key" owner="Collections">
<arg>${response.json()}</arg>
<arg>token</arg>
<doc>Fails if ``key`` is not found from ``dictionary``.</doc>
<status status="PASS" start="2025-05-19T23:42:58.118576" elapsed="0.000845"/>
</kw>
<kw name="Get From Dictionary" owner="Collections">
<msg time="2025-05-19T23:42:58.120386" level="INFO">${token} = 8e5370324fc86f8</msg>
<var>${token}</var>
<arg>${response.json()}</arg>
<arg>token</arg>
<doc>Returns a value from the given ``dictionary`` based on the given ``key``.</doc>
<status status="PASS" start="2025-05-19T23:42:58.119662" elapsed="0.000770"/>
</kw>
<kw name="Set Variable" owner="BuiltIn">
<msg time="2025-05-19T23:42:58.121289" level="INFO">${status} = 200</msg>
<var>${status}</var>
<arg>${response.status_code}</arg>
<doc>Returns the given values which can then be assigned to a variables.</doc>
<status status="PASS" start="2025-05-19T23:42:58.120632" elapsed="0.000697"/>
</kw>
<return>
<value>${status}</value>
<value>${token}</value>
<status status="PASS" start="2025-05-19T23:42:58.121411" elapsed="0.000080"/>
</return>
<msg time="2025-05-19T23:42:58.121773" level="INFO">${status} = 200</msg>
<msg time="2025-05-19T23:42:58.121837" level="INFO">${token} = 8e5370324fc86f8</msg>
<var>${status}</var>
<var>${token}</var>
<status status="PASS" start="2025-05-19T23:42:57.592030" elapsed="0.529842"/>
</kw>
<if>
<branch type="IF" condition="${status} == 200">
<kw name="Log To Console" owner="BuiltIn">
<arg>&gt;&gt;&gt; ${status}</arg>
<doc>Logs the given message to the console.</doc>
<status status="PASS" start="2025-05-19T23:42:58.122338" elapsed="0.000282"/>
</kw>
<status status="PASS" start="2025-05-19T23:42:58.122025" elapsed="0.000651"/>
</branch>
<branch type="ELSE">
<kw name="Log To Console" owner="BuiltIn">
<arg>&gt;&gt;&gt; Falha no login.</arg>
<doc>Logs the given message to the console.</doc>
<status status="NOT RUN" start="2025-05-19T23:42:58.122888" elapsed="0.000028"/>
</kw>
<status status="NOT RUN" start="2025-05-19T23:42:58.122715" elapsed="0.000249"/>
</branch>
<status status="PASS" start="2025-05-19T23:42:58.121977" elapsed="0.001017"/>
</if>
<status status="PASS" start="2025-05-19T23:42:57.591791" elapsed="0.531279"/>
</kw>
<status status="PASS" start="2025-05-19T23:42:57.591300" elapsed="0.532008"/>
</test>
<test id="s1-t2" name="Token de cesso Gerado com Sucesso" line="16">
<kw name="Printando retorno do token" owner="Auth">
<kw name="Criando sessao e obtendo token" owner="_base">
<kw name="Create Session" owner="RequestsLibrary">
<msg time="2025-05-19T23:42:58.125089" level="INFO">Creating Session using : alias=BookerAPI, url=https://restful-booker.herokuapp.com, headers={},                     cookies={}, auth=None, timeout=None, proxies=None, verify=False,                     debug=0 </msg>
<arg>BookerAPI</arg>
<arg>${BASE_URL}</arg>
<doc>Create Session: create a HTTP session to a server</doc>
<status status="PASS" start="2025-05-19T23:42:58.124902" elapsed="0.000418"/>
</kw>
<kw name="Create Dictionary" owner="BuiltIn">
<msg time="2025-05-19T23:42:58.125862" level="INFO">${body} = {'username': 'admin', 'password': 'password123'}</msg>
<var>${body}</var>
<arg>username=${USERNAME}</arg>
<arg>password=${PASSWORD}</arg>
<doc>Creates and returns a dictionary based on the given ``items``.</doc>
<status status="PASS" start="2025-05-19T23:42:58.125496" elapsed="0.000399"/>
</kw>
<kw name="POST On Session" owner="RequestsLibrary">
<msg time="2025-05-19T23:42:58.583000" level="INFO">POST Request : url=https://restful-booker.herokuapp.com/auth 
 path_url=/auth 
 headers={'User-Agent': 'python-requests/2.32.3', 'Accept-Encoding': 'gzip, deflate', 'Accept': '*/*', 'Connection': 'keep-alive', 'Content-Length': '48', 'Content-Type': 'application/json'} 
 body=b'{"username": "admin", "password": "password123"}' 
 </msg>
<msg time="2025-05-19T23:42:58.583331" level="INFO">POST Response : url=https://restful-booker.herokuapp.com/auth 
 status=200, reason=OK 
 headers={'Server': 'Cowboy', 'Report-To': '{"group":"heroku-nel","max_age":3600,"endpoints":[{"url":"https://nel.heroku.com/reports?ts=1747708978&amp;sid=c46efe9b-d3d2-4a0c-8c76-bfafa16c5add&amp;s=c26WD3a3zhCr%2BdVHcfU%2Bzn%2BMGJaeQ8FspWZKDpPN2x0%3D"}]}', 'Reporting-Endpoints': 'heroku-nel=https://nel.heroku.com/reports?ts=1747708978&amp;sid=c46efe9b-d3d2-4a0c-8c76-bfafa16c5add&amp;s=c26WD3a3zhCr%2BdVHcfU%2Bzn%2BMGJaeQ8FspWZKDpPN2x0%3D', 'Nel': '{"report_to":"heroku-nel","max_age":3600,"success_fraction":0.005,"failure_fraction":0.05,"response_headers":["Via"]}', 'Connection': 'keep-alive', 'X-Powered-By': 'Express', 'Content-Type': 'application/json; charset=utf-8', 'Content-Length': '27', 'Etag': 'W/"1b-fGvgZwuviGPGn7qsTTv+CNRNShA"', 'Date': 'Tue, 20 May 2025 02:42:58 GMT', 'Via': '1.1 vegur'} 
 body={"token":"aae09919c4c57db"} 
 </msg>
<msg time="2025-05-19T23:42:58.584111" level="INFO">${response} = &lt;Response [200]&gt;</msg>
<var>${response}</var>
<arg>BookerAPI</arg>
<arg>/auth</arg>
<arg>json=${body}</arg>
<doc>Sends a POST request on a previously created HTTP Session.</doc>
<status status="PASS" start="2025-05-19T23:42:58.126052" elapsed="0.458160"/>
</kw>
<kw name="Should Be Equal As Integers" owner="BuiltIn">
<msg time="2025-05-19T23:42:58.586775" level="INFO">Argument types are:
&lt;class 'int'&gt;
&lt;class 'str'&gt;</msg>
<arg>${response.status_code}</arg>
<arg>200</arg>
<doc>Fails if objects are unequal after converting them to integers.</doc>
<status status="PASS" start="2025-05-19T23:42:58.584943" elapsed="0.002033"/>
</kw>
<kw name="Dictionary Should Contain Key" owner="Collections">
<arg>${response.json()}</arg>
<arg>token</arg>
<doc>Fails if ``key`` is not found from ``dictionary``.</doc>
<status status="PASS" start="2025-05-19T23:42:58.587410" elapsed="0.001427"/>
</kw>
<kw name="Get From Dictionary" owner="Collections">
<msg time="2025-05-19T23:42:58.590642" level="INFO">${token} = aae09919c4c57db</msg>
<var>${token}</var>
<arg>${response.json()}</arg>
<arg>token</arg>
<doc>Returns a value from the given ``dictionary`` based on the given ``key``.</doc>
<status status="PASS" start="2025-05-19T23:42:58.589251" elapsed="0.001482"/>
</kw>
<kw name="Set Variable" owner="BuiltIn">
<msg time="2025-05-19T23:42:58.591877" level="INFO">${status} = 200</msg>
<var>${status}</var>
<arg>${response.status_code}</arg>
<doc>Returns the given values which can then be assigned to a variables.</doc>
<status status="PASS" start="2025-05-19T23:42:58.591176" elapsed="0.000744"/>
</kw>
<return>
<value>${status}</value>
<value>${token}</value>
<status status="PASS" start="2025-05-19T23:42:58.592003" elapsed="0.000053"/>
</return>
<msg time="2025-05-19T23:42:58.592285" level="INFO">${status} = 200</msg>
<msg time="2025-05-19T23:42:58.592340" level="INFO">${token} = aae09919c4c57db</msg>
<var>${status}</var>
<var>${token}</var>
<status status="PASS" start="2025-05-19T23:42:58.124608" elapsed="0.467761"/>
</kw>
<if>
<branch type="IF" condition="&quot;${token}&quot; != &quot;null&quot;">
<kw name="Log To Console" owner="BuiltIn">
<arg>&gt;&gt;&gt; ${token}</arg>
<doc>Logs the given message to the console.</doc>
<status status="PASS" start="2025-05-19T23:42:58.592731" elapsed="0.000228"/>
</kw>
<status status="PASS" start="2025-05-19T23:42:58.592468" elapsed="0.000534"/>
</branch>
<branch type="ELSE">
<kw name="Log To Console" owner="BuiltIn">
<arg>&gt;&gt;&gt; Falha no login.</arg>
<doc>Logs the given message to the console.</doc>
<status status="NOT RUN" start="2025-05-19T23:42:58.593147" elapsed="0.000020"/>
</kw>
<status status="NOT RUN" start="2025-05-19T23:42:58.593029" elapsed="0.000171"/>
</branch>
<status status="PASS" start="2025-05-19T23:42:58.592440" elapsed="0.000780"/>
</if>
<status status="PASS" start="2025-05-19T23:42:58.124187" elapsed="0.469083"/>
</kw>
<status status="PASS" start="2025-05-19T23:42:58.123567" elapsed="0.469854"/>
</test>
<test id="s1-t3" name="Listando bookings" line="18">
<kw name="GET GetBookingIds" owner="GetBookingIds">
<kw name="Criando sessao e obtendo token" owner="_base">
<kw name="Create Session" owner="RequestsLibrary">
<msg time="2025-05-19T23:42:58.594794" level="INFO">Creating Session using : alias=BookerAPI, url=https://restful-booker.herokuapp.com, headers={},                     cookies={}, auth=None, timeout=None, proxies=None, verify=False,                     debug=0 </msg>
<arg>BookerAPI</arg>
<arg>${BASE_URL}</arg>
<doc>Create Session: create a HTTP session to a server</doc>
<status status="PASS" start="2025-05-19T23:42:58.594645" elapsed="0.000314"/>
</kw>
<kw name="Create Dictionary" owner="BuiltIn">
<msg time="2025-05-19T23:42:58.595404" level="INFO">${body} = {'username': 'admin', 'password': 'password123'}</msg>
<var>${body}</var>
<arg>username=${USERNAME}</arg>
<arg>password=${PASSWORD}</arg>
<doc>Creates and returns a dictionary based on the given ``items``.</doc>
<status status="PASS" start="2025-05-19T23:42:58.595106" elapsed="0.000326"/>
</kw>
<kw name="POST On Session" owner="RequestsLibrary">
<msg time="2025-05-19T23:42:59.051543" level="INFO">POST Request : url=https://restful-booker.herokuapp.com/auth 
 path_url=/auth 
 headers={'User-Agent': 'python-requests/2.32.3', 'Accept-Encoding': 'gzip, deflate', 'Accept': '*/*', 'Connection': 'keep-alive', 'Content-Length': '48', 'Content-Type': 'application/json'} 
 body=b'{"username": "admin", "password": "password123"}' 
 </msg>
<msg time="2025-05-19T23:42:59.051934" level="INFO">POST Response : url=https://restful-booker.herokuapp.com/auth 
 status=200, reason=OK 
 headers={'Server': 'Cowboy', 'Report-To': '{"group":"heroku-nel","max_age":3600,"endpoints":[{"url":"https://nel.heroku.com/reports?ts=1747708979&amp;sid=c46efe9b-d3d2-4a0c-8c76-bfafa16c5add&amp;s=H%2F0KzD%2BaR8F00iHI0XtLcx7Yw0BeqRzxsMmidldTY7Y%3D"}]}', 'Reporting-Endpoints': 'heroku-nel=https://nel.heroku.com/reports?ts=1747708979&amp;sid=c46efe9b-d3d2-4a0c-8c76-bfafa16c5add&amp;s=H%2F0KzD%2BaR8F00iHI0XtLcx7Yw0BeqRzxsMmidldTY7Y%3D', 'Nel': '{"report_to":"heroku-nel","max_age":3600,"success_fraction":0.005,"failure_fraction":0.05,"response_headers":["Via"]}', 'Connection': 'keep-alive', 'X-Powered-By': 'Express', 'Content-Type': 'application/json; charset=utf-8', 'Content-Length': '27', 'Etag': 'W/"1b-8cT+V2A64z+YYQPNIevqxTcqB7c"', 'Date': 'Tue, 20 May 2025 02:42:59 GMT', 'Via': '1.1 vegur'} 
 body={"token":"c6249b989699418"} 
 </msg>
<msg time="2025-05-19T23:42:59.052437" level="INFO">${response} = &lt;Response [200]&gt;</msg>
<var>${response}</var>
<arg>BookerAPI</arg>
<arg>/auth</arg>
<arg>json=${body}</arg>
<doc>Sends a POST request on a previously created HTTP Session.</doc>
<status status="PASS" start="2025-05-19T23:42:58.595562" elapsed="0.456971"/>
</kw>
<kw name="Should Be Equal As Integers" owner="BuiltIn">
<msg time="2025-05-19T23:42:59.055154" level="INFO">Argument types are:
&lt;class 'int'&gt;
&lt;class 'str'&gt;</msg>
<arg>${response.status_code}</arg>
<arg>200</arg>
<doc>Fails if objects are unequal after converting them to integers.</doc>
<status status="PASS" start="2025-05-19T23:42:59.053306" elapsed="0.002057"/>
</kw>
<kw name="Dictionary Should Contain Key" owner="Collections">
<arg>${response.json()}</arg>
<arg>token</arg>
<doc>Fails if ``key`` is not found from ``dictionary``.</doc>
<status status="PASS" start="2025-05-19T23:42:59.055783" elapsed="0.001438"/>
</kw>
<kw name="Get From Dictionary" owner="Collections">
<msg time="2025-05-19T23:42:59.059020" level="INFO">${token} = c6249b989699418</msg>
<var>${token}</var>
<arg>${response.json()}</arg>
<arg>token</arg>
<doc>Returns a value from the given ``dictionary`` based on the given ``key``.</doc>
<status status="PASS" start="2025-05-19T23:42:59.057638" elapsed="0.001463"/>
</kw>
<kw name="Set Variable" owner="BuiltIn">
<msg time="2025-05-19T23:42:59.060257" level="INFO">${status} = 200</msg>
<var>${status}</var>
<arg>${response.status_code}</arg>
<doc>Returns the given values which can then be assigned to a variables.</doc>
<status status="PASS" start="2025-05-19T23:42:59.059576" elapsed="0.000719"/>
</kw>
<return>
<value>${status}</value>
<value>${token}</value>
<status status="PASS" start="2025-05-19T23:42:59.060373" elapsed="0.000150"/>
</return>
<status status="PASS" start="2025-05-19T23:42:58.594400" elapsed="0.466300"/>
</kw>
<kw name="GET On Session" owner="RequestsLibrary">
<msg time="2025-05-19T23:42:59.183275" level="INFO">GET Request : url=https://restful-booker.herokuapp.com/booking 
 path_url=/booking 
 headers={'User-Agent': 'python-requests/2.32.3', 'Accept-Encoding': 'gzip, deflate', 'Accept': '*/*', 'Connection': 'keep-alive'} 
 body=None 
 </msg>
<msg time="2025-05-19T23:42:59.183614" level="INFO">GET Response : url=https://restful-booker.herokuapp.com/booking 
 status=200, reason=OK 
 headers={'Server': 'Cowboy', 'Report-To': '{"group":"heroku-nel","max_age":3600,"endpoints":[{"url":"https://nel.heroku.com/reports?ts=1747708979&amp;sid=c46efe9b-d3d2-4a0c-8c76-bfafa16c5add&amp;s=H%2F0KzD%2BaR8F00iHI0XtLcx7Yw0BeqRzxsMmidldTY7Y%3D"}]}', 'Reporting-Endpoints': 'heroku-nel=https://nel.heroku.com/reports?ts=1747708979&amp;sid=c46efe9b-d3d2-4a0c-8c76-bfafa16c5add&amp;s=H%2F0KzD%2BaR8F00iHI0XtLcx7Yw0BeqRzxsMmidldTY7Y%3D', 'Nel': '{"report_to":"heroku-nel","max_age":3600,"success_fraction":0.005,"failure_fraction":0.05,"response_headers":["Via"]}', 'Connection': 'keep-alive', 'X-Powered-By': 'Express', 'Content-Type': 'application/json; charset=utf-8', 'Content-Length': '16679', 'Etag': 'W/"4127-pQGFhW9tjj57R0VuDW8XWS+rYFo"', 'Date': 'Tue, 20 May 2025 02:42:59 GMT', 'Via': '1.1 vegur'} 
 body=[{"bookingid":981},{"bookingid":15},{"bookingid":1261},{"bookingid":705},{"bookingid":730},{"bookingid":1288},{"bookingid":796},{"bookingid":145},{"bookingid":635},{"bookingid":1125},{"bookingid":209},{"bookingid":801},{"bookingid":845},{"bookingid":168},{"bookingid":626},{"bookingid":1062},{"bookingid":80},{"bookingid":139},{"bookingid":661},{"bookingid":265},{"bookingid":1048},{"bookingid":1222},{"bookingid":391},{"bookingid":457},{"bookingid":455},{"bookingid":878},{"bookingid":1},{"bookingid":4},{"bookingid":692},{"bookingid":538},{"bookingid":482},{"bookingid":287},{"bookingid":797},{"bookingid":749},{"bookingid":1281},{"bookingid":458},{"bookingid":329},{"bookingid":463},{"bookingid":624},{"bookingid":166},{"bookingid":279},{"bookingid":339},{"bookingid":1156},{"bookingid":734},{"bookingid":728},{"bookingid":401},{"bookingid":529},{"bookingid":683},{"bookingid":784},{"bookingid":1167},{"bookingid":1055},{"bookingid":63},{"bookingid":1112},{"bookingid":980},{"bookingid":817},{"bookingid":1090},{"bookingid":123},{"bookingid":328},{"bookingid":1220},{"bookingid":570},{"bookingid":122},{"bookingid":121},{"bookingid":1127},{"bookingid":1135},{"bookingid":622},{"bookingid":927},{"bookingid":1069},{"bookingid":1247},{"bookingid":1286},{"bookingid":237},{"bookingid":207},{"bookingid":761},{"bookingid":1175},{"bookingid":603},{"bookingid":830},{"bookingid":1158},{"bookingid":434},{"bookingid":921},{"bookingid":452},{"bookingid":86},{"bookingid":1033},{"bookingid":1065},{"bookingid":461},{"bookingid":247},{"bookingid":762},{"bookingid":323},{"bookingid":849},{"bookingid":1187},{"bookingid":1002},{"bookingid":6},{"bookingid":1241},{"bookingid":274},{"bookingid":595},{"bookingid":615},{"bookingid":575},{"bookingid":945},{"bookingid":341},{"bookingid":297},{"bookingid":437},{"bookingid":50},{"bookingid":53},{"bookingid":541},{"bookingid":383},{"bookingid":752},{"bookingid":511},{"bookingid":70},{"bookingid":386},{"bookingid":775},{"bookingid":182},{"bookingid":44},{"bookingid":1173},{"bookingid":647},{"bookingid":1138},{"bookingid":1041},{"bookingid":912},{"bookingid":1118},{"bookingid":1225},{"bookingid":925},{"bookingid":990},{"bookingid":891},{"bookingid":969},{"bookingid":942},{"bookingid":506},{"bookingid":693},{"bookingid":1239},{"bookingid":711},{"bookingid":984},{"bookingid":1032},{"bookingid":1012},{"bookingid":485},{"bookingid":1145},{"bookingid":588},{"bookingid":930},{"bookingid":54},{"bookingid":1266},{"bookingid":540},{"bookingid":562},{"bookingid":219},{"bookingid":908},{"bookingid":820},{"bookingid":642},{"bookingid":883},{"bookingid":1170},{"bookingid":106},{"bookingid":35},{"bookingid":1047},{"bookingid":1227},{"bookingid":107},{"bookingid":967},{"bookingid":1088},{"bookingid":826},{"bookingid":72},{"bookingid":124},{"bookingid":1151},{"bookingid":551},{"bookingid":443},{"bookingid":1013},{"bookingid":488},{"bookingid":1022},{"bookingid":101},{"bookingid":172},{"bookingid":1183},{"bookingid":950},{"bookingid":1293},{"bookingid":866},{"bookingid":1206},{"bookingid":1176},{"bookingid":68},{"bookingid":427},{"bookingid":1182},{"bookingid":90},{"bookingid":792},{"bookingid":212},{"bookingid":1274},{"bookingid":374},{"bookingid":112},{"bookingid":768},{"bookingid":333},{"bookingid":377},{"bookingid":81},{"bookingid":353},{"bookingid":1279},{"bookingid":60},{"bookingid":38},{"bookingid":653},{"bookingid":1248},{"bookingid":530},{"bookingid":502},{"bookingid":113},{"bookingid":12},{"bookingid":577},{"bookingid":966},{"bookingid":232},{"bookingid":283},{"bookingid":273},{"bookingid":481},{"bookingid":841},{"bookingid":17},{"bookingid":920},{"bookingid":774},{"bookingid":758},{"bookingid":1051},{"bookingid":767},{"bookingid":744},{"bookingid":813},{"bookingid":602},{"bookingid":285},{"bookingid":667},{"bookingid":1209},{"bookingid":881},{"bookingid":475},{"bookingid":380},{"bookingid":609},{"bookingid":1115},{"bookingid":1202},{"bookingid":360},{"bookingid":685},{"bookingid":1121},{"bookingid":1027},{"bookingid":829},{"bookingid":716},{"bookingid":1184},{"bookingid":1275},{"bookingid":999},{"bookingid":911},{"bookingid":688},{"bookingid":156},{"bookingid":931},{"bookingid":1123},{"bookingid":598},{"bookingid":392},{"bookingid":568},{"bookingid":88},{"bookingid":662},{"bookingid":895},{"bookingid":1316},{"bookingid":923},{"bookingid":1082},{"bookingid":91},{"bookingid":651},{"bookingid":1037},{"bookingid":26},{"bookingid":120},{"bookingid":413},{"bookingid":743},{"bookingid":860},{"bookingid":336},{"bookingid":169},{"bookingid":682},{"bookingid":270},{"bookingid":45},{"bookingid":108},{"bookingid":1106},{"bookingid":523},{"bookingid":167},{"bookingid":1214},{"bookingid":574},{"bookingid":78},{"bookingid":639},{"bookingid":49},{"bookingid":64},{"bookingid":1294},{"bookingid":1031},{"bookingid":611},{"bookingid":1134},{"bookingid":1130},{"bookingid":31},{"bookingid":759},{"bookingid":678},{"bookingid":1094},{"bookingid":1053},{"bookingid":535},{"bookingid":357},{"bookingid":1218},{"bookingid":766},{"bookingid":1192},{"bookingid":572},{"bookingid":98},{"bookingid":412},{"bookingid":132},{"bookingid":490},{"bookingid":650},{"bookingid":982},{"bookingid":407},{"bookingid":1309},{"bookingid":1233},{"bookingid":857},{"bookingid":174},{"bookingid":800},{"bookingid":397},{"bookingid":819},{"bookingid":659},{"bookingid":814},{"bookingid":1287},{"bookingid":1001},{"bookingid":325},{"bookingid":499},{"bookingid":1117},{"bookingid":415},{"bookingid":939},{"bookingid":745},{"bookingid":159},{"bookingid":192},{"bookingid":875},{"bookingid":32},{"bookingid":901},{"bookingid":36},{"bookingid":388},{"bookingid":715},{"bookingid":643},{"bookingid":1043},{"bookingid":1251},{"bookingid":1061},{"bookingid":877},{"bookingid":700},{"bookingid":1232},{"bookingid":547},{"bookingid":1038},{"bookingid":709},{"bookingid":1250},{"bookingid":449},{"bookingid":694},{"bookingid":57},{"bookingid":366},{"bookingid":40},{"bookingid":1067},{"bookingid":808},{"bookingid":199},{"bookingid":116},{"bookingid":489},{"bookingid":1263},{"bookingid":670},{"bookingid":229},{"bookingid":1238},{"bookingid":27},{"bookingid":1146},{"bookingid":578},{"bookingid":1044},{"bookingid":933},{"bookingid":686},{"bookingid":1015},{"bookingid":7},{"bookingid":28},{"bookingid":1208},{"bookingid":740},{"bookingid":16},{"bookingid":187},{"bookingid":644},{"bookingid":230},{"bookingid":296},{"bookingid":1058},{"bookingid":1292},{"bookingid":97},{"bookingid":948},{"bookingid":267},{"bookingid":1166},{"bookingid":938},{"bookingid":1228},{"bookingid":1253},{"bookingid":421},{"bookingid":405},{"bookingid":620},{"bookingid":717},{"bookingid":335},{"bookingid":954},{"bookingid":379},{"bookingid":1235},{"bookingid":163},{"bookingid":460},{"bookingid":1203},{"bookingid":1071},{"bookingid":646},{"bookingid":288},{"bookingid":8},{"bookingid":587},{"bookingid":521},{"bookingid":589},{"bookingid":313},{"bookingid":430},{"bookingid":307},{"bookingid":524},{"bookingid":103},{"bookingid":698},{"bookingid":663},{"bookingid":905},{"bookingid":791},{"bookingid":104},{"bookingid":218},{"bookingid":1191},{"bookingid":304},{"bookingid":918},{"bookingid":262},{"bookingid":780},{"bookingid":23},{"bookingid":1098},{"bookingid":135},{"bookingid":1198},{"bookingid":559},{"bookingid":87},{"bookingid":140},{"bookingid":315},{"bookingid":998},{"bookingid":604},{"bookingid":1077},{"bookingid":1163},{"bookingid":18},{"bookingid":790},{"bookingid":130},{"bookingid":58},{"bookingid":417},{"bookingid":14},{"bookingid":43},{"bookingid":607},{"bookingid":47},{"bookingid":510},{"bookingid":1200},{"bookingid":1296},{"bookingid":1020},{"bookingid":1026},{"bookingid":286},{"bookingid":903},{"bookingid":807},{"bookingid":525},{"bookingid":373},{"bookingid":394},{"bookingid":869},{"bookingid":1060},{"bookingid":699},{"bookingid":150},{"bookingid":1314},{"bookingid":785},{"bookingid":910},{"bookingid":1161},{"bookingid":665},{"bookingid":189},{"bookingid":205},{"bookingid":991},{"bookingid":410},{"bookingid":825},{"bookingid":223},{"bookingid":5},{"bookingid":290},{"bookingid":1028},{"bookingid":929},{"bookingid":851},{"bookingid":862},{"bookingid":24},{"bookingid":56},{"bookingid":628},{"bookingid":1272},{"bookingid":428},{"bookingid":480},{"bookingid":486},{"bookingid":1132},{"bookingid":344},{"bookingid":351},{"bookingid":913},{"bookingid":936},{"bookingid":20},{"bookingid":324},{"bookingid":340},{"bookingid":1116},{"bookingid":1021},{"bookingid":1252},{"bookingid":503},{"bookingid":220},{"bookingid":46},{"bookingid":181},{"bookingid":444},{"bookingid":634},{"bookingid":256},{"bookingid":779},{"bookingid":1255},{"bookingid":672},{"bookingid":468},{"bookingid":579},{"bookingid":733},{"bookingid":1074},{"bookingid":1212},{"bookingid":164},{"bookingid":1122},{"bookingid":1159},{"bookingid":879},{"bookingid":61},{"bookingid":13},{"bookingid":836},{"bookingid":736},{"bookingid":348},{"bookingid":590},{"bookingid":1190},{"bookingid":466},{"bookingid":944},{"bookingid":890},{"bookingid":295},{"bookingid":188},{"bookingid":134},{"bookingid":608},{"bookingid":874},{"bookingid":194},{"bookingid":731},{"bookingid":9},{"bookingid":492},{"bookingid":882},{"bookingid":773},{"bookingid":934},{"bookingid":115},{"bookingid":613},{"bookingid":110},{"bookingid":892},{"bookingid":1150},{"bookingid":1155},{"bookingid":1011},{"bookingid":1193},{"bookingid":183},{"bookingid":539},{"bookingid":832},{"bookingid":649},{"bookingid":909},{"bookingid":671},{"bookingid":305},{"bookingid":308},{"bookingid":803},{"bookingid":474},{"bookingid":29},{"bookingid":375},{"bookingid":975},{"bookingid":787},{"bookingid":440},{"bookingid":1254},{"bookingid":674},{"bookingid":42},{"bookingid":719},{"bookingid":436},{"bookingid":1260},{"bookingid":200},{"bookingid":812},{"bookingid":462},{"bookingid":974},{"bookingid":356},{"bookingid":542},{"bookingid":596},{"bookingid":902},{"bookingid":280},{"bookingid":255},{"bookingid":691},{"bookingid":623},{"bookingid":476},{"bookingid":962},{"bookingid":320},{"bookingid":1297},{"bookingid":448},{"bookingid":109... (set the log level to DEBUG or TRACE to see the full content) 
 </msg>
<msg time="2025-05-19T23:42:59.184447" level="INFO">${response} = &lt;Response [200]&gt;</msg>
<var>${response}</var>
<arg>BookerAPI</arg>
<arg>/booking</arg>
<doc>Sends a GET request on a previously created HTTP Session.</doc>
<status status="PASS" start="2025-05-19T23:42:59.060865" elapsed="0.123640"/>
</kw>
<if>
<branch type="IF" condition="${response.status_code}==200">
<kw name="Log To Console" owner="BuiltIn">
<arg>&gt;&gt;&gt; ${response.status_code}</arg>
<doc>Logs the given message to the console.</doc>
<status status="PASS" start="2025-05-19T23:42:59.185894" elapsed="0.000916"/>
</kw>
<status status="PASS" start="2025-05-19T23:42:59.184780" elapsed="0.002108"/>
</branch>
<branch type="ELSE">
<kw name="Log To Console" owner="BuiltIn">
<arg>&gt;&gt;&gt; Falha ao buscar bookings</arg>
<doc>Logs the given message to the console.</doc>
<status status="NOT RUN" start="2025-05-19T23:42:59.187169" elapsed="0.000037"/>
</kw>
<status status="NOT RUN" start="2025-05-19T23:42:59.186942" elapsed="0.000325"/>
</branch>
<status status="PASS" start="2025-05-19T23:42:59.184703" elapsed="0.002602"/>
</if>
<status status="PASS" start="2025-05-19T23:42:58.594072" elapsed="0.593340"/>
</kw>
<status status="PASS" start="2025-05-19T23:42:58.593617" elapsed="0.594084"/>
</test>
<test id="s1-t4" name="Buscando bookings por ID" line="20">
<kw name="Set Variable" owner="BuiltIn">
<msg time="2025-05-19T23:42:59.188958" level="INFO">${booking_id} = 1</msg>
<var>${booking_id}</var>
<arg>1</arg>
<doc>Returns the given values which can then be assigned to a variables.</doc>
<status status="PASS" start="2025-05-19T23:42:59.188678" elapsed="0.000325"/>
</kw>
<kw name="GET GetBooking" owner="GetBooking">
<kw name="Criando sessao e obtendo token" owner="_base">
<kw name="Create Session" owner="RequestsLibrary">
<msg time="2025-05-19T23:42:59.190814" level="INFO">Creating Session using : alias=BookerAPI, url=https://restful-booker.herokuapp.com, headers={},                     cookies={}, auth=None, timeout=None, proxies=None, verify=False,                     debug=0 </msg>
<arg>BookerAPI</arg>
<arg>${BASE_URL}</arg>
<doc>Create Session: create a HTTP session to a server</doc>
<status status="PASS" start="2025-05-19T23:42:59.190590" elapsed="0.000498"/>
</kw>
<kw name="Create Dictionary" owner="BuiltIn">
<msg time="2025-05-19T23:42:59.191729" level="INFO">${body} = {'username': 'admin', 'password': 'password123'}</msg>
<var>${body}</var>
<arg>username=${USERNAME}</arg>
<arg>password=${PASSWORD}</arg>
<doc>Creates and returns a dictionary based on the given ``items``.</doc>
<status status="PASS" start="2025-05-19T23:42:59.191291" elapsed="0.000475"/>
</kw>
<kw name="POST On Session" owner="RequestsLibrary">
<msg time="2025-05-19T23:42:59.654663" level="INFO">POST Request : url=https://restful-booker.herokuapp.com/auth 
 path_url=/auth 
 headers={'User-Agent': 'python-requests/2.32.3', 'Accept-Encoding': 'gzip, deflate', 'Accept': '*/*', 'Connection': 'keep-alive', 'Content-Length': '48', 'Content-Type': 'application/json'} 
 body=b'{"username": "admin", "password": "password123"}' 
 </msg>
<msg time="2025-05-19T23:42:59.655053" level="INFO">POST Response : url=https://restful-booker.herokuapp.com/auth 
 status=200, reason=OK 
 headers={'Server': 'Cowboy', 'Report-To': '{"group":"heroku-nel","max_age":3600,"endpoints":[{"url":"https://nel.heroku.com/reports?ts=1747708979&amp;sid=c46efe9b-d3d2-4a0c-8c76-bfafa16c5add&amp;s=H%2F0KzD%2BaR8F00iHI0XtLcx7Yw0BeqRzxsMmidldTY7Y%3D"}]}', 'Reporting-Endpoints': 'heroku-nel=https://nel.heroku.com/reports?ts=1747708979&amp;sid=c46efe9b-d3d2-4a0c-8c76-bfafa16c5add&amp;s=H%2F0KzD%2BaR8F00iHI0XtLcx7Yw0BeqRzxsMmidldTY7Y%3D', 'Nel': '{"report_to":"heroku-nel","max_age":3600,"success_fraction":0.005,"failure_fraction":0.05,"response_headers":["Via"]}', 'Connection': 'keep-alive', 'X-Powered-By': 'Express', 'Content-Type': 'application/json; charset=utf-8', 'Content-Length': '27', 'Etag': 'W/"1b-qtYWWG/nAR6veyrQ4QFE1qCzj2I"', 'Date': 'Tue, 20 May 2025 02:42:59 GMT', 'Via': '1.1 vegur'} 
 body={"token":"147b74729ca98f6"} 
 </msg>
<msg time="2025-05-19T23:42:59.655595" level="INFO">${response} = &lt;Response [200]&gt;</msg>
<var>${response}</var>
<arg>BookerAPI</arg>
<arg>/auth</arg>
<arg>json=${body}</arg>
<doc>Sends a POST request on a previously created HTTP Session.</doc>
<status status="PASS" start="2025-05-19T23:42:59.191948" elapsed="0.463746"/>
</kw>
<kw name="Should Be Equal As Integers" owner="BuiltIn">
<msg time="2025-05-19T23:42:59.657827" level="INFO">Argument types are:
&lt;class 'int'&gt;
&lt;class 'str'&gt;</msg>
<arg>${response.status_code}</arg>
<arg>200</arg>
<doc>Fails if objects are unequal after converting them to integers.</doc>
<status status="PASS" start="2025-05-19T23:42:59.656567" elapsed="0.001376"/>
</kw>
<kw name="Dictionary Should Contain Key" owner="Collections">
<arg>${response.json()}</arg>
<arg>token</arg>
<doc>Fails if ``key`` is not found from ``dictionary``.</doc>
<status status="PASS" start="2025-05-19T23:42:59.658192" elapsed="0.000873"/>
</kw>
<kw name="Get From Dictionary" owner="Collections">
<msg time="2025-05-19T23:42:59.660030" level="INFO">${token} = 147b74729ca98f6</msg>
<var>${token}</var>
<arg>${response.json()}</arg>
<arg>token</arg>
<doc>Returns a value from the given ``dictionary`` based on the given ``key``.</doc>
<status status="PASS" start="2025-05-19T23:42:59.659306" elapsed="0.000767"/>
</kw>
<kw name="Set Variable" owner="BuiltIn">
<msg time="2025-05-19T23:42:59.660917" level="INFO">${status} = 200</msg>
<var>${status}</var>
<arg>${response.status_code}</arg>
<doc>Returns the given values which can then be assigned to a variables.</doc>
<status status="PASS" start="2025-05-19T23:42:59.660292" elapsed="0.000661"/>
</kw>
<return>
<value>${status}</value>
<value>${token}</value>
<status status="PASS" start="2025-05-19T23:42:59.661044" elapsed="0.000087"/>
</return>
<status status="PASS" start="2025-05-19T23:42:59.190218" elapsed="0.471192"/>
</kw>
<kw name="Create Dictionary" owner="BuiltIn">
<msg time="2025-05-19T23:42:59.662002" level="INFO">&amp;{headers} = { Accept=application/json }</msg>
<var>&amp;{headers}</var>
<arg>Accept=application/json</arg>
<doc>Creates and returns a dictionary based on the given ``items``.</doc>
<status status="PASS" start="2025-05-19T23:42:59.661629" elapsed="0.000411"/>
</kw>
<kw name="GET On Session" owner="RequestsLibrary">
<msg time="2025-05-19T23:42:59.778247" level="INFO">GET Request : url=https://restful-booker.herokuapp.com/booking/1 
 path_url=/booking/1 
 headers={'User-Agent': 'python-requests/2.32.3', 'Accept-Encoding': 'gzip, deflate', 'Accept': 'application/json', 'Connection': 'keep-alive'} 
 body=None 
 </msg>
<msg time="2025-05-19T23:42:59.778664" level="INFO">GET Response : url=https://restful-booker.herokuapp.com/booking/1 
 status=200, reason=OK 
 headers={'Server': 'Cowboy', 'Report-To': '{"group":"heroku-nel","max_age":3600,"endpoints":[{"url":"https://nel.heroku.com/reports?ts=1747708979&amp;sid=c46efe9b-d3d2-4a0c-8c76-bfafa16c5add&amp;s=H%2F0KzD%2BaR8F00iHI0XtLcx7Yw0BeqRzxsMmidldTY7Y%3D"}]}', 'Reporting-Endpoints': 'heroku-nel=https://nel.heroku.com/reports?ts=1747708979&amp;sid=c46efe9b-d3d2-4a0c-8c76-bfafa16c5add&amp;s=H%2F0KzD%2BaR8F00iHI0XtLcx7Yw0BeqRzxsMmidldTY7Y%3D', 'Nel': '{"report_to":"heroku-nel","max_age":3600,"success_fraction":0.005,"failure_fraction":0.05,"response_headers":["Via"]}', 'Connection': 'keep-alive', 'X-Powered-By': 'Express', 'Content-Type': 'application/json; charset=utf-8', 'Content-Length': '174', 'Etag': 'W/"ae-hLwAZuC6UqzgWRVcAQNr2gb8pLg"', 'Date': 'Tue, 20 May 2025 02:42:59 GMT', 'Via': '1.1 vegur'} 
 body={"firstname":"Sally","lastname":"Ericsson","totalprice":270,"depositpaid":false,"bookingdates":{"checkin":"2022-01-06","checkout":"2023-11-14"},"additionalneeds":"Breakfast"} 
 </msg>
<msg time="2025-05-19T23:42:59.779233" level="INFO">${response} = &lt;Response [200]&gt;</msg>
<var>${response}</var>
<arg>BookerAPI</arg>
<arg>/booking/${booking_id}</arg>
<arg>headers=${headers}</arg>
<doc>Sends a GET request on a previously created HTTP Session.</doc>
<status status="PASS" start="2025-05-19T23:42:59.662228" elapsed="0.117111"/>
</kw>
<if>
<branch type="IF" condition="${response.status_code} == 200">
<kw name="Log To Console" owner="BuiltIn">
<arg>&gt;&gt;&gt; ${response.status_code}</arg>
<doc>Logs the given message to the console.</doc>
<status status="PASS" start="2025-05-19T23:42:59.782235" elapsed="0.001678"/>
</kw>
<status status="PASS" start="2025-05-19T23:42:59.780119" elapsed="0.003882"/>
</branch>
<branch type="ELSE">
<kw name="Log To Console" owner="BuiltIn">
<arg>&gt;&gt;&gt; Falha ao buscar booking. Status: ${response.status_code}</arg>
<doc>Logs the given message to the console.</doc>
<status status="NOT RUN" start="2025-05-19T23:42:59.784234" elapsed="0.000030"/>
</kw>
<status status="NOT RUN" start="2025-05-19T23:42:59.784057" elapsed="0.000259"/>
</branch>
<status status="PASS" start="2025-05-19T23:42:59.779976" elapsed="0.004373"/>
</if>
<arg>${booking_id}</arg>
<status status="PASS" start="2025-05-19T23:42:59.189512" elapsed="0.594958"/>
</kw>
<status status="PASS" start="2025-05-19T23:42:59.188065" elapsed="0.596687"/>
</test>
<test id="s1-t5" name="Criando booking" line="24">
<kw name="POST CreateBooking" owner="CreateBooking">
<kw name="Criando sessao e obtendo token" owner="_base">
<kw name="Create Session" owner="RequestsLibrary">
<msg time="2025-05-19T23:42:59.787678" level="INFO">Creating Session using : alias=BookerAPI, url=https://restful-booker.herokuapp.com, headers={},                     cookies={}, auth=None, timeout=None, proxies=None, verify=False,                     debug=0 </msg>
<arg>BookerAPI</arg>
<arg>${BASE_URL}</arg>
<doc>Create Session: create a HTTP session to a server</doc>
<status status="PASS" start="2025-05-19T23:42:59.787444" elapsed="0.000677"/>
</kw>
<kw name="Create Dictionary" owner="BuiltIn">
<msg time="2025-05-19T23:42:59.789379" level="INFO">${body} = {'username': 'admin', 'password': 'password123'}</msg>
<var>${body}</var>
<arg>username=${USERNAME}</arg>
<arg>password=${PASSWORD}</arg>
<doc>Creates and returns a dictionary based on the given ``items``.</doc>
<status status="PASS" start="2025-05-19T23:42:59.788593" elapsed="0.000857"/>
</kw>
<kw name="POST On Session" owner="RequestsLibrary">
<msg time="2025-05-19T23:43:00.256097" level="INFO">POST Request : url=https://restful-booker.herokuapp.com/auth 
 path_url=/auth 
 headers={'User-Agent': 'python-requests/2.32.3', 'Accept-Encoding': 'gzip, deflate', 'Accept': '*/*', 'Connection': 'keep-alive', 'Content-Length': '48', 'Content-Type': 'application/json'} 
 body=b'{"username": "admin", "password": "password123"}' 
 </msg>
<msg time="2025-05-19T23:43:00.256483" level="INFO">POST Response : url=https://restful-booker.herokuapp.com/auth 
 status=200, reason=OK 
 headers={'Server': 'Cowboy', 'Report-To': '{"group":"heroku-nel","max_age":3600,"endpoints":[{"url":"https://nel.heroku.com/reports?ts=1747708980&amp;sid=c46efe9b-d3d2-4a0c-8c76-bfafa16c5add&amp;s=TAylMnUJtCsUtHYpE9Cbl8M%2B%2FBlW9%2BL8EQz8uGbqxSY%3D"}]}', 'Reporting-Endpoints': 'heroku-nel=https://nel.heroku.com/reports?ts=1747708980&amp;sid=c46efe9b-d3d2-4a0c-8c76-bfafa16c5add&amp;s=TAylMnUJtCsUtHYpE9Cbl8M%2B%2FBlW9%2BL8EQz8uGbqxSY%3D', 'Nel': '{"report_to":"heroku-nel","max_age":3600,"success_fraction":0.005,"failure_fraction":0.05,"response_headers":["Via"]}', 'Connection': 'keep-alive', 'X-Powered-By': 'Express', 'Content-Type': 'application/json; charset=utf-8', 'Content-Length': '27', 'Etag': 'W/"1b-UnT/oQEGUcu4hLD68HyEynSGLww"', 'Date': 'Tue, 20 May 2025 02:43:00 GMT', 'Via': '1.1 vegur'} 
 body={"token":"1b5860e4c4f51b5"} 
 </msg>
<msg time="2025-05-19T23:43:00.257025" level="INFO">${response} = &lt;Response [200]&gt;</msg>
<var>${response}</var>
<arg>BookerAPI</arg>
<arg>/auth</arg>
<arg>json=${body}</arg>
<doc>Sends a POST request on a previously created HTTP Session.</doc>
<status status="PASS" start="2025-05-19T23:42:59.789746" elapsed="0.467383"/>
</kw>
<kw name="Should Be Equal As Integers" owner="BuiltIn">
<msg time="2025-05-19T23:43:00.259943" level="INFO">Argument types are:
&lt;class 'int'&gt;
&lt;class 'str'&gt;</msg>
<arg>${response.status_code}</arg>
<arg>200</arg>
<doc>Fails if objects are unequal after converting them to integers.</doc>
<status status="PASS" start="2025-05-19T23:43:00.257942" elapsed="0.002212"/>
</kw>
<kw name="Dictionary Should Contain Key" owner="Collections">
<arg>${response.json()}</arg>
<arg>token</arg>
<doc>Fails if ``key`` is not found from ``dictionary``.</doc>
<status status="PASS" start="2025-05-19T23:43:00.260597" elapsed="0.001111"/>
</kw>
<kw name="Get From Dictionary" owner="Collections">
<msg time="2025-05-19T23:43:00.262775" level="INFO">${token} = 1b5860e4c4f51b5</msg>
<var>${token}</var>
<arg>${response.json()}</arg>
<arg>token</arg>
<doc>Returns a value from the given ``dictionary`` based on the given ``key``.</doc>
<status status="PASS" start="2025-05-19T23:43:00.262005" elapsed="0.000812"/>
</kw>
<kw name="Set Variable" owner="BuiltIn">
<msg time="2025-05-19T23:43:00.263552" level="INFO">${status} = 200</msg>
<var>${status}</var>
<arg>${response.status_code}</arg>
<doc>Returns the given values which can then be assigned to a variables.</doc>
<status status="PASS" start="2025-05-19T23:43:00.263001" elapsed="0.000585"/>
</kw>
<return>
<value>${status}</value>
<value>${token}</value>
<status status="PASS" start="2025-05-19T23:43:00.263658" elapsed="0.000057"/>
</return>
<status status="PASS" start="2025-05-19T23:42:59.787064" elapsed="0.476838"/>
</kw>
<kw name="Create Dictionary" owner="BuiltIn">
<msg time="2025-05-19T23:43:00.264340" level="INFO">${bookingdates} = {'checkin': '2018-01-01', 'checkout': '2019-01-01'}</msg>
<var>${bookingdates}</var>
<arg>checkin=2018-01-01</arg>
<arg>checkout=2019-01-01</arg>
<doc>Creates and returns a dictionary based on the given ``items``.</doc>
<status status="PASS" start="2025-05-19T23:43:00.264081" elapsed="0.000291"/>
</kw>
<kw name="Create Dictionary" owner="BuiltIn">
<msg time="2025-05-19T23:43:00.264981" level="INFO">${payload} = {'firstname': 'John', 'lastname': 'Doe', 'totalprice': '110', 'depositpaid': True, 'bookingdates': {'checkin': '2018-01-01', 'checkout': '2019-01-01'}, 'additionalneeds': 'Breakfast'}</msg>
<var>${payload}</var>
<arg>firstname=John</arg>
<arg>lastname=Doe</arg>
<arg>totalprice=110</arg>
<arg>depositpaid=${True}</arg>
<arg>bookingdates=${bookingdates}</arg>
<arg>additionalneeds=Breakfast</arg>
<doc>Creates and returns a dictionary based on the given ``items``.</doc>
<status status="PASS" start="2025-05-19T23:43:00.264538" elapsed="0.000477"/>
</kw>
<kw name="Create Dictionary" owner="BuiltIn">
<msg time="2025-05-19T23:43:00.265408" level="INFO">${headers} = {'Content-Type': 'application/json', 'Accept': 'application/json'}</msg>
<var>${headers}</var>
<arg>Content-Type=application/json</arg>
<arg>Accept=application/json</arg>
<doc>Creates and returns a dictionary based on the given ``items``.</doc>
<status status="PASS" start="2025-05-19T23:43:00.265193" elapsed="0.000246"/>
</kw>
<kw name="POST On Session" owner="RequestsLibrary">
<msg time="2025-05-19T23:43:00.379721" level="INFO">POST Request : url=https://restful-booker.herokuapp.com/booking 
 path_url=/booking 
 headers={'User-Agent': 'python-requests/2.32.3', 'Accept-Encoding': 'gzip, deflate', 'Accept': 'application/json', 'Connection': 'keep-alive', 'Content-Type': 'application/json', 'Content-Length': '183'} 
 body=b'{"firstname": "John", "lastname": "Doe", "totalprice": "110", "depositpaid": true, "bookingdates": {"checkin": "2018-01-01", "checkout": "2019-01-01"}, "additionalneeds": "Breakfast"}' 
 </msg>
<msg time="2025-05-19T23:43:00.380061" level="INFO">POST Response : url=https://restful-booker.herokuapp.com/booking 
 status=200, reason=OK 
 headers={'Server': 'Cowboy', 'Report-To': '{"group":"heroku-nel","max_age":3600,"endpoints":[{"url":"https://nel.heroku.com/reports?ts=1747708980&amp;sid=c46efe9b-d3d2-4a0c-8c76-bfafa16c5add&amp;s=TAylMnUJtCsUtHYpE9Cbl8M%2B%2FBlW9%2BL8EQz8uGbqxSY%3D"}]}', 'Reporting-Endpoints': 'heroku-nel=https://nel.heroku.com/reports?ts=1747708980&amp;sid=c46efe9b-d3d2-4a0c-8c76-bfafa16c5add&amp;s=TAylMnUJtCsUtHYpE9Cbl8M%2B%2FBlW9%2BL8EQz8uGbqxSY%3D', 'Nel': '{"report_to":"heroku-nel","max_age":3600,"success_fraction":0.005,"failure_fraction":0.05,"response_headers":["Via"]}', 'Connection': 'keep-alive', 'X-Powered-By': 'Express', 'Content-Type': 'application/json; charset=utf-8', 'Content-Length': '196', 'Etag': 'W/"c4-YFy22MXjBm4Gfhu+hv0o0runmgA"', 'Date': 'Tue, 20 May 2025 02:43:00 GMT', 'Via': '1.1 vegur'} 
 body={"bookingid":1325,"booking":{"firstname":"John","lastname":"Doe","totalprice":110,"depositpaid":true,"bookingdates":{"checkin":"2018-01-01","checkout":"2019-01-01"},"additionalneeds":"Breakfast"}} 
 </msg>
<msg time="2025-05-19T23:43:00.380787" level="INFO">${response} = &lt;Response [200]&gt;</msg>
<var>${response}</var>
<arg>BookerAPI</arg>
<arg>/booking</arg>
<arg>headers=${headers}</arg>
<arg>json=${payload}</arg>
<doc>Sends a POST request on a previously created HTTP Session.</doc>
<status status="PASS" start="2025-05-19T23:43:00.265592" elapsed="0.115294"/>
</kw>
<if>
<branch type="IF" condition="${response.status_code}==200">
<kw name="Log To Console" owner="BuiltIn">
<arg>&gt;&gt;&gt; ${response.status_code}</arg>
<doc>Logs the given message to the console.</doc>
<status status="PASS" start="2025-05-19T23:43:00.382415" elapsed="0.000905"/>
</kw>
<status status="PASS" start="2025-05-19T23:43:00.381334" elapsed="0.002051"/>
</branch>
<branch type="ELSE">
<kw name="Log To Console" owner="BuiltIn">
<arg>&gt;&gt;&gt; Falha ao criar booking.</arg>
<doc>Logs the given message to the console.</doc>
<status status="NOT RUN" start="2025-05-19T23:43:00.383601" elapsed="0.000028"/>
</kw>
<status status="NOT RUN" start="2025-05-19T23:43:00.383429" elapsed="0.000249"/>
</branch>
<status status="PASS" start="2025-05-19T23:43:00.381255" elapsed="0.002455"/>
</if>
<kw name="Get From Dictionary" owner="Collections">
<msg time="2025-05-19T23:43:00.384620" level="INFO">${booking_id} = 1325</msg>
<var>${booking_id}</var>
<arg>${response.json()}</arg>
<arg>bookingid</arg>
<doc>Returns a value from the given ``dictionary`` based on the given ``key``.</doc>
<status status="PASS" start="2025-05-19T23:43:00.383878" elapsed="0.000785"/>
</kw>
<return>
<value>${booking_id}</value>
<status status="PASS" start="2025-05-19T23:43:00.384745" elapsed="0.000047"/>
</return>
<status status="PASS" start="2025-05-19T23:42:59.785996" elapsed="0.598951"/>
</kw>
<status status="PASS" start="2025-05-19T23:42:59.785085" elapsed="0.600139"/>
</test>
<test id="s1-t6" name="Atualizando booking existente" line="26">
<kw name="POST CreateBooking" owner="CreateBooking">
<kw name="Criando sessao e obtendo token" owner="_base">
<kw name="Create Session" owner="RequestsLibrary">
<msg time="2025-05-19T23:43:00.387318" level="INFO">Creating Session using : alias=BookerAPI, url=https://restful-booker.herokuapp.com, headers={},                     cookies={}, auth=None, timeout=None, proxies=None, verify=False,                     debug=0 </msg>
<arg>BookerAPI</arg>
<arg>${BASE_URL}</arg>
<doc>Create Session: create a HTTP session to a server</doc>
<status status="PASS" start="2025-05-19T23:43:00.387107" elapsed="0.001942"/>
</kw>
<kw name="Create Dictionary" owner="BuiltIn">
<msg time="2025-05-19T23:43:00.389575" level="INFO">${body} = {'username': 'admin', 'password': 'password123'}</msg>
<var>${body}</var>
<arg>username=${USERNAME}</arg>
<arg>password=${PASSWORD}</arg>
<doc>Creates and returns a dictionary based on the given ``items``.</doc>
<status status="PASS" start="2025-05-19T23:43:00.389225" elapsed="0.000384"/>
</kw>
<kw name="POST On Session" owner="RequestsLibrary">
<msg time="2025-05-19T23:43:00.860252" level="INFO">POST Request : url=https://restful-booker.herokuapp.com/auth 
 path_url=/auth 
 headers={'User-Agent': 'python-requests/2.32.3', 'Accept-Encoding': 'gzip, deflate', 'Accept': '*/*', 'Connection': 'keep-alive', 'Content-Length': '48', 'Content-Type': 'application/json'} 
 body=b'{"username": "admin", "password": "password123"}' 
 </msg>
<msg time="2025-05-19T23:43:00.860612" level="INFO">POST Response : url=https://restful-booker.herokuapp.com/auth 
 status=200, reason=OK 
 headers={'Server': 'Cowboy', 'Report-To': '{"group":"heroku-nel","max_age":3600,"endpoints":[{"url":"https://nel.heroku.com/reports?ts=1747708980&amp;sid=c46efe9b-d3d2-4a0c-8c76-bfafa16c5add&amp;s=TAylMnUJtCsUtHYpE9Cbl8M%2B%2FBlW9%2BL8EQz8uGbqxSY%3D"}]}', 'Reporting-Endpoints': 'heroku-nel=https://nel.heroku.com/reports?ts=1747708980&amp;sid=c46efe9b-d3d2-4a0c-8c76-bfafa16c5add&amp;s=TAylMnUJtCsUtHYpE9Cbl8M%2B%2FBlW9%2BL8EQz8uGbqxSY%3D', 'Nel': '{"report_to":"heroku-nel","max_age":3600,"success_fraction":0.005,"failure_fraction":0.05,"response_headers":["Via"]}', 'Connection': 'keep-alive', 'X-Powered-By': 'Express', 'Content-Type': 'application/json; charset=utf-8', 'Content-Length': '27', 'Etag': 'W/"1b-mcZAQARtgBqlbR+5acQX4b/Fbj4"', 'Date': 'Tue, 20 May 2025 02:43:00 GMT', 'Via': '1.1 vegur'} 
 body={"token":"1a83b926df1d469"} 
 </msg>
<msg time="2025-05-19T23:43:00.861182" level="INFO">${response} = &lt;Response [200]&gt;</msg>
<var>${response}</var>
<arg>BookerAPI</arg>
<arg>/auth</arg>
<arg>json=${body}</arg>
<doc>Sends a POST request on a previously created HTTP Session.</doc>
<status status="PASS" start="2025-05-19T23:43:00.389766" elapsed="0.471516"/>
</kw>
<kw name="Should Be Equal As Integers" owner="BuiltIn">
<msg time="2025-05-19T23:43:00.862876" level="INFO">Argument types are:
&lt;class 'int'&gt;
&lt;class 'str'&gt;</msg>
<arg>${response.status_code}</arg>
<arg>200</arg>
<doc>Fails if objects are unequal after converting them to integers.</doc>
<status status="PASS" start="2025-05-19T23:43:00.861848" elapsed="0.001144"/>
</kw>
<kw name="Dictionary Should Contain Key" owner="Collections">
<arg>${response.json()}</arg>
<arg>token</arg>
<doc>Fails if ``key`` is not found from ``dictionary``.</doc>
<status status="PASS" start="2025-05-19T23:43:00.863189" elapsed="0.000949"/>
</kw>
<kw name="Get From Dictionary" owner="Collections">
<msg time="2025-05-19T23:43:00.865461" level="INFO">${token} = 1a83b926df1d469</msg>
<var>${token}</var>
<arg>${response.json()}</arg>
<arg>token</arg>
<doc>Returns a value from the given ``dictionary`` based on the given ``key``.</doc>
<status status="PASS" start="2025-05-19T23:43:00.864474" elapsed="0.001043"/>
</kw>
<kw name="Set Variable" owner="BuiltIn">
<msg time="2025-05-19T23:43:00.866432" level="INFO">${status} = 200</msg>
<var>${status}</var>
<arg>${response.status_code}</arg>
<doc>Returns the given values which can then be assigned to a variables.</doc>
<status status="PASS" start="2025-05-19T23:43:00.865737" elapsed="0.000736"/>
</kw>
<return>
<value>${status}</value>
<value>${token}</value>
<status status="PASS" start="2025-05-19T23:43:00.866551" elapsed="0.000069"/>
</return>
<status status="PASS" start="2025-05-19T23:43:00.386757" elapsed="0.480069"/>
</kw>
<kw name="Create Dictionary" owner="BuiltIn">
<msg time="2025-05-19T23:43:00.867319" level="INFO">${bookingdates} = {'checkin': '2018-01-01', 'checkout': '2019-01-01'}</msg>
<var>${bookingdates}</var>
<arg>checkin=2018-01-01</arg>
<arg>checkout=2019-01-01</arg>
<doc>Creates and returns a dictionary based on the given ``items``.</doc>
<status status="PASS" start="2025-05-19T23:43:00.867017" elapsed="0.000341"/>
</kw>
<kw name="Create Dictionary" owner="BuiltIn">
<msg time="2025-05-19T23:43:00.868019" level="INFO">${payload} = {'firstname': 'John', 'lastname': 'Doe', 'totalprice': '110', 'depositpaid': True, 'bookingdates': {'checkin': '2018-01-01', 'checkout': '2019-01-01'}, 'additionalneeds': 'Breakfast'}</msg>
<var>${payload}</var>
<arg>firstname=John</arg>
<arg>lastname=Doe</arg>
<arg>totalprice=110</arg>
<arg>depositpaid=${True}</arg>
<arg>bookingdates=${bookingdates}</arg>
<arg>additionalneeds=Breakfast</arg>
<doc>Creates and returns a dictionary based on the given ``items``.</doc>
<status status="PASS" start="2025-05-19T23:43:00.867561" elapsed="0.000500"/>
</kw>
<kw name="Create Dictionary" owner="BuiltIn">
<msg time="2025-05-19T23:43:00.868659" level="INFO">${headers} = {'Content-Type': 'application/json', 'Accept': 'application/json'}</msg>
<var>${headers}</var>
<arg>Content-Type=application/json</arg>
<arg>Accept=application/json</arg>
<doc>Creates and returns a dictionary based on the given ``items``.</doc>
<status status="PASS" start="2025-05-19T23:43:00.868407" elapsed="0.000289"/>
</kw>
<kw name="POST On Session" owner="RequestsLibrary">
<msg time="2025-05-19T23:43:00.985223" level="INFO">POST Request : url=https://restful-booker.herokuapp.com/booking 
 path_url=/booking 
 headers={'User-Agent': 'python-requests/2.32.3', 'Accept-Encoding': 'gzip, deflate', 'Accept': 'application/json', 'Connection': 'keep-alive', 'Content-Type': 'application/json', 'Content-Length': '183'} 
 body=b'{"firstname": "John", "lastname": "Doe", "totalprice": "110", "depositpaid": true, "bookingdates": {"checkin": "2018-01-01", "checkout": "2019-01-01"}, "additionalneeds": "Breakfast"}' 
 </msg>
<msg time="2025-05-19T23:43:00.985538" level="INFO">POST Response : url=https://restful-booker.herokuapp.com/booking 
 status=200, reason=OK 
 headers={'Server': 'Cowboy', 'Report-To': '{"group":"heroku-nel","max_age":3600,"endpoints":[{"url":"https://nel.heroku.com/reports?ts=1747708980&amp;sid=c46efe9b-d3d2-4a0c-8c76-bfafa16c5add&amp;s=TAylMnUJtCsUtHYpE9Cbl8M%2B%2FBlW9%2BL8EQz8uGbqxSY%3D"}]}', 'Reporting-Endpoints': 'heroku-nel=https://nel.heroku.com/reports?ts=1747708980&amp;sid=c46efe9b-d3d2-4a0c-8c76-bfafa16c5add&amp;s=TAylMnUJtCsUtHYpE9Cbl8M%2B%2FBlW9%2BL8EQz8uGbqxSY%3D', 'Nel': '{"report_to":"heroku-nel","max_age":3600,"success_fraction":0.005,"failure_fraction":0.05,"response_headers":["Via"]}', 'Connection': 'keep-alive', 'X-Powered-By': 'Express', 'Content-Type': 'application/json; charset=utf-8', 'Content-Length': '196', 'Etag': 'W/"c4-/EjMtkdzNTLyz54TFS50LWQd7Pg"', 'Date': 'Tue, 20 May 2025 02:43:01 GMT', 'Via': '1.1 vegur'} 
 body={"bookingid":1330,"booking":{"firstname":"John","lastname":"Doe","totalprice":110,"depositpaid":true,"bookingdates":{"checkin":"2018-01-01","checkout":"2019-01-01"},"additionalneeds":"Breakfast"}} 
 </msg>
<msg time="2025-05-19T23:43:00.985965" level="INFO">${response} = &lt;Response [200]&gt;</msg>
<var>${response}</var>
<arg>BookerAPI</arg>
<arg>/booking</arg>
<arg>headers=${headers}</arg>
<arg>json=${payload}</arg>
<doc>Sends a POST request on a previously created HTTP Session.</doc>
<status status="PASS" start="2025-05-19T23:43:00.868883" elapsed="0.117175"/>
</kw>
<if>
<branch type="IF" condition="${response.status_code}==200">
<kw name="Log To Console" owner="BuiltIn">
<arg>&gt;&gt;&gt; ${response.status_code}</arg>
<doc>Logs the given message to the console.</doc>
<status status="PASS" start="2025-05-19T23:43:00.988426" elapsed="0.001545"/>
</kw>
<status status="PASS" start="2025-05-19T23:43:00.986516" elapsed="0.003525"/>
</branch>
<branch type="ELSE">
<kw name="Log To Console" owner="BuiltIn">
<arg>&gt;&gt;&gt; Falha ao criar booking.</arg>
<doc>Logs the given message to the console.</doc>
<status status="NOT RUN" start="2025-05-19T23:43:00.990276" elapsed="0.000031"/>
</kw>
<status status="NOT RUN" start="2025-05-19T23:43:00.990094" elapsed="0.000263"/>
</branch>
<status status="PASS" start="2025-05-19T23:43:00.986398" elapsed="0.003991"/>
</if>
<kw name="Get From Dictionary" owner="Collections">
<msg time="2025-05-19T23:43:00.991354" level="INFO">${booking_id} = 1330</msg>
<var>${booking_id}</var>
<arg>${response.json()}</arg>
<arg>bookingid</arg>
<doc>Returns a value from the given ``dictionary`` based on the given ``key``.</doc>
<status status="PASS" start="2025-05-19T23:43:00.990562" elapsed="0.000835"/>
</kw>
<return>
<value>${booking_id}</value>
<status status="PASS" start="2025-05-19T23:43:00.991488" elapsed="0.000061"/>
</return>
<msg time="2025-05-19T23:43:00.991776" level="INFO">${booking_id} = 1330</msg>
<var>${booking_id}</var>
<status status="PASS" start="2025-05-19T23:43:00.386274" elapsed="0.605540"/>
</kw>
<kw name="PUT UpdateBooking" owner="UpdateBooking">
<kw name="Criando sessao e obtendo token" owner="_base">
<kw name="Create Session" owner="RequestsLibrary">
<msg time="2025-05-19T23:43:00.993989" level="INFO">Creating Session using : alias=BookerAPI, url=https://restful-booker.herokuapp.com, headers={},                     cookies={}, auth=None, timeout=None, proxies=None, verify=False,                     debug=0 </msg>
<arg>BookerAPI</arg>
<arg>${BASE_URL}</arg>
<doc>Create Session: create a HTTP session to a server</doc>
<status status="PASS" start="2025-05-19T23:43:00.993735" elapsed="0.000628"/>
</kw>
<kw name="Create Dictionary" owner="BuiltIn">
<msg time="2025-05-19T23:43:00.995038" level="INFO">${body} = {'username': 'admin', 'password': 'password123'}</msg>
<var>${body}</var>
<arg>username=${USERNAME}</arg>
<arg>password=${PASSWORD}</arg>
<doc>Creates and returns a dictionary based on the given ``items``.</doc>
<status status="PASS" start="2025-05-19T23:43:00.994585" elapsed="0.000496"/>
</kw>
<kw name="POST On Session" owner="RequestsLibrary">
<msg time="2025-05-19T23:43:01.479870" level="INFO">POST Request : url=https://restful-booker.herokuapp.com/auth 
 path_url=/auth 
 headers={'User-Agent': 'python-requests/2.32.3', 'Accept-Encoding': 'gzip, deflate', 'Accept': '*/*', 'Connection': 'keep-alive', 'Content-Length': '48', 'Content-Type': 'application/json'} 
 body=b'{"username": "admin", "password": "password123"}' 
 </msg>
<msg time="2025-05-19T23:43:01.480142" level="INFO">POST Response : url=https://restful-booker.herokuapp.com/auth 
 status=200, reason=OK 
 headers={'Server': 'Cowboy', 'Report-To': '{"group":"heroku-nel","max_age":3600,"endpoints":[{"url":"https://nel.heroku.com/reports?ts=1747708981&amp;sid=c46efe9b-d3d2-4a0c-8c76-bfafa16c5add&amp;s=FmOXzygzIH5ekkoeRvJItqE7XnEBg3XzYrJof5gFuOI%3D"}]}', 'Reporting-Endpoints': 'heroku-nel=https://nel.heroku.com/reports?ts=1747708981&amp;sid=c46efe9b-d3d2-4a0c-8c76-bfafa16c5add&amp;s=FmOXzygzIH5ekkoeRvJItqE7XnEBg3XzYrJof5gFuOI%3D', 'Nel': '{"report_to":"heroku-nel","max_age":3600,"success_fraction":0.005,"failure_fraction":0.05,"response_headers":["Via"]}', 'Connection': 'keep-alive', 'X-Powered-By': 'Express', 'Content-Type': 'application/json; charset=utf-8', 'Content-Length': '27', 'Etag': 'W/"1b-Dzv9Qlq+uOnGaQdxJxHuHwN+OwU"', 'Date': 'Tue, 20 May 2025 02:43:01 GMT', 'Via': '1.1 vegur'} 
 body={"token":"0be017ed26dac6b"} 
 </msg>
<msg time="2025-05-19T23:43:01.480533" level="INFO">${response} = &lt;Response [200]&gt;</msg>
<var>${response}</var>
<arg>BookerAPI</arg>
<arg>/auth</arg>
<arg>json=${body}</arg>
<doc>Sends a POST request on a previously created HTTP Session.</doc>
<status status="PASS" start="2025-05-19T23:43:00.995278" elapsed="0.485345"/>
</kw>
<kw name="Should Be Equal As Integers" owner="BuiltIn">
<msg time="2025-05-19T23:43:01.482309" level="INFO">Argument types are:
&lt;class 'int'&gt;
&lt;class 'str'&gt;</msg>
<arg>${response.status_code}</arg>
<arg>200</arg>
<doc>Fails if objects are unequal after converting them to integers.</doc>
<status status="PASS" start="2025-05-19T23:43:01.481189" elapsed="0.001228"/>
</kw>
<kw name="Dictionary Should Contain Key" owner="Collections">
<arg>${response.json()}</arg>
<arg>token</arg>
<doc>Fails if ``key`` is not found from ``dictionary``.</doc>
<status status="PASS" start="2025-05-19T23:43:01.482660" elapsed="0.000774"/>
</kw>
<kw name="Get From Dictionary" owner="Collections">
<msg time="2025-05-19T23:43:01.484390" level="INFO">${token} = 0be017ed26dac6b</msg>
<var>${token}</var>
<arg>${response.json()}</arg>
<arg>token</arg>
<doc>Returns a value from the given ``dictionary`` based on the given ``key``.</doc>
<status status="PASS" start="2025-05-19T23:43:01.483657" elapsed="0.000778"/>
</kw>
<kw name="Set Variable" owner="BuiltIn">
<msg time="2025-05-19T23:43:01.485431" level="INFO">${status} = 200</msg>
<var>${status}</var>
<arg>${response.status_code}</arg>
<doc>Returns the given values which can then be assigned to a variables.</doc>
<status status="PASS" start="2025-05-19T23:43:01.484650" elapsed="0.000923"/>
</kw>
<return>
<value>${status}</value>
<value>${token}</value>
<status status="PASS" start="2025-05-19T23:43:01.485672" elapsed="0.000064"/>
</return>
<msg time="2025-05-19T23:43:01.486035" level="INFO">${status} = 200</msg>
<msg time="2025-05-19T23:43:01.486106" level="INFO">${token} = 0be017ed26dac6b</msg>
<var>${status}</var>
<var>${token}</var>
<status status="PASS" start="2025-05-19T23:43:00.993227" elapsed="0.492919"/>
</kw>
<kw name="Create Dictionary" owner="BuiltIn">
<msg time="2025-05-19T23:43:01.486691" level="INFO">${bookingdates} = {'checkin': '2018-01-01', 'checkout': '2019-01-01'}</msg>
<var>${bookingdates}</var>
<arg>checkin=2018-01-01</arg>
<arg>checkout=2019-01-01</arg>
<doc>Creates and returns a dictionary based on the given ``items``.</doc>
<status status="PASS" start="2025-05-19T23:43:01.486375" elapsed="0.000360"/>
</kw>
<kw name="Create Dictionary" owner="BuiltIn">
<msg time="2025-05-19T23:43:01.487496" level="INFO">${payload} = {'firstname': 'James', 'lastname': 'Brown', 'totalprice': '111', 'depositpaid': True, 'bookingdates': {'checkin': '2018-01-01', 'checkout': '2019-01-01'}, 'additionalneeds': 'Breakfast'}</msg>
<var>${payload}</var>
<arg>firstname=James</arg>
<arg>lastname=Brown</arg>
<arg>totalprice=111</arg>
<arg>depositpaid=${True}</arg>
<arg>bookingdates=${bookingdates}</arg>
<arg>additionalneeds=Breakfast</arg>
<doc>Creates and returns a dictionary based on the given ``items``.</doc>
<status status="PASS" start="2025-05-19T23:43:01.486953" elapsed="0.000594"/>
</kw>
<kw name="Create Dictionary" owner="BuiltIn">
<msg time="2025-05-19T23:43:01.488500" level="INFO">${headers} = {'Content-Type': 'application/json', 'Accept': 'application/json', 'Cookie': 'token=0be017ed26dac6b'}</msg>
<var>${headers}</var>
<arg>Content-Type=application/json</arg>
<arg>Accept=application/json</arg>
<arg>Cookie=token=${token}</arg>
<doc>Creates and returns a dictionary based on the given ``items``.</doc>
<status status="PASS" start="2025-05-19T23:43:01.487801" elapsed="0.000746"/>
</kw>
<kw name="Create Session" owner="RequestsLibrary">
<msg time="2025-05-19T23:43:01.489015" level="INFO">Creating Session using : alias=BookerAPI, url=https://restful-booker.herokuapp.com, headers={},                     cookies={}, auth=None, timeout=None, proxies=None, verify=False,                     debug=0 </msg>
<arg>BookerAPI</arg>
<arg>${BASE_URL}</arg>
<doc>Create Session: create a HTTP session to a server</doc>
<status status="PASS" start="2025-05-19T23:43:01.488768" elapsed="0.000546"/>
</kw>
<kw name="PUT On Session" owner="RequestsLibrary">
<msg time="2025-05-19T23:43:01.949886" level="INFO">PUT Request : url=https://restful-booker.herokuapp.com/booking/1330 
 path_url=/booking/1330 
 headers={'User-Agent': 'python-requests/2.32.3', 'Accept-Encoding': 'gzip, deflate', 'Accept': 'application/json', 'Connection': 'keep-alive', 'Content-Type': 'application/json', 'Cookie': 'token=0be017ed26dac6b', 'Content-Length': '186'} 
 body=b'{"firstname": "James", "lastname": "Brown", "totalprice": "111", "depositpaid": true, "bookingdates": {"checkin": "2018-01-01", "checkout": "2019-01-01"}, "additionalneeds": "Breakfast"}' 
 </msg>
<msg time="2025-05-19T23:43:01.950351" level="INFO">PUT Response : url=https://restful-booker.herokuapp.com/booking/1330 
 status=200, reason=OK 
 headers={'Server': 'Cowboy', 'Report-To': '{"group":"heroku-nel","max_age":3600,"endpoints":[{"url":"https://nel.heroku.com/reports?ts=1747708981&amp;sid=c46efe9b-d3d2-4a0c-8c76-bfafa16c5add&amp;s=FmOXzygzIH5ekkoeRvJItqE7XnEBg3XzYrJof5gFuOI%3D"}]}', 'Reporting-Endpoints': 'heroku-nel=https://nel.heroku.com/reports?ts=1747708981&amp;sid=c46efe9b-d3d2-4a0c-8c76-bfafa16c5add&amp;s=FmOXzygzIH5ekkoeRvJItqE7XnEBg3XzYrJof5gFuOI%3D', 'Nel': '{"report_to":"heroku-nel","max_age":3600,"success_fraction":0.005,"failure_fraction":0.05,"response_headers":["Via"]}', 'Connection': 'keep-alive', 'X-Powered-By': 'Express', 'Content-Type': 'application/json; charset=utf-8', 'Content-Length': '170', 'Etag': 'W/"aa-waBDObUc25azXZ1Gkrz0LIEDGrg"', 'Date': 'Tue, 20 May 2025 02:43:01 GMT', 'Via': '1.1 vegur'} 
 body={"firstname":"James","lastname":"Brown","totalprice":111,"depositpaid":true,"bookingdates":{"checkin":"2018-01-01","checkout":"2019-01-01"},"additionalneeds":"Breakfast"} 
 </msg>
<msg time="2025-05-19T23:43:01.951022" level="INFO">${response} = &lt;Response [200]&gt;</msg>
<var>${response}</var>
<arg>BookerAPI</arg>
<arg>/booking/${booking_id}</arg>
<arg>headers=${headers}</arg>
<arg>json=${payload}</arg>
<doc>Sends a PUT request on a previously created HTTP Session.</doc>
<status status="PASS" start="2025-05-19T23:43:01.489523" elapsed="0.461602"/>
</kw>
<kw name="Should Be Equal As Integers" owner="BuiltIn">
<msg time="2025-05-19T23:43:01.954002" level="INFO">Argument types are:
&lt;class 'int'&gt;
&lt;class 'str'&gt;</msg>
<arg>${response.status_code}</arg>
<arg>200</arg>
<doc>Fails if objects are unequal after converting them to integers.</doc>
<status status="PASS" start="2025-05-19T23:43:01.952008" elapsed="0.002128"/>
</kw>
<kw name="Log" owner="BuiltIn">
<msg time="2025-05-19T23:43:01.955210" level="INFO">200</msg>
<arg>${response.status_code}</arg>
<doc>Logs the given message with the given level.</doc>
<status status="PASS" start="2025-05-19T23:43:01.954422" elapsed="0.000865"/>
</kw>
<arg>${booking_id}</arg>
<status status="PASS" start="2025-05-19T23:43:00.992435" elapsed="0.963019"/>
</kw>
<status status="PASS" start="2025-05-19T23:43:00.385523" elapsed="1.570342"/>
</test>
<test id="s1-t7" name="Atualização parcial de booking" line="29">
<kw name="POST CreateBooking" owner="CreateBooking">
<kw name="Criando sessao e obtendo token" owner="_base">
<kw name="Create Session" owner="RequestsLibrary">
<msg time="2025-05-19T23:43:01.958649" level="INFO">Creating Session using : alias=BookerAPI, url=https://restful-booker.herokuapp.com, headers={},                     cookies={}, auth=None, timeout=None, proxies=None, verify=False,                     debug=0 </msg>
<arg>BookerAPI</arg>
<arg>${BASE_URL}</arg>
<doc>Create Session: create a HTTP session to a server</doc>
<status status="PASS" start="2025-05-19T23:43:01.958398" elapsed="0.000613"/>
</kw>
<kw name="Create Dictionary" owner="BuiltIn">
<msg time="2025-05-19T23:43:01.959772" level="INFO">${body} = {'username': 'admin', 'password': 'password123'}</msg>
<var>${body}</var>
<arg>username=${USERNAME}</arg>
<arg>password=${PASSWORD}</arg>
<doc>Creates and returns a dictionary based on the given ``items``.</doc>
<status status="PASS" start="2025-05-19T23:43:01.959255" elapsed="0.000559"/>
</kw>
<kw name="POST On Session" owner="RequestsLibrary">
<msg time="2025-05-19T23:43:02.421897" level="INFO">POST Request : url=https://restful-booker.herokuapp.com/auth 
 path_url=/auth 
 headers={'User-Agent': 'python-requests/2.32.3', 'Accept-Encoding': 'gzip, deflate', 'Accept': '*/*', 'Connection': 'keep-alive', 'Content-Length': '48', 'Content-Type': 'application/json'} 
 body=b'{"username": "admin", "password": "password123"}' 
 </msg>
<msg time="2025-05-19T23:43:02.422340" level="INFO">POST Response : url=https://restful-booker.herokuapp.com/auth 
 status=200, reason=OK 
 headers={'Server': 'Cowboy', 'Report-To': '{"group":"heroku-nel","max_age":3600,"endpoints":[{"url":"https://nel.heroku.com/reports?ts=1747708982&amp;sid=c46efe9b-d3d2-4a0c-8c76-bfafa16c5add&amp;s=iuh9K7xqu4Pa%2BSVaXdu%2FzlOfHLJPqvAFl%2BZIiO2yFak%3D"}]}', 'Reporting-Endpoints': 'heroku-nel=https://nel.heroku.com/reports?ts=1747708982&amp;sid=c46efe9b-d3d2-4a0c-8c76-bfafa16c5add&amp;s=iuh9K7xqu4Pa%2BSVaXdu%2FzlOfHLJPqvAFl%2BZIiO2yFak%3D', 'Nel': '{"report_to":"heroku-nel","max_age":3600,"success_fraction":0.005,"failure_fraction":0.05,"response_headers":["Via"]}', 'Connection': 'keep-alive', 'X-Powered-By': 'Express', 'Content-Type': 'application/json; charset=utf-8', 'Content-Length': '27', 'Etag': 'W/"1b-EO7N6jLVY7/Wp42bqHOa02FEdw4"', 'Date': 'Tue, 20 May 2025 02:43:02 GMT', 'Via': '1.1 vegur'} 
 body={"token":"51da51ea737d310"} 
 </msg>
<msg time="2025-05-19T23:43:02.423235" level="INFO">${response} = &lt;Response [200]&gt;</msg>
<var>${response}</var>
<arg>BookerAPI</arg>
<arg>/auth</arg>
<arg>json=${body}</arg>
<doc>Sends a POST request on a previously created HTTP Session.</doc>
<status status="PASS" start="2025-05-19T23:43:01.960022" elapsed="0.463311"/>
</kw>
<kw name="Should Be Equal As Integers" owner="BuiltIn">
<msg time="2025-05-19T23:43:02.425536" level="INFO">Argument types are:
&lt;class 'int'&gt;
&lt;class 'str'&gt;</msg>
<arg>${response.status_code}</arg>
<arg>200</arg>
<doc>Fails if objects are unequal after converting them to integers.</doc>
<status status="PASS" start="2025-05-19T23:43:02.424229" elapsed="0.001445"/>
</kw>
<kw name="Dictionary Should Contain Key" owner="Collections">
<arg>${response.json()}</arg>
<arg>token</arg>
<doc>Fails if ``key`` is not found from ``dictionary``.</doc>
<status status="PASS" start="2025-05-19T23:43:02.425967" elapsed="0.000836"/>
</kw>
<kw name="Get From Dictionary" owner="Collections">
<msg time="2025-05-19T23:43:02.427679" level="INFO">${token} = 51da51ea737d310</msg>
<var>${token}</var>
<arg>${response.json()}</arg>
<arg>token</arg>
<doc>Returns a value from the given ``dictionary`` based on the given ``key``.</doc>
<status status="PASS" start="2025-05-19T23:43:02.427008" elapsed="0.000715"/>
</kw>
<kw name="Set Variable" owner="BuiltIn">
<msg time="2025-05-19T23:43:02.428626" level="INFO">${status} = 200</msg>
<var>${status}</var>
<arg>${response.status_code}</arg>
<doc>Returns the given values which can then be assigned to a variables.</doc>
<status status="PASS" start="2025-05-19T23:43:02.427976" elapsed="0.000683"/>
</kw>
<return>
<value>${status}</value>
<value>${token}</value>
<status status="PASS" start="2025-05-19T23:43:02.428770" elapsed="0.000087"/>
</return>
<status status="PASS" start="2025-05-19T23:43:01.957976" elapsed="0.471157"/>
</kw>
<kw name="Create Dictionary" owner="BuiltIn">
<msg time="2025-05-19T23:43:02.429687" level="INFO">${bookingdates} = {'checkin': '2018-01-01', 'checkout': '2019-01-01'}</msg>
<var>${bookingdates}</var>
<arg>checkin=2018-01-01</arg>
<arg>checkout=2019-01-01</arg>
<doc>Creates and returns a dictionary based on the given ``items``.</doc>
<status status="PASS" start="2025-05-19T23:43:02.429328" elapsed="0.000419"/>
</kw>
<kw name="Create Dictionary" owner="BuiltIn">
<msg time="2025-05-19T23:43:02.430936" level="INFO">${payload} = {'firstname': 'John', 'lastname': 'Doe', 'totalprice': '110', 'depositpaid': True, 'bookingdates': {'checkin': '2018-01-01', 'checkout': '2019-01-01'}, 'additionalneeds': 'Breakfast'}</msg>
<var>${payload}</var>
<arg>firstname=John</arg>
<arg>lastname=Doe</arg>
<arg>totalprice=110</arg>
<arg>depositpaid=${True}</arg>
<arg>bookingdates=${bookingdates}</arg>
<arg>additionalneeds=Breakfast</arg>
<doc>Creates and returns a dictionary based on the given ``items``.</doc>
<status status="PASS" start="2025-05-19T23:43:02.430060" elapsed="0.000949"/>
</kw>
<kw name="Create Dictionary" owner="BuiltIn">
<msg time="2025-05-19T23:43:02.431808" level="INFO">${headers} = {'Content-Type': 'application/json', 'Accept': 'application/json'}</msg>
<var>${headers}</var>
<arg>Content-Type=application/json</arg>
<arg>Accept=application/json</arg>
<doc>Creates and returns a dictionary based on the given ``items``.</doc>
<status status="PASS" start="2025-05-19T23:43:02.431416" elapsed="0.000445"/>
</kw>
<kw name="POST On Session" owner="RequestsLibrary">
<msg time="2025-05-19T23:43:02.550642" level="INFO">POST Request : url=https://restful-booker.herokuapp.com/booking 
 path_url=/booking 
 headers={'User-Agent': 'python-requests/2.32.3', 'Accept-Encoding': 'gzip, deflate', 'Accept': 'application/json', 'Connection': 'keep-alive', 'Content-Type': 'application/json', 'Content-Length': '183'} 
 body=b'{"firstname": "John", "lastname": "Doe", "totalprice": "110", "depositpaid": true, "bookingdates": {"checkin": "2018-01-01", "checkout": "2019-01-01"}, "additionalneeds": "Breakfast"}' 
 </msg>
<msg time="2025-05-19T23:43:02.550960" level="INFO">POST Response : url=https://restful-booker.herokuapp.com/booking 
 status=200, reason=OK 
 headers={'Server': 'Cowboy', 'Report-To': '{"group":"heroku-nel","max_age":3600,"endpoints":[{"url":"https://nel.heroku.com/reports?ts=1747708982&amp;sid=c46efe9b-d3d2-4a0c-8c76-bfafa16c5add&amp;s=iuh9K7xqu4Pa%2BSVaXdu%2FzlOfHLJPqvAFl%2BZIiO2yFak%3D"}]}', 'Reporting-Endpoints': 'heroku-nel=https://nel.heroku.com/reports?ts=1747708982&amp;sid=c46efe9b-d3d2-4a0c-8c76-bfafa16c5add&amp;s=iuh9K7xqu4Pa%2BSVaXdu%2FzlOfHLJPqvAFl%2BZIiO2yFak%3D', 'Nel': '{"report_to":"heroku-nel","max_age":3600,"success_fraction":0.005,"failure_fraction":0.05,"response_headers":["Via"]}', 'Connection': 'keep-alive', 'X-Powered-By': 'Express', 'Content-Type': 'application/json; charset=utf-8', 'Content-Length': '196', 'Etag': 'W/"c4-IfFM+uq0mrY+P2fOKWruCwOxtkc"', 'Date': 'Tue, 20 May 2025 02:43:02 GMT', 'Via': '1.1 vegur'} 
 body={"bookingid":1341,"booking":{"firstname":"John","lastname":"Doe","totalprice":110,"depositpaid":true,"bookingdates":{"checkin":"2018-01-01","checkout":"2019-01-01"},"additionalneeds":"Breakfast"}} 
 </msg>
<msg time="2025-05-19T23:43:02.551439" level="INFO">${response} = &lt;Response [200]&gt;</msg>
<var>${response}</var>
<arg>BookerAPI</arg>
<arg>/booking</arg>
<arg>headers=${headers}</arg>
<arg>json=${payload}</arg>
<doc>Sends a POST request on a previously created HTTP Session.</doc>
<status status="PASS" start="2025-05-19T23:43:02.432089" elapsed="0.119418"/>
</kw>
<if>
<branch type="IF" condition="${response.status_code}==200">
<kw name="Log To Console" owner="BuiltIn">
<arg>&gt;&gt;&gt; ${response.status_code}</arg>
<doc>Logs the given message to the console.</doc>
<status status="PASS" start="2025-05-19T23:43:02.553458" elapsed="0.000929"/>
</kw>
<status status="PASS" start="2025-05-19T23:43:02.551901" elapsed="0.002556"/>
</branch>
<branch type="ELSE">
<kw name="Log To Console" owner="BuiltIn">
<arg>&gt;&gt;&gt; Falha ao criar booking.</arg>
<doc>Logs the given message to the console.</doc>
<status status="NOT RUN" start="2025-05-19T23:43:02.554730" elapsed="0.000036"/>
</kw>
<status status="NOT RUN" start="2025-05-19T23:43:02.554517" elapsed="0.000304"/>
</branch>
<status status="PASS" start="2025-05-19T23:43:02.551792" elapsed="0.003068"/>
</if>
<kw name="Get From Dictionary" owner="Collections">
<msg time="2025-05-19T23:43:02.555947" level="INFO">${booking_id} = 1341</msg>
<var>${booking_id}</var>
<arg>${response.json()}</arg>
<arg>bookingid</arg>
<doc>Returns a value from the given ``dictionary`` based on the given ``key``.</doc>
<status status="PASS" start="2025-05-19T23:43:02.555056" elapsed="0.000939"/>
</kw>
<return>
<value>${booking_id}</value>
<status status="PASS" start="2025-05-19T23:43:02.556101" elapsed="0.000129"/>
</return>
<msg time="2025-05-19T23:43:02.556493" level="INFO">${booking_id} = 1341</msg>
<var>${booking_id}</var>
<status status="PASS" start="2025-05-19T23:43:01.957356" elapsed="0.599179"/>
</kw>
<kw name="PATCH PartialUpdateBooking" owner="PartialUpdateBooking">
<kw name="Criando sessao e obtendo token" owner="_base">
<kw name="Create Session" owner="RequestsLibrary">
<msg time="2025-05-19T23:43:02.558522" level="INFO">Creating Session using : alias=BookerAPI, url=https://restful-booker.herokuapp.com, headers={},                     cookies={}, auth=None, timeout=None, proxies=None, verify=False,                     debug=0 </msg>
<arg>BookerAPI</arg>
<arg>${BASE_URL}</arg>
<doc>Create Session: create a HTTP session to a server</doc>
<status status="PASS" start="2025-05-19T23:43:02.558274" elapsed="0.000791"/>
</kw>
<kw name="Create Dictionary" owner="BuiltIn">
<msg time="2025-05-19T23:43:02.559814" level="INFO">${body} = {'username': 'admin', 'password': 'password123'}</msg>
<var>${body}</var>
<arg>username=${USERNAME}</arg>
<arg>password=${PASSWORD}</arg>
<doc>Creates and returns a dictionary based on the given ``items``.</doc>
<status status="PASS" start="2025-05-19T23:43:02.559303" elapsed="0.000553"/>
</kw>
<kw name="POST On Session" owner="RequestsLibrary">
<msg time="2025-05-19T23:43:03.022724" level="INFO">POST Request : url=https://restful-booker.herokuapp.com/auth 
 path_url=/auth 
 headers={'User-Agent': 'python-requests/2.32.3', 'Accept-Encoding': 'gzip, deflate', 'Accept': '*/*', 'Connection': 'keep-alive', 'Content-Length': '48', 'Content-Type': 'application/json'} 
 body=b'{"username": "admin", "password": "password123"}' 
 </msg>
<msg time="2025-05-19T23:43:03.023122" level="INFO">POST Response : url=https://restful-booker.herokuapp.com/auth 
 status=200, reason=OK 
 headers={'Server': 'Cowboy', 'Report-To': '{"group":"heroku-nel","max_age":3600,"endpoints":[{"url":"https://nel.heroku.com/reports?ts=1747708983&amp;sid=c46efe9b-d3d2-4a0c-8c76-bfafa16c5add&amp;s=OasHLJ3XSzWwdRRml8sFE%2BEFHxephKv2FBXBj6frZbc%3D"}]}', 'Reporting-Endpoints': 'heroku-nel=https://nel.heroku.com/reports?ts=1747708983&amp;sid=c46efe9b-d3d2-4a0c-8c76-bfafa16c5add&amp;s=OasHLJ3XSzWwdRRml8sFE%2BEFHxephKv2FBXBj6frZbc%3D', 'Nel': '{"report_to":"heroku-nel","max_age":3600,"success_fraction":0.005,"failure_fraction":0.05,"response_headers":["Via"]}', 'Connection': 'keep-alive', 'X-Powered-By': 'Express', 'Content-Type': 'application/json; charset=utf-8', 'Content-Length': '27', 'Etag': 'W/"1b-JkZDFj3Z28g+Th7SRcK31gzGXjQ"', 'Date': 'Tue, 20 May 2025 02:43:03 GMT', 'Via': '1.1 vegur'} 
 body={"token":"90aa4ef6d6a2cb5"} 
 </msg>
<msg time="2025-05-19T23:43:03.023666" level="INFO">${response} = &lt;Response [200]&gt;</msg>
<var>${response}</var>
<arg>BookerAPI</arg>
<arg>/auth</arg>
<arg>json=${body}</arg>
<doc>Sends a POST request on a previously created HTTP Session.</doc>
<status status="PASS" start="2025-05-19T23:43:02.560063" elapsed="0.463700"/>
</kw>
<kw name="Should Be Equal As Integers" owner="BuiltIn">
<msg time="2025-05-19T23:43:03.026397" level="INFO">Argument types are:
&lt;class 'int'&gt;
&lt;class 'str'&gt;</msg>
<arg>${response.status_code}</arg>
<arg>200</arg>
<doc>Fails if objects are unequal after converting them to integers.</doc>
<status status="PASS" start="2025-05-19T23:43:03.024640" elapsed="0.001919"/>
</kw>
<kw name="Dictionary Should Contain Key" owner="Collections">
<arg>${response.json()}</arg>
<arg>token</arg>
<doc>Fails if ``key`` is not found from ``dictionary``.</doc>
<status status="PASS" start="2025-05-19T23:43:03.026900" elapsed="0.000996"/>
</kw>
<kw name="Get From Dictionary" owner="Collections">
<msg time="2025-05-19T23:43:03.028819" level="INFO">${token} = 90aa4ef6d6a2cb5</msg>
<var>${token}</var>
<arg>${response.json()}</arg>
<arg>token</arg>
<doc>Returns a value from the given ``dictionary`` based on the given ``key``.</doc>
<status status="PASS" start="2025-05-19T23:43:03.028112" elapsed="0.000753"/>
</kw>
<kw name="Set Variable" owner="BuiltIn">
<msg time="2025-05-19T23:43:03.029744" level="INFO">${status} = 200</msg>
<var>${status}</var>
<arg>${response.status_code}</arg>
<doc>Returns the given values which can then be assigned to a variables.</doc>
<status status="PASS" start="2025-05-19T23:43:03.029073" elapsed="0.000712"/>
</kw>
<return>
<value>${status}</value>
<value>${token}</value>
<status status="PASS" start="2025-05-19T23:43:03.029871" elapsed="0.000066"/>
</return>
<msg time="2025-05-19T23:43:03.030219" level="INFO">${status} = 200</msg>
<msg time="2025-05-19T23:43:03.030282" level="INFO">${token} = 90aa4ef6d6a2cb5</msg>
<var>${status}</var>
<var>${token}</var>
<status status="PASS" start="2025-05-19T23:43:02.557849" elapsed="0.472467"/>
</kw>
<kw name="Create Dictionary" owner="BuiltIn">
<msg time="2025-05-19T23:43:03.030832" level="INFO">${payload} = {'firstname': 'James', 'lastname': 'Brown'}</msg>
<var>${payload}</var>
<arg>firstname=James</arg>
<arg>lastname=Brown</arg>
<doc>Creates and returns a dictionary based on the given ``items``.</doc>
<status status="PASS" start="2025-05-19T23:43:03.030525" elapsed="0.000350"/>
</kw>
<kw name="Create Dictionary" owner="BuiltIn">
[...]
<arg>checkout=2019-01-01</arg>
<doc>Creates and returns a dictionary based on the given ``items``.</doc>
<status status="PASS" start="2025-05-19T23:43:03.974492" elapsed="0.000316"/>
</kw>
<kw name="Create Dictionary" owner="BuiltIn">
<msg time="2025-05-19T23:43:03.975372" level="INFO">${payload} = {'firstname': 'John', 'lastname': 'Doe', 'totalprice': '110', 'depositpaid': True, 'bookingdates': {'checkin': '2018-01-01', 'checkout': '2019-01-01'}, 'additionalneeds': 'Breakfast'}</msg>
<var>${payload}</var>
<arg>firstname=John</arg>
<arg>lastname=Doe</arg>
<arg>totalprice=110</arg>
<arg>depositpaid=${True}</arg>
<arg>bookingdates=${bookingdates}</arg>
<arg>additionalneeds=Breakfast</arg>
<doc>Creates and returns a dictionary based on the given ``items``.</doc>
<status status="PASS" start="2025-05-19T23:43:03.974974" elapsed="0.000432"/>
</kw>
<kw name="Create Dictionary" owner="BuiltIn">
<msg time="2025-05-19T23:43:03.975788" level="INFO">${headers} = {'Content-Type': 'application/json', 'Accept': 'application/json'}</msg>
<var>${headers}</var>
<arg>Content-Type=application/json</arg>
<arg>Accept=application/json</arg>
<doc>Creates and returns a dictionary based on the given ``items``.</doc>
<status status="PASS" start="2025-05-19T23:43:03.975589" elapsed="0.000231"/>
</kw>
<kw name="POST On Session" owner="RequestsLibrary">
<msg time="2025-05-19T23:43:04.091490" level="INFO">POST Request : url=https://restful-booker.herokuapp.com/booking 
 path_url=/booking 
 headers={'User-Agent': 'python-requests/2.32.3', 'Accept-Encoding': 'gzip, deflate', 'Accept': 'application/json', 'Connection': 'keep-alive', 'Content-Type': 'application/json', 'Content-Length': '183'} 
 body=b'{"firstname": "John", "lastname": "Doe", "totalprice": "110", "depositpaid": true, "bookingdates": {"checkin": "2018-01-01", "checkout": "2019-01-01"}, "additionalneeds": "Breakfast"}' 
 </msg>
<msg time="2025-05-19T23:43:04.091818" level="INFO">POST Response : url=https://restful-booker.herokuapp.com/booking 
 status=200, reason=OK 
 headers={'Server': 'Cowboy', 'Report-To': '{"group":"heroku-nel","max_age":3600,"endpoints":[{"url":"https://nel.heroku.com/reports?ts=1747708984&amp;sid=c46efe9b-d3d2-4a0c-8c76-bfafa16c5add&amp;s=rDCIgIbrv8LGu4ryqh%2BB8XBYZJjooo2EHmVF4iEokRM%3D"}]}', 'Reporting-Endpoints': 'heroku-nel=https://nel.heroku.com/reports?ts=1747708984&amp;sid=c46efe9b-d3d2-4a0c-8c76-bfafa16c5add&amp;s=rDCIgIbrv8LGu4ryqh%2BB8XBYZJjooo2EHmVF4iEokRM%3D', 'Nel': '{"report_to":"heroku-nel","max_age":3600,"success_fraction":0.005,"failure_fraction":0.05,"response_headers":["Via"]}', 'Connection': 'keep-alive', 'X-Powered-By': 'Express', 'Content-Type': 'application/json; charset=utf-8', 'Content-Length': '196', 'Etag': 'W/"c4-rqt0ab8+o4aBFVU2jPZimjhO7PM"', 'Date': 'Tue, 20 May 2025 02:43:04 GMT', 'Via': '1.1 vegur'} 
 body={"bookingid":1361,"booking":{"firstname":"John","lastname":"Doe","totalprice":110,"depositpaid":true,"bookingdates":{"checkin":"2018-01-01","checkout":"2019-01-01"},"additionalneeds":"Breakfast"}} 
 </msg>
<msg time="2025-05-19T23:43:04.092470" level="INFO">${response} = &lt;Response [200]&gt;</msg>
<var>${response}</var>
<arg>BookerAPI</arg>
<arg>/booking</arg>
<arg>headers=${headers}</arg>
<arg>json=${payload}</arg>
<doc>Sends a POST request on a previously created HTTP Session.</doc>
<status status="PASS" start="2025-05-19T23:43:03.975985" elapsed="0.116582"/>
</kw>
<if>
<branch type="IF" condition="${response.status_code}==200">
<kw name="Log To Console" owner="BuiltIn">
<arg>&gt;&gt;&gt; ${response.status_code}</arg>
<doc>Logs the given message to the console.</doc>
<status status="PASS" start="2025-05-19T23:43:04.094541" elapsed="0.000801"/>
</kw>
<status status="PASS" start="2025-05-19T23:43:04.093068" elapsed="0.002347"/>
</branch>
<branch type="ELSE">
<kw name="Log To Console" owner="BuiltIn">
<arg>&gt;&gt;&gt; Falha ao criar booking.</arg>
<doc>Logs the given message to the console.</doc>
<status status="NOT RUN" start="2025-05-19T23:43:04.095647" elapsed="0.000030"/>
</kw>
<status status="NOT RUN" start="2025-05-19T23:43:04.095463" elapsed="0.000265"/>
</branch>
<status status="PASS" start="2025-05-19T23:43:04.092927" elapsed="0.002836"/>
</if>
<kw name="Get From Dictionary" owner="Collections">
<msg time="2025-05-19T23:43:04.096709" level="INFO">${booking_id} = 1361</msg>
<var>${booking_id}</var>
<arg>${response.json()}</arg>
<arg>bookingid</arg>
<doc>Returns a value from the given ``dictionary`` based on the given ``key``.</doc>
<status status="PASS" start="2025-05-19T23:43:04.095936" elapsed="0.000819"/>
</kw>
<return>
<value>${booking_id}</value>
<status status="PASS" start="2025-05-19T23:43:04.096842" elapsed="0.000055"/>
</return>
<msg time="2025-05-19T23:43:04.097110" level="INFO">${booking_id} = 1361</msg>
<var>${booking_id}</var>
<status status="PASS" start="2025-05-19T23:43:03.499672" elapsed="0.597475"/>
</kw>
<kw name="DEL DeleteBooking" owner="DeleteBooking">
<kw name="Criando sessao e obtendo token" owner="_base">
<kw name="Create Session" owner="RequestsLibrary">
<msg time="2025-05-19T23:43:04.098945" level="INFO">Creating Session using : alias=BookerAPI, url=https://restful-booker.herokuapp.com, headers={},                     cookies={}, auth=None, timeout=None, proxies=None, verify=False,                     debug=0 </msg>
<arg>BookerAPI</arg>
<arg>${BASE_URL}</arg>
<doc>Create Session: create a HTTP session to a server</doc>
<status status="PASS" start="2025-05-19T23:43:04.098734" elapsed="0.000431"/>
</kw>
<kw name="Create Dictionary" owner="BuiltIn">
<msg time="2025-05-19T23:43:04.099784" level="INFO">${body} = {'username': 'admin', 'password': 'password123'}</msg>
<var>${body}</var>
<arg>username=${USERNAME}</arg>
<arg>password=${PASSWORD}</arg>
<doc>Creates and returns a dictionary based on the given ``items``.</doc>
<status status="PASS" start="2025-05-19T23:43:04.099364" elapsed="0.000460"/>
</kw>
<kw name="POST On Session" owner="RequestsLibrary">
<msg time="2025-05-19T23:43:04.559206" level="INFO">POST Request : url=https://restful-booker.herokuapp.com/auth 
 path_url=/auth 
 headers={'User-Agent': 'python-requests/2.32.3', 'Accept-Encoding': 'gzip, deflate', 'Accept': '*/*', 'Connection': 'keep-alive', 'Content-Length': '48', 'Content-Type': 'application/json'} 
 body=b'{"username": "admin", "password": "password123"}' 
 </msg>
<msg time="2025-05-19T23:43:04.559496" level="INFO">POST Response : url=https://restful-booker.herokuapp.com/auth 
 status=200, reason=OK 
 headers={'Server': 'Cowboy', 'Report-To': '{"group":"heroku-nel","max_age":3600,"endpoints":[{"url":"https://nel.heroku.com/reports?ts=1747708984&amp;sid=c46efe9b-d3d2-4a0c-8c76-bfafa16c5add&amp;s=rDCIgIbrv8LGu4ryqh%2BB8XBYZJjooo2EHmVF4iEokRM%3D"}]}', 'Reporting-Endpoints': 'heroku-nel=https://nel.heroku.com/reports?ts=1747708984&amp;sid=c46efe9b-d3d2-4a0c-8c76-bfafa16c5add&amp;s=rDCIgIbrv8LGu4ryqh%2BB8XBYZJjooo2EHmVF4iEokRM%3D', 'Nel': '{"report_to":"heroku-nel","max_age":3600,"success_fraction":0.005,"failure_fraction":0.05,"response_headers":["Via"]}', 'Connection': 'keep-alive', 'X-Powered-By': 'Express', 'Content-Type': 'application/json; charset=utf-8', 'Content-Length': '27', 'Etag': 'W/"1b-Un5wBeEqju6+SoBsmZjMberdzQM"', 'Date': 'Tue, 20 May 2025 02:43:04 GMT', 'Via': '1.1 vegur'} 
 body={"token":"67bf718208541a8"} 
 </msg>
<msg time="2025-05-19T23:43:04.559917" level="INFO">${response} = &lt;Response [200]&gt;</msg>
<var>${response}</var>
<arg>BookerAPI</arg>
<arg>/auth</arg>
<arg>json=${body}</arg>
<doc>Sends a POST request on a previously created HTTP Session.</doc>
<status status="PASS" start="2025-05-19T23:43:04.100012" elapsed="0.459993"/>
</kw>
<kw name="Should Be Equal As Integers" owner="BuiltIn">
<msg time="2025-05-19T23:43:04.562180" level="INFO">Argument types are:
&lt;class 'int'&gt;
&lt;class 'str'&gt;</msg>
<arg>${response.status_code}</arg>
<arg>200</arg>
<doc>Fails if objects are unequal after converting them to integers.</doc>
<status status="PASS" start="2025-05-19T23:43:04.560615" elapsed="0.001751"/>
</kw>
<kw name="Dictionary Should Contain Key" owner="Collections">
<arg>${response.json()}</arg>
<arg>token</arg>
<doc>Fails if ``key`` is not found from ``dictionary``.</doc>
<status status="PASS" start="2025-05-19T23:43:04.562772" elapsed="0.001359"/>
</kw>
<kw name="Get From Dictionary" owner="Collections">
<msg time="2025-05-19T23:43:04.565894" level="INFO">${token} = 67bf718208541a8</msg>
<var>${token}</var>
<arg>${response.json()}</arg>
<arg>token</arg>
<doc>Returns a value from the given ``dictionary`` based on the given ``key``.</doc>
<status status="PASS" start="2025-05-19T23:43:04.564538" elapsed="0.001438"/>
</kw>
<kw name="Set Variable" owner="BuiltIn">
<msg time="2025-05-19T23:43:04.567054" level="INFO">${status} = 200</msg>
<var>${status}</var>
<arg>${response.status_code}</arg>
<doc>Returns the given values which can then be assigned to a variables.</doc>
<status status="PASS" start="2025-05-19T23:43:04.566382" elapsed="0.000706"/>
</kw>
<return>
<value>${status}</value>
<value>${token}</value>
<status status="PASS" start="2025-05-19T23:43:04.567155" elapsed="0.000038"/>
</return>
<msg time="2025-05-19T23:43:04.567366" level="INFO">${status} = 200</msg>
<msg time="2025-05-19T23:43:04.567409" level="INFO">${token} = 67bf718208541a8</msg>
<var>${status}</var>
<var>${token}</var>
<status status="PASS" start="2025-05-19T23:43:04.098059" elapsed="0.469371"/>
</kw>
<kw name="Create Dictionary" owner="BuiltIn">
<msg time="2025-05-19T23:43:04.567829" level="INFO">${headers} = {'Content-Type': 'application/json', 'Accept': 'application/json', 'Cookie': 'token=67bf718208541a8'}</msg>
<var>${headers}</var>
<arg>Content-Type=application/json</arg>
<arg>Accept=application/json</arg>
<arg>Cookie=token=${token}</arg>
<doc>Creates and returns a dictionary based on the given ``items``.</doc>
<status status="PASS" start="2025-05-19T23:43:04.567580" elapsed="0.000274"/>
</kw>
<kw name="Create Session" owner="RequestsLibrary">
<msg time="2025-05-19T23:43:04.568126" level="INFO">Creating Session using : alias=BookerAPI, url=https://restful-booker.herokuapp.com, headers={},                     cookies={}, auth=None, timeout=None, proxies=None, verify=False,                     debug=0 </msg>
<arg>BookerAPI</arg>
<arg>${BASE_URL}</arg>
<doc>Create Session: create a HTTP session to a server</doc>
<status status="PASS" start="2025-05-19T23:43:04.567986" elapsed="0.000340"/>
</kw>
<kw name="PATCH On Session" owner="RequestsLibrary">
<msg time="2025-05-19T23:43:05.024192" level="INFO">PATCH Request : url=https://restful-booker.herokuapp.com/booking/1361 
 path_url=/booking/1361 
 headers={'User-Agent': 'python-requests/2.32.3', 'Accept-Encoding': 'gzip, deflate', 'Accept': 'application/json', 'Connection': 'keep-alive', 'Content-Type': 'application/json', 'Cookie': 'token=67bf718208541a8', 'Content-Length': '0'} 
 body=None 
 </msg>
<msg time="2025-05-19T23:43:05.024521" level="INFO">PATCH Response : url=https://restful-booker.herokuapp.com/booking/1361 
 status=200, reason=OK 
 headers={'Server': 'Cowboy', 'Report-To': '{"group":"heroku-nel","max_age":3600,"endpoints":[{"url":"https://nel.heroku.com/reports?ts=1747708985&amp;sid=c46efe9b-d3d2-4a0c-8c76-bfafa16c5add&amp;s=uoYcIbBPnVpM9OlruCiZPkExKDaM%2FrqsnU0Xh6ehAEM%3D"}]}', 'Reporting-Endpoints': 'heroku-nel=https://nel.heroku.com/reports?ts=1747708985&amp;sid=c46efe9b-d3d2-4a0c-8c76-bfafa16c5add&amp;s=uoYcIbBPnVpM9OlruCiZPkExKDaM%2FrqsnU0Xh6ehAEM%3D', 'Nel': '{"report_to":"heroku-nel","max_age":3600,"success_fraction":0.005,"failure_fraction":0.05,"response_headers":["Via"]}', 'Connection': 'keep-alive', 'X-Powered-By': 'Express', 'Content-Type': 'application/json; charset=utf-8', 'Content-Length': '167', 'Etag': 'W/"a7-JMy197A1MMjVyCJb/RRi5T4quEk"', 'Date': 'Tue, 20 May 2025 02:43:05 GMT', 'Via': '1.1 vegur'} 
 body={"firstname":"John","lastname":"Doe","totalprice":110,"depositpaid":true,"bookingdates":{"checkin":"2018-01-01","checkout":"2019-01-01"},"additionalneeds":"Breakfast"} 
 </msg>
<msg time="2025-05-19T23:43:05.024968" level="INFO">${response} = &lt;Response [200]&gt;</msg>
<var>${response}</var>
<arg>BookerAPI</arg>
<arg>/booking/${booking_id}</arg>
<arg>headers=${headers}</arg>
<doc>Sends a PATCH request on a previously created HTTP Session.</doc>
<status status="PASS" start="2025-05-19T23:43:04.568444" elapsed="0.456618"/>
</kw>
<kw name="Should Be Equal As Integers" owner="BuiltIn">
<msg time="2025-05-19T23:43:05.027553" level="INFO">Argument types are:
&lt;class 'int'&gt;
&lt;class 'str'&gt;</msg>
<arg>${response.status_code}</arg>
<arg>200</arg>
<doc>Fails if objects are unequal after converting them to integers.</doc>
<status status="PASS" start="2025-05-19T23:43:05.025769" elapsed="0.001991"/>
</kw>
<kw name="Log" owner="BuiltIn">
<msg time="2025-05-19T23:43:05.029476" level="INFO">200</msg>
<arg>${response.status_code}</arg>
<doc>Logs the given message with the given level.</doc>
<status status="PASS" start="2025-05-19T23:43:05.028197" elapsed="0.001379"/>
</kw>
<arg>${booking_id}</arg>
<status status="PASS" start="2025-05-19T23:43:04.097485" elapsed="0.932203"/>
</kw>
<status status="PASS" start="2025-05-19T23:43:03.498730" elapsed="1.531202"/>
</test>
<test id="s1-t9" name="Ping status do server" line="35">
<kw name="PING PingHealtCheck" owner="Ping">
<kw name="Criando sessao e obtendo token" owner="_base">
<kw name="Create Session" owner="RequestsLibrary">
<msg time="2025-05-19T23:43:05.031797" level="INFO">Creating Session using : alias=BookerAPI, url=https://restful-booker.herokuapp.com, headers={},                     cookies={}, auth=None, timeout=None, proxies=None, verify=False,                     debug=0 </msg>
<arg>BookerAPI</arg>
<arg>${BASE_URL}</arg>
<doc>Create Session: create a HTTP session to a server</doc>
<status status="PASS" start="2025-05-19T23:43:05.031616" elapsed="0.000653"/>
</kw>
<kw name="Create Dictionary" owner="BuiltIn">
<msg time="2025-05-19T23:43:05.032799" level="INFO">${body} = {'username': 'admin', 'password': 'password123'}</msg>
<var>${body}</var>
<arg>username=${USERNAME}</arg>
<arg>password=${PASSWORD}</arg>
<doc>Creates and returns a dictionary based on the given ``items``.</doc>
<status status="PASS" start="2025-05-19T23:43:05.032445" elapsed="0.000392"/>
</kw>
<kw name="POST On Session" owner="RequestsLibrary">
<msg time="2025-05-19T23:43:05.493282" level="INFO">POST Request : url=https://restful-booker.herokuapp.com/auth 
 path_url=/auth 
 headers={'User-Agent': 'python-requests/2.32.3', 'Accept-Encoding': 'gzip, deflate', 'Accept': '*/*', 'Connection': 'keep-alive', 'Content-Length': '48', 'Content-Type': 'application/json'} 
 body=b'{"username": "admin", "password": "password123"}' 
 </msg>
<msg time="2025-05-19T23:43:05.493627" level="INFO">POST Response : url=https://restful-booker.herokuapp.com/auth 
 status=200, reason=OK 
 headers={'Server': 'Cowboy', 'Report-To': '{"group":"heroku-nel","max_age":3600,"endpoints":[{"url":"https://nel.heroku.com/reports?ts=1747708985&amp;sid=c46efe9b-d3d2-4a0c-8c76-bfafa16c5add&amp;s=uoYcIbBPnVpM9OlruCiZPkExKDaM%2FrqsnU0Xh6ehAEM%3D"}]}', 'Reporting-Endpoints': 'heroku-nel=https://nel.heroku.com/reports?ts=1747708985&amp;sid=c46efe9b-d3d2-4a0c-8c76-bfafa16c5add&amp;s=uoYcIbBPnVpM9OlruCiZPkExKDaM%2FrqsnU0Xh6ehAEM%3D', 'Nel': '{"report_to":"heroku-nel","max_age":3600,"success_fraction":0.005,"failure_fraction":0.05,"response_headers":["Via"]}', 'Connection': 'keep-alive', 'X-Powered-By': 'Express', 'Content-Type': 'application/json; charset=utf-8', 'Content-Length': '27', 'Etag': 'W/"1b-nwNGkK1VGNhfbIvdQNGCVmtq4k8"', 'Date': 'Tue, 20 May 2025 02:43:05 GMT', 'Via': '1.1 vegur'} 
 body={"token":"34a025c022afc64"} 
 </msg>
<msg time="2025-05-19T23:43:05.494124" level="INFO">${response} = &lt;Response [200]&gt;</msg>
<var>${response}</var>
<arg>BookerAPI</arg>
<arg>/auth</arg>
<arg>json=${body}</arg>
<doc>Sends a POST request on a previously created HTTP Session.</doc>
<status status="PASS" start="2025-05-19T23:43:05.032995" elapsed="0.461222"/>
</kw>
<kw name="Should Be Equal As Integers" owner="BuiltIn">
<msg time="2025-05-19T23:43:05.496385" level="INFO">Argument types are:
&lt;class 'int'&gt;
&lt;class 'str'&gt;</msg>
<arg>${response.status_code}</arg>
<arg>200</arg>
<doc>Fails if objects are unequal after converting them to integers.</doc>
<status status="PASS" start="2025-05-19T23:43:05.494952" elapsed="0.001543"/>
</kw>
<kw name="Dictionary Should Contain Key" owner="Collections">
<arg>${response.json()}</arg>
<arg>token</arg>
<doc>Fails if ``key`` is not found from ``dictionary``.</doc>
<status status="PASS" start="2025-05-19T23:43:05.496708" elapsed="0.000716"/>
</kw>
<kw name="Get From Dictionary" owner="Collections">
<msg time="2025-05-19T23:43:05.498246" level="INFO">${token} = 34a025c022afc64</msg>
<var>${token}</var>
<arg>${response.json()}</arg>
<arg>token</arg>
<doc>Returns a value from the given ``dictionary`` based on the given ``key``.</doc>
<status status="PASS" start="2025-05-19T23:43:05.497656" elapsed="0.000626"/>
</kw>
<kw name="Set Variable" owner="BuiltIn">
<msg time="2025-05-19T23:43:05.499041" level="INFO">${status} = 200</msg>
<var>${status}</var>
<arg>${response.status_code}</arg>
<doc>Returns the given values which can then be assigned to a variables.</doc>
<status status="PASS" start="2025-05-19T23:43:05.498464" elapsed="0.000610"/>
</kw>
<return>
<value>${status}</value>
<value>${token}</value>
<status status="PASS" start="2025-05-19T23:43:05.499152" elapsed="0.000091"/>
</return>
<status status="PASS" start="2025-05-19T23:43:05.031318" elapsed="0.468154"/>
</kw>
<kw name="GET On Session" owner="RequestsLibrary">
<msg time="2025-05-19T23:43:05.614566" level="INFO">GET Request : url=https://restful-booker.herokuapp.com/ping 
 path_url=/ping 
 headers={'User-Agent': 'python-requests/2.32.3', 'Accept-Encoding': 'gzip, deflate', 'Accept': '*/*', 'Connection': 'keep-alive'} 
 body=None 
 </msg>
<msg time="2025-05-19T23:43:05.614936" level="INFO">GET Response : url=https://restful-booker.herokuapp.com/ping 
 status=201, reason=Created 
 headers={'Server': 'Cowboy', 'Report-To': '{"group":"heroku-nel","max_age":3600,"endpoints":[{"url":"https://nel.heroku.com/reports?ts=1747708985&amp;sid=c46efe9b-d3d2-4a0c-8c76-bfafa16c5add&amp;s=uoYcIbBPnVpM9OlruCiZPkExKDaM%2FrqsnU0Xh6ehAEM%3D"}]}', 'Reporting-Endpoints': 'heroku-nel=https://nel.heroku.com/reports?ts=1747708985&amp;sid=c46efe9b-d3d2-4a0c-8c76-bfafa16c5add&amp;s=uoYcIbBPnVpM9OlruCiZPkExKDaM%2FrqsnU0Xh6ehAEM%3D', 'Nel': '{"report_to":"heroku-nel","max_age":3600,"success_fraction":0.005,"failure_fraction":0.05,"response_headers":["Via"]}', 'Connection': 'keep-alive', 'X-Powered-By': 'Express', 'Content-Type': 'text/plain; charset=utf-8', 'Content-Length': '7', 'Etag': 'W/"7-rM9AyJuqT6iOan/xHh+AW+7K/T8"', 'Date': 'Tue, 20 May 2025 02:43:05 GMT', 'Via': '1.1 vegur'} 
 body=Created 
 </msg>
<msg time="2025-05-19T23:43:05.615654" level="INFO">${response} = &lt;Response [201]&gt;</msg>
<var>${response}</var>
<arg>BookerAPI</arg>
<arg>/ping</arg>
<doc>Sends a GET request on a previously created HTTP Session.</doc>
<status status="PASS" start="2025-05-19T23:43:05.499636" elapsed="0.116113"/>
</kw>
<kw name="Log To Console" owner="BuiltIn">
<arg>&gt;&gt;&gt; ${response.status_code}</arg>
<doc>Logs the given message to the console.</doc>
<status status="PASS" start="2025-05-19T23:43:05.616511" elapsed="0.001722"/>
</kw>
<status status="PASS" start="2025-05-19T23:43:05.030881" elapsed="0.587483"/>
</kw>
<status status="PASS" start="2025-05-19T23:43:05.030234" elapsed="0.588388"/>
</test>
<status status="PASS" start="2025-05-19T23:42:57.539722" elapsed="8.079657"/>
</suite>
<statistics>
<total>
<stat pass="9" fail="0" skip="0">All Tests</stat>
</total>
<tag>
</tag>
<suite>
<stat name="Tests" id="s1" pass="9" fail="0" skip="0">Tests</stat>
</suite>
</statistics>
<errors>
</errors>
</robot>
